[2018-07-08 21:32:43.506] [sharedprocess] [info] main {"machineId":"d16d425bbd0a56eb1d57e6c8ab5486d545c24427e388bd42a1509d7406574eb6"}
[2018-07-08 21:32:43.531] [sharedprocess] [info] Scanned user extensions: 0
[2018-07-08 21:32:43.555] [sharedprocess] [info] Scanned system extensions: 70
[2018-07-08 21:32:44.544] [sharedprocess] [info] Scanned user extensions: 0
[2018-07-08 21:32:44.545] [sharedprocess] [info] Scanned user extensions: 0
[2018-07-08 21:32:44.546] [sharedprocess] [info] Scanned user extensions: 0
[2018-07-08 21:32:44.591] [sharedprocess] [info] Scanned system extensions: 70
[2018-07-08 21:32:44.592] [sharedprocess] [info] Scanned system extensions: 70
[2018-07-08 21:32:47.344] [sharedprocess] [info] Scanned user extensions: 0
[2018-07-08 21:32:47.824] [sharedprocess] [info] Scanned user extensions: 0
[2018-07-08 21:33:23.510] [sharedprocess] [info] Starting to clean up unused language packs.
[2018-07-08 21:35:37.928] [sharedprocess] [info] Scanned user extensions: 0
[2018-07-08 21:35:37.930] [sharedprocess] [info] Scanned user extensions: 0
[2018-07-08 21:35:37.931] [sharedprocess] [info] Scanned user extensions: 0
[2018-07-08 21:35:37.970] [sharedprocess] [info] Scanned system extensions: 70
[2018-07-08 21:35:37.972] [sharedprocess] [info] Scanned system extensions: 70
[2018-07-08 21:35:40.704] [sharedprocess] [info] Scanned user extensions: 0
[2018-07-08 21:35:40.727] [sharedprocess] [info] Scanned user extensions: 0
[2018-07-08 21:40:40.765] [sharedprocess] [info] Scanned user extensions: 0
[2018-07-08 21:45:40.771] [sharedprocess] [info] Scanned user extensions: 0
[2018-07-08 21:50:40.776] [sharedprocess] [info] Scanned user extensions: 0
[2018-07-08 21:55:40.781] [sharedprocess] [info] Scanned user extensions: 0
[2018-07-08 22:00:40.787] [sharedprocess] [info] Scanned user extensions: 0
[2018-07-08 22:05:40.795] [sharedprocess] [info] Scanned user extensions: 0
[2018-07-08 22:10:40.804] [sharedprocess] [info] Scanned user extensions: 0
[2018-07-08 22:15:40.808] [sharedprocess] [info] Scanned user extensions: 0
[2018-07-08 22:20:40.812] [sharedprocess] [info] Scanned user extensions: 0
[2018-07-08 22:25:40.815] [sharedprocess] [info] Scanned user extensions: 0
[2018-07-08 22:30:40.818] [sharedprocess] [info] Scanned user extensions: 0
[2018-07-08 22:35:40.914] [sharedprocess] [info] Scanned user extensions: 0
[2018-07-08 22:40:40.918] [sharedprocess] [info] Scanned user extensions: 0
[2018-07-08 22:45:40.922] [sharedprocess] [info] Scanned user extensions: 0
[2018-07-08 22:50:40.925] [sharedprocess] [info] Scanned user extensions: 0
[2018-07-08 22:55:40.931] [sharedprocess] [info] Scanned user extensions: 0
[2018-07-08 23:00:40.939] [sharedprocess] [info] Scanned user extensions: 0
[2018-07-08 23:05:40.944] [sharedprocess] [info] Scanned user extensions: 0
[2018-07-08 23:10:40.950] [sharedprocess] [info] Scanned user extensions: 0
[2018-07-08 23:15:40.958] [sharedprocess] [info] Scanned user extensions: 0
[2018-07-08 23:20:40.964] [sharedprocess] [info] Scanned user extensions: 0
[2018-07-08 23:25:40.971] [sharedprocess] [info] Scanned user extensions: 0
[2018-07-08 23:30:40.974] [sharedprocess] [info] Scanned user extensions: 0
[2018-07-08 23:35:41.056] [sharedprocess] [info] Scanned user extensions: 0
[2018-07-08 23:40:41.063] [sharedprocess] [info] Scanned user extensions: 0
[2018-07-08 23:45:41.069] [sharedprocess] [info] Scanned user extensions: 0
[2018-07-08 23:50:41.075] [sharedprocess] [info] Scanned user extensions: 0
[2018-07-08 23:55:41.083] [sharedprocess] [info] Scanned user extensions: 0
[2018-07-09 00:00:41.088] [sharedprocess] [info] Scanned user extensions: 0
[2018-07-09 00:05:41.094] [sharedprocess] [info] Scanned user extensions: 0
[2018-07-09 00:10:41.098] [sharedprocess] [info] Scanned user extensions: 0
[2018-07-09 00:15:41.104] [sharedprocess] [info] Scanned user extensions: 0
[2018-07-09 00:20:41.109] [sharedprocess] [info] Scanned user extensions: 0
[2018-07-09 00:25:41.114] [sharedprocess] [info] Scanned user extensions: 0
[2018-07-09 00:30:41.119] [sharedprocess] [info] Scanned user extensions: 0
[2018-07-09 00:35:41.203] [sharedprocess] [info] Scanned user extensions: 0
[2018-07-09 00:40:41.209] [sharedprocess] [info] Scanned user extensions: 0
[2018-07-09 00:45:41.213] [sharedprocess] [info] Scanned user extensions: 0
[2018-07-09 00:50:41.220] [sharedprocess] [info] Scanned user extensions: 0
[2018-07-09 00:55:41.225] [sharedprocess] [info] Scanned user extensions: 0
[2018-07-09 01:00:41.230] [sharedprocess] [info] Scanned user extensions: 0
[2018-07-09 01:05:41.235] [sharedprocess] [info] Scanned user extensions: 0
[2018-07-09 01:10:41.240] [sharedprocess] [info] Scanned user extensions: 0
[2018-07-09 01:15:41.245] [sharedprocess] [info] Scanned user extensions: 0
[2018-07-09 01:20:41.249] [sharedprocess] [info] Scanned user extensions: 0
[2018-07-09 01:25:41.257] [sharedprocess] [info] Scanned user extensions: 0
[2018-07-09 01:30:41.262] [sharedprocess] [info] Scanned user extensions: 0
[2018-07-09 01:35:41.346] [sharedprocess] [info] Scanned user extensions: 0
[2018-07-09 01:40:41.353] [sharedprocess] [info] Scanned user extensions: 0
[2018-07-09 01:45:41.358] [sharedprocess] [info] Scanned user extensions: 0
[2018-07-09 01:50:41.363] [sharedprocess] [info] Scanned user extensions: 0
[2018-07-09 01:55:41.367] [sharedprocess] [info] Scanned user extensions: 0
[2018-07-09 02:00:41.372] [sharedprocess] [info] Scanned user extensions: 0
[2018-07-09 02:05:41.376] [sharedprocess] [info] Scanned user extensions: 0
[2018-07-09 02:10:41.382] [sharedprocess] [info] Scanned user extensions: 0
[2018-07-09 02:15:41.387] [sharedprocess] [info] Scanned user extensions: 0
[2018-07-09 02:20:41.393] [sharedprocess] [info] Scanned user extensions: 0
[2018-07-09 02:25:41.399] [sharedprocess] [info] Scanned user extensions: 0
[2018-07-09 02:30:41.403] [sharedprocess] [info] Scanned user extensions: 0
[2018-07-09 02:35:41.496] [sharedprocess] [info] Scanned user extensions: 0
[2018-07-09 02:40:41.502] [sharedprocess] [info] Scanned user extensions: 0
[2018-07-09 02:45:41.506] [sharedprocess] [info] Scanned user extensions: 0
[2018-07-09 02:50:41.511] [sharedprocess] [info] Scanned user extensions: 0
[2018-07-09 02:55:41.515] [sharedprocess] [info] Scanned user extensions: 0
[2018-07-09 03:00:41.521] [sharedprocess] [info] Scanned user extensions: 0
[2018-07-09 03:05:41.527] [sharedprocess] [info] Scanned user extensions: 0
[2018-07-09 03:10:41.531] [sharedprocess] [info] Scanned user extensions: 0
[2018-07-09 03:15:41.536] [sharedprocess] [info] Scanned user extensions: 0
[2018-07-09 03:20:41.540] [sharedprocess] [info] Scanned user extensions: 0
[2018-07-09 03:25:41.547] [sharedprocess] [info] Scanned user extensions: 0
[2018-07-09 03:30:41.552] [sharedprocess] [info] Scanned user extensions: 0
[2018-07-09 03:35:41.638] [sharedprocess] [info] Scanned user extensions: 0
[2018-07-09 03:40:41.644] [sharedprocess] [info] Scanned user extensions: 0
[2018-07-09 03:45:41.649] [sharedprocess] [info] Scanned user extensions: 0
[2018-07-09 03:50:41.656] [sharedprocess] [info] Scanned user extensions: 0
[2018-07-09 03:55:41.660] [sharedprocess] [info] Scanned user extensions: 0
[2018-07-09 04:00:41.667] [sharedprocess] [info] Scanned user extensions: 0
[2018-07-09 04:05:41.671] [sharedprocess] [info] Scanned user extensions: 0
[2018-07-09 04:10:41.678] [sharedprocess] [info] Scanned user extensions: 0
[2018-07-09 04:15:41.684] [sharedprocess] [info] Scanned user extensions: 0
[2018-07-09 04:20:41.690] [sharedprocess] [info] Scanned user extensions: 0
[2018-07-09 04:25:41.695] [sharedprocess] [info] Scanned user extensions: 0
[2018-07-09 04:30:41.700] [sharedprocess] [info] Scanned user extensions: 0
[2018-07-09 04:35:41.783] [sharedprocess] [info] Scanned user extensions: 0
[2018-07-09 04:40:41.790] [sharedprocess] [info] Scanned user extensions: 0
[2018-07-09 04:45:41.795] [sharedprocess] [info] Scanned user extensions: 0
[2018-07-09 04:50:41.799] [sharedprocess] [info] Scanned user extensions: 0
[2018-07-09 04:55:41.804] [sharedprocess] [info] Scanned user extensions: 0
[2018-07-09 05:00:41.808] [sharedprocess] [info] Scanned user extensions: 0
[2018-07-09 05:05:41.813] [sharedprocess] [info] Scanned user extensions: 0
[2018-07-09 05:10:41.818] [sharedprocess] [info] Scanned user extensions: 0
[2018-07-09 05:15:41.823] [sharedprocess] [info] Scanned user extensions: 0
[2018-07-09 05:20:41.827] [sharedprocess] [info] Scanned user extensions: 0
[2018-07-09 05:25:41.832] [sharedprocess] [info] Scanned user extensions: 0
[2018-07-09 05:30:41.837] [sharedprocess] [info] Scanned user extensions: 0
[2018-07-09 05:35:41.921] [sharedprocess] [info] Scanned user extensions: 0
[2018-07-09 05:40:41.926] [sharedprocess] [info] Scanned user extensions: 0
[2018-07-09 05:45:41.933] [sharedprocess] [info] Scanned user extensions: 0
[2018-07-09 05:50:41.938] [sharedprocess] [info] Scanned user extensions: 0
[2018-07-09 05:55:41.945] [sharedprocess] [info] Scanned user extensions: 0
[2018-07-09 06:00:41.950] [sharedprocess] [info] Scanned user extensions: 0
[2018-07-09 06:05:41.955] [sharedprocess] [info] Scanned user extensions: 0
[2018-07-09 06:10:41.959] [sharedprocess] [info] Scanned user extensions: 0
[2018-07-09 06:15:41.964] [sharedprocess] [info] Scanned user extensions: 0
[2018-07-09 06:20:41.968] [sharedprocess] [info] Scanned user extensions: 0
[2018-07-09 06:25:41.973] [sharedprocess] [info] Scanned user extensions: 0
[2018-07-09 06:30:41.977] [sharedprocess] [info] Scanned user extensions: 0
[2018-07-09 06:35:42.060] [sharedprocess] [info] Scanned user extensions: 0
[2018-07-09 06:40:42.067] [sharedprocess] [info] Scanned user extensions: 0
[2018-07-09 06:45:42.072] [sharedprocess] [info] Scanned user extensions: 0
[2018-07-09 06:50:42.077] [sharedprocess] [info] Scanned user extensions: 0
[2018-07-09 06:55:42.084] [sharedprocess] [info] Scanned user extensions: 0
[2018-07-09 07:00:42.089] [sharedprocess] [info] Scanned user extensions: 0
[2018-07-09 07:05:42.095] [sharedprocess] [info] Scanned user extensions: 0
[2018-07-09 07:10:42.100] [sharedprocess] [info] Scanned user extensions: 0
[2018-07-09 07:15:42.104] [sharedprocess] [info] Scanned user extensions: 0
[2018-07-09 07:20:42.111] [sharedprocess] [info] Scanned user extensions: 0
[2018-07-09 07:25:42.116] [sharedprocess] [info] Scanned user extensions: 0
[2018-07-09 07:30:42.121] [sharedprocess] [info] Scanned user extensions: 0
[2018-07-09 07:35:42.211] [sharedprocess] [info] Scanned user extensions: 0
[2018-07-09 07:40:42.217] [sharedprocess] [info] Scanned user extensions: 0
[2018-07-09 07:45:42.221] [sharedprocess] [info] Scanned user extensions: 0
[2018-07-09 07:50:42.227] [sharedprocess] [info] Scanned user extensions: 0
[2018-07-09 07:55:42.232] [sharedprocess] [info] Scanned user extensions: 0
[2018-07-09 08:00:42.237] [sharedprocess] [info] Scanned user extensions: 0
[2018-07-09 08:05:42.243] [sharedprocess] [info] Scanned user extensions: 0
[2018-07-09 08:10:42.248] [sharedprocess] [info] Scanned user extensions: 0
[2018-07-09 08:15:42.252] [sharedprocess] [info] Scanned user extensions: 0
[2018-07-09 08:20:42.260] [sharedprocess] [info] Scanned user extensions: 0
[2018-07-09 08:25:42.266] [sharedprocess] [info] Scanned user extensions: 0
[2018-07-09 08:30:42.278] [sharedprocess] [info] Scanned user extensions: 0
[2018-07-09 08:35:42.366] [sharedprocess] [info] Scanned user extensions: 0
[2018-07-09 08:40:42.373] [sharedprocess] [info] Scanned user extensions: 0
[2018-07-09 08:45:42.378] [sharedprocess] [info] Scanned user extensions: 0
[2018-07-09 08:50:42.382] [sharedprocess] [info] Scanned user extensions: 0
[2018-07-09 08:55:42.387] [sharedprocess] [info] Scanned user extensions: 0
[2018-07-09 09:00:42.392] [sharedprocess] [info] Scanned user extensions: 0
[2018-07-09 09:05:42.397] [sharedprocess] [info] Scanned user extensions: 0
[2018-07-09 09:10:42.402] [sharedprocess] [info] Scanned user extensions: 0
[2018-07-09 09:15:42.407] [sharedprocess] [info] Scanned user extensions: 0
[2018-07-09 09:20:42.415] [sharedprocess] [info] Scanned user extensions: 0
[2018-07-09 09:25:42.420] [sharedprocess] [info] Scanned user extensions: 0
[2018-07-09 09:30:42.426] [sharedprocess] [info] Scanned user extensions: 0
[2018-07-09 09:35:42.518] [sharedprocess] [info] Scanned user extensions: 0
[2018-07-09 09:40:42.523] [sharedprocess] [info] Scanned user extensions: 0
[2018-07-09 09:45:42.527] [sharedprocess] [info] Scanned user extensions: 0
[2018-07-09 09:50:42.531] [sharedprocess] [info] Scanned user extensions: 0
[2018-07-09 09:55:42.536] [sharedprocess] [info] Scanned user extensions: 0
[2018-07-09 10:00:42.541] [sharedprocess] [info] Scanned user extensions: 0
[2018-07-09 10:05:42.550] [sharedprocess] [info] Scanned user extensions: 0
[2018-07-09 10:10:42.556] [sharedprocess] [info] Scanned user extensions: 0
[2018-07-09 10:15:42.561] [sharedprocess] [info] Scanned user extensions: 0
[2018-07-09 10:20:42.566] [sharedprocess] [info] Scanned user extensions: 0
[2018-07-09 10:25:42.573] [sharedprocess] [info] Scanned user extensions: 0
[2018-07-09 10:30:42.581] [sharedprocess] [info] Scanned user extensions: 0
[2018-07-09 10:35:42.670] [sharedprocess] [info] Scanned user extensions: 0
[2018-07-09 10:40:42.675] [sharedprocess] [info] Scanned user extensions: 0
[2018-07-09 10:45:42.679] [sharedprocess] [info] Scanned user extensions: 0
[2018-07-09 10:50:42.685] [sharedprocess] [info] Scanned user extensions: 0
[2018-07-09 10:55:42.689] [sharedprocess] [info] Scanned user extensions: 0
[2018-07-09 11:00:42.694] [sharedprocess] [info] Scanned user extensions: 0
[2018-07-09 11:05:42.699] [sharedprocess] [info] Scanned user extensions: 0
[2018-07-09 11:10:42.706] [sharedprocess] [info] Scanned user extensions: 0
[2018-07-09 11:15:42.713] [sharedprocess] [info] Scanned user extensions: 0
[2018-07-09 11:20:42.719] [sharedprocess] [info] Scanned user extensions: 0
[2018-07-09 11:25:42.725] [sharedprocess] [info] Scanned user extensions: 0
[2018-07-09 11:30:42.732] [sharedprocess] [info] Scanned user extensions: 0
[2018-07-09 11:35:42.822] [sharedprocess] [info] Scanned user extensions: 0
[2018-07-09 11:40:42.827] [sharedprocess] [info] Scanned user extensions: 0
[2018-07-09 11:45:42.832] [sharedprocess] [info] Scanned user extensions: 0
[2018-07-09 11:50:42.836] [sharedprocess] [info] Scanned user extensions: 0
[2018-07-09 11:55:42.840] [sharedprocess] [info] Scanned user extensions: 0
[2018-07-09 12:00:42.845] [sharedprocess] [info] Scanned user extensions: 0
[2018-07-09 12:05:42.849] [sharedprocess] [info] Scanned user extensions: 0
[2018-07-09 12:10:42.853] [sharedprocess] [info] Scanned user extensions: 0
[2018-07-09 12:15:42.859] [sharedprocess] [info] Scanned user extensions: 0
[2018-07-09 12:20:42.863] [sharedprocess] [info] Scanned user extensions: 0
[2018-07-09 12:25:42.868] [sharedprocess] [info] Scanned user extensions: 0
[2018-07-09 12:30:42.873] [sharedprocess] [info] Scanned user extensions: 0
[2018-07-09 12:35:42.963] [sharedprocess] [info] Scanned user extensions: 0
[2018-07-09 12:40:42.968] [sharedprocess] [info] Scanned user extensions: 0
[2018-07-09 12:45:42.972] [sharedprocess] [info] Scanned user extensions: 0
[2018-07-09 12:50:42.977] [sharedprocess] [info] Scanned user extensions: 0
[2018-07-09 12:55:42.983] [sharedprocess] [info] Scanned user extensions: 0
[2018-07-09 13:00:42.989] [sharedprocess] [info] Scanned user extensions: 0
[2018-07-09 13:05:42.996] [sharedprocess] [info] Scanned user extensions: 0
[2018-07-09 13:10:43.001] [sharedprocess] [info] Scanned user extensions: 0
[2018-07-09 13:15:43.007] [sharedprocess] [info] Scanned user extensions: 0
[2018-07-09 13:20:43.012] [sharedprocess] [info] Scanned user extensions: 0
[2018-07-09 13:25:43.018] [sharedprocess] [info] Scanned user extensions: 0
[2018-07-09 13:30:43.023] [sharedprocess] [info] Scanned user extensions: 0
[2018-07-09 13:35:43.918] [sharedprocess] [info] Scanned user extensions: 0
[2018-07-09 13:40:43.923] [sharedprocess] [info] Scanned user extensions: 0
[2018-07-09 13:45:43.927] [sharedprocess] [info] Scanned user extensions: 0
[2018-07-09 13:50:43.933] [sharedprocess] [info] Scanned user extensions: 0
[2018-07-09 13:55:43.940] [sharedprocess] [info] Scanned user extensions: 0
[2018-07-09 14:00:43.944] [sharedprocess] [info] Scanned user extensions: 0
[2018-07-09 14:05:43.948] [sharedprocess] [info] Scanned user extensions: 0
[2018-07-09 14:10:43.953] [sharedprocess] [info] Scanned user extensions: 0
[2018-07-09 14:15:43.958] [sharedprocess] [info] Scanned user extensions: 0
[2018-07-09 14:20:43.963] [sharedprocess] [info] Scanned user extensions: 0
[2018-07-09 14:25:43.968] [sharedprocess] [info] Scanned user extensions: 0
[2018-07-09 14:30:43.973] [sharedprocess] [info] Scanned user extensions: 0
[2018-07-09 14:35:44.471] [sharedprocess] [info] Scanned user extensions: 0
[2018-07-09 14:40:44.477] [sharedprocess] [info] Scanned user extensions: 0
[2018-07-09 14:45:44.483] [sharedprocess] [info] Scanned user extensions: 0
[2018-07-09 14:50:44.489] [sharedprocess] [info] Scanned user extensions: 0
[2018-07-09 14:55:44.493] [sharedprocess] [info] Scanned user extensions: 0
[2018-07-09 15:00:44.498] [sharedprocess] [info] Scanned user extensions: 0
[2018-07-09 15:05:44.504] [sharedprocess] [info] Scanned user extensions: 0
[2018-07-09 15:10:44.509] [sharedprocess] [info] Scanned user extensions: 0
[2018-07-09 15:15:44.515] [sharedprocess] [info] Scanned user extensions: 0
[2018-07-09 15:20:44.519] [sharedprocess] [info] Scanned user extensions: 0
[2018-07-09 15:25:44.525] [sharedprocess] [info] Scanned user extensions: 0
[2018-07-09 15:30:44.529] [sharedprocess] [info] Scanned user extensions: 0
[2018-07-09 15:35:45.887] [sharedprocess] [info] Scanned user extensions: 0
[2018-07-09 15:40:45.892] [sharedprocess] [info] Scanned user extensions: 0
[2018-07-09 15:45:45.896] [sharedprocess] [info] Scanned user extensions: 0
[2018-07-09 15:50:45.901] [sharedprocess] [info] Scanned user extensions: 0
[2018-07-09 15:55:45.905] [sharedprocess] [info] Scanned user extensions: 0
[2018-07-09 16:00:45.910] [sharedprocess] [info] Scanned user extensions: 0
[2018-07-09 16:05:45.914] [sharedprocess] [info] Scanned user extensions: 0
[2018-07-09 16:10:45.919] [sharedprocess] [info] Scanned user extensions: 0
[2018-07-09 16:15:45.924] [sharedprocess] [info] Scanned user extensions: 0
[2018-07-09 16:20:45.927] [sharedprocess] [info] Scanned user extensions: 0
[2018-07-09 16:25:45.930] [sharedprocess] [info] Scanned user extensions: 0
[2018-07-09 16:30:45.934] [sharedprocess] [info] Scanned user extensions: 0
[2018-07-09 16:35:47.363] [sharedprocess] [info] Scanned user extensions: 0
[2018-07-09 16:40:47.368] [sharedprocess] [info] Scanned user extensions: 0
[2018-07-09 16:45:47.372] [sharedprocess] [info] Scanned user extensions: 0
[2018-07-09 16:50:47.376] [sharedprocess] [info] Scanned user extensions: 0
[2018-07-09 16:55:47.381] [sharedprocess] [info] Scanned user extensions: 0
[2018-07-09 17:00:47.386] [sharedprocess] [info] Scanned user extensions: 0
[2018-07-09 17:05:47.391] [sharedprocess] [info] Scanned user extensions: 0
[2018-07-09 17:10:47.396] [sharedprocess] [info] Scanned user extensions: 0
[2018-07-09 17:15:47.404] [sharedprocess] [info] Scanned user extensions: 0
[2018-07-09 17:20:47.410] [sharedprocess] [info] Scanned user extensions: 0
[2018-07-09 17:25:47.414] [sharedprocess] [info] Scanned user extensions: 0
[2018-07-09 17:30:47.419] [sharedprocess] [info] Scanned user extensions: 0
[2018-07-09 17:35:47.887] [sharedprocess] [info] Scanned user extensions: 0
[2018-07-09 17:40:47.893] [sharedprocess] [info] Scanned user extensions: 0
[2018-07-09 17:45:47.898] [sharedprocess] [info] Scanned user extensions: 0
[2018-07-09 17:50:47.902] [sharedprocess] [info] Scanned user extensions: 0
[2018-07-09 17:55:47.908] [sharedprocess] [info] Scanned user extensions: 0
[2018-07-09 18:00:47.912] [sharedprocess] [info] Scanned user extensions: 0
[2018-07-09 18:05:47.917] [sharedprocess] [info] Scanned user extensions: 0
[2018-07-09 18:10:47.922] [sharedprocess] [info] Scanned user extensions: 0
[2018-07-09 18:15:47.926] [sharedprocess] [info] Scanned user extensions: 0
[2018-07-09 18:20:47.931] [sharedprocess] [info] Scanned user extensions: 0
[2018-07-09 18:25:47.936] [sharedprocess] [info] Scanned user extensions: 0
[2018-07-09 18:30:47.940] [sharedprocess] [info] Scanned user extensions: 0
[2018-07-09 18:35:48.153] [sharedprocess] [info] Scanned user extensions: 0
[2018-07-09 18:40:48.157] [sharedprocess] [info] Scanned user extensions: 0
[2018-07-09 18:45:48.163] [sharedprocess] [info] Scanned user extensions: 0
[2018-07-09 18:50:48.169] [sharedprocess] [info] Scanned user extensions: 0
[2018-07-09 18:55:48.175] [sharedprocess] [info] Scanned user extensions: 0
[2018-07-09 19:00:48.180] [sharedprocess] [info] Scanned user extensions: 0
[2018-07-09 19:05:48.184] [sharedprocess] [info] Scanned user extensions: 0
[2018-07-09 19:10:48.190] [sharedprocess] [info] Scanned user extensions: 0
[2018-07-09 19:15:48.196] [sharedprocess] [info] Scanned user extensions: 0
[2018-07-09 19:20:48.201] [sharedprocess] [info] Scanned user extensions: 0
[2018-07-09 19:25:48.205] [sharedprocess] [info] Scanned user extensions: 0
[2018-07-09 19:30:48.211] [sharedprocess] [info] Scanned user extensions: 0
[2018-07-09 19:35:49.516] [sharedprocess] [info] Scanned user extensions: 0
[2018-07-09 19:40:49.521] [sharedprocess] [info] Scanned user extensions: 0
[2018-07-09 19:45:49.525] [sharedprocess] [info] Scanned user extensions: 0
[2018-07-09 19:50:49.530] [sharedprocess] [info] Scanned user extensions: 0
[2018-07-09 19:55:49.535] [sharedprocess] [info] Scanned user extensions: 0
[2018-07-09 20:00:49.541] [sharedprocess] [info] Scanned user extensions: 0
[2018-07-09 20:05:49.548] [sharedprocess] [info] Scanned user extensions: 0
[2018-07-09 20:10:49.553] [sharedprocess] [info] Scanned user extensions: 0
[2018-07-09 20:15:49.559] [sharedprocess] [info] Scanned user extensions: 0
[2018-07-09 20:20:49.566] [sharedprocess] [info] Scanned user extensions: 0
[2018-07-09 20:25:49.572] [sharedprocess] [info] Scanned user extensions: 0
[2018-07-09 20:30:49.580] [sharedprocess] [info] Scanned user extensions: 0
[2018-07-09 20:35:50.955] [sharedprocess] [info] Scanned user extensions: 0
[2018-07-09 20:40:50.960] [sharedprocess] [info] Scanned user extensions: 0
[2018-07-09 20:45:50.964] [sharedprocess] [info] Scanned user extensions: 0
[2018-07-09 20:50:50.969] [sharedprocess] [info] Scanned user extensions: 0
[2018-07-09 20:55:50.973] [sharedprocess] [info] Scanned user extensions: 0
[2018-07-09 21:00:50.979] [sharedprocess] [info] Scanned user extensions: 0
[2018-07-09 21:05:50.985] [sharedprocess] [info] Scanned user extensions: 0
[2018-07-09 21:10:50.988] [sharedprocess] [info] Scanned user extensions: 0
[2018-07-09 21:15:50.991] [sharedprocess] [info] Scanned user extensions: 0
[2018-07-09 21:20:50.996] [sharedprocess] [info] Scanned user extensions: 0
[2018-07-09 21:25:51.002] [sharedprocess] [info] Scanned user extensions: 0
[2018-07-09 21:30:51.007] [sharedprocess] [info] Scanned user extensions: 0
[2018-07-09 21:35:52.067] [sharedprocess] [info] Scanned user extensions: 0
[2018-07-09 21:40:52.072] [sharedprocess] [info] Scanned user extensions: 0
[2018-07-09 21:45:52.077] [sharedprocess] [info] Scanned user extensions: 0
[2018-07-09 21:50:52.083] [sharedprocess] [info] Scanned user extensions: 0
[2018-07-09 21:55:52.088] [sharedprocess] [info] Scanned user extensions: 0
[2018-07-09 22:00:52.092] [sharedprocess] [info] Scanned user extensions: 0
[2018-07-09 22:05:52.096] [sharedprocess] [info] Scanned user extensions: 0
[2018-07-09 22:10:52.102] [sharedprocess] [info] Scanned user extensions: 0
[2018-07-09 22:15:52.106] [sharedprocess] [info] Scanned user extensions: 0
[2018-07-09 22:20:52.111] [sharedprocess] [info] Scanned user extensions: 0
[2018-07-09 22:25:52.115] [sharedprocess] [info] Scanned user extensions: 0
[2018-07-09 22:30:52.121] [sharedprocess] [info] Scanned user extensions: 0
[2018-07-09 22:35:52.207] [sharedprocess] [info] Scanned user extensions: 0
[2018-07-09 22:40:52.211] [sharedprocess] [info] Scanned user extensions: 0
[2018-07-09 22:45:52.217] [sharedprocess] [info] Scanned user extensions: 0
[2018-07-09 22:50:52.220] [sharedprocess] [info] Scanned user extensions: 0
[2018-07-09 22:55:52.225] [sharedprocess] [info] Scanned user extensions: 0
[2018-07-09 23:00:52.230] [sharedprocess] [info] Scanned user extensions: 0
[2018-07-09 23:05:52.232] [sharedprocess] [info] Scanned user extensions: 0
[2018-07-09 23:10:52.239] [sharedprocess] [info] Scanned user extensions: 0
[2018-07-09 23:15:52.245] [sharedprocess] [info] Scanned user extensions: 0
[2018-07-09 23:20:52.252] [sharedprocess] [info] Scanned user extensions: 0
[2018-07-09 23:25:52.256] [sharedprocess] [info] Scanned user extensions: 0
[2018-07-09 23:30:52.263] [sharedprocess] [info] Scanned user extensions: 0
[2018-07-09 23:35:53.563] [sharedprocess] [info] Scanned user extensions: 0
[2018-07-09 23:40:53.569] [sharedprocess] [info] Scanned user extensions: 0
[2018-07-09 23:45:53.577] [sharedprocess] [info] Scanned user extensions: 0
[2018-07-09 23:50:53.583] [sharedprocess] [info] Scanned user extensions: 0
[2018-07-09 23:55:53.590] [sharedprocess] [info] Scanned user extensions: 0
[2018-07-10 00:00:53.597] [sharedprocess] [info] Scanned user extensions: 0
[2018-07-10 00:05:53.604] [sharedprocess] [info] Scanned user extensions: 0
[2018-07-10 00:10:53.610] [sharedprocess] [info] Scanned user extensions: 0
[2018-07-10 00:15:53.616] [sharedprocess] [info] Scanned user extensions: 0
[2018-07-10 00:20:53.623] [sharedprocess] [info] Scanned user extensions: 0
[2018-07-10 00:25:53.630] [sharedprocess] [info] Scanned user extensions: 0
[2018-07-10 00:30:53.636] [sharedprocess] [info] Scanned user extensions: 0
[2018-07-10 00:35:53.722] [sharedprocess] [info] Scanned user extensions: 0
[2018-07-10 00:40:53.728] [sharedprocess] [info] Scanned user extensions: 0
[2018-07-10 00:45:53.735] [sharedprocess] [info] Scanned user extensions: 0
[2018-07-10 00:50:53.741] [sharedprocess] [info] Scanned user extensions: 0
[2018-07-10 00:55:53.748] [sharedprocess] [info] Scanned user extensions: 0
[2018-07-10 01:00:53.754] [sharedprocess] [info] Scanned user extensions: 0
[2018-07-10 01:05:53.760] [sharedprocess] [info] Scanned user extensions: 0
[2018-07-10 01:10:53.765] [sharedprocess] [info] Scanned user extensions: 0
[2018-07-10 01:15:53.769] [sharedprocess] [info] Scanned user extensions: 0
[2018-07-10 01:20:53.774] [sharedprocess] [info] Scanned user extensions: 0
[2018-07-10 01:25:53.779] [sharedprocess] [info] Scanned user extensions: 0
[2018-07-10 01:30:53.787] [sharedprocess] [info] Scanned user extensions: 0
[2018-07-10 01:35:53.872] [sharedprocess] [info] Scanned user extensions: 0
[2018-07-10 01:40:53.877] [sharedprocess] [info] Scanned user extensions: 0
[2018-07-10 01:45:53.882] [sharedprocess] [info] Scanned user extensions: 0
[2018-07-10 01:50:53.889] [sharedprocess] [info] Scanned user extensions: 0
[2018-07-10 01:55:53.895] [sharedprocess] [info] Scanned user extensions: 0
[2018-07-10 02:00:53.901] [sharedprocess] [info] Scanned user extensions: 0
[2018-07-10 02:05:53.906] [sharedprocess] [info] Scanned user extensions: 0
[2018-07-10 02:10:53.912] [sharedprocess] [info] Scanned user extensions: 0
[2018-07-10 02:15:53.917] [sharedprocess] [info] Scanned user extensions: 0
[2018-07-10 02:20:53.925] [sharedprocess] [info] Scanned user extensions: 0
[2018-07-10 02:25:53.930] [sharedprocess] [info] Scanned user extensions: 0
[2018-07-10 02:30:53.936] [sharedprocess] [info] Scanned user extensions: 0
[2018-07-10 02:35:54.023] [sharedprocess] [info] Scanned user extensions: 0
[2018-07-10 02:40:54.029] [sharedprocess] [info] Scanned user extensions: 0
[2018-07-10 02:45:54.035] [sharedprocess] [info] Scanned user extensions: 0
[2018-07-10 02:50:54.040] [sharedprocess] [info] Scanned user extensions: 0
[2018-07-10 02:55:54.045] [sharedprocess] [info] Scanned user extensions: 0
[2018-07-10 03:00:54.051] [sharedprocess] [info] Scanned user extensions: 0
[2018-07-10 03:05:54.057] [sharedprocess] [info] Scanned user extensions: 0
[2018-07-10 03:10:54.065] [sharedprocess] [info] Scanned user extensions: 0
[2018-07-10 03:15:54.072] [sharedprocess] [info] Scanned user extensions: 0
[2018-07-10 03:20:54.076] [sharedprocess] [info] Scanned user extensions: 0
[2018-07-10 03:25:54.082] [sharedprocess] [info] Scanned user extensions: 0
[2018-07-10 03:30:54.089] [sharedprocess] [info] Scanned user extensions: 0
[2018-07-10 03:35:54.168] [sharedprocess] [info] Scanned user extensions: 0
[2018-07-10 03:40:54.175] [sharedprocess] [info] Scanned user extensions: 0
[2018-07-10 03:45:54.182] [sharedprocess] [info] Scanned user extensions: 0
[2018-07-10 03:50:54.188] [sharedprocess] [info] Scanned user extensions: 0
[2018-07-10 03:55:54.195] [sharedprocess] [info] Scanned user extensions: 0
[2018-07-10 04:00:54.202] [sharedprocess] [info] Scanned user extensions: 0
[2018-07-10 04:05:54.209] [sharedprocess] [info] Scanned user extensions: 0
[2018-07-10 04:10:54.215] [sharedprocess] [info] Scanned user extensions: 0
[2018-07-10 04:15:54.221] [sharedprocess] [info] Scanned user extensions: 0
[2018-07-10 04:20:54.228] [sharedprocess] [info] Scanned user extensions: 0
[2018-07-10 04:25:54.235] [sharedprocess] [info] Scanned user extensions: 0
[2018-07-10 04:30:54.241] [sharedprocess] [info] Scanned user extensions: 0
[2018-07-10 04:35:54.324] [sharedprocess] [info] Scanned user extensions: 0
[2018-07-10 04:40:54.328] [sharedprocess] [info] Scanned user extensions: 0
[2018-07-10 04:45:54.332] [sharedprocess] [info] Scanned user extensions: 0
[2018-07-10 04:50:54.340] [sharedprocess] [info] Scanned user extensions: 0
[2018-07-10 04:55:54.346] [sharedprocess] [info] Scanned user extensions: 0
[2018-07-10 05:00:54.352] [sharedprocess] [info] Scanned user extensions: 0
[2018-07-10 05:05:54.358] [sharedprocess] [info] Scanned user extensions: 0
[2018-07-10 05:10:54.364] [sharedprocess] [info] Scanned user extensions: 0
[2018-07-10 05:15:54.369] [sharedprocess] [info] Scanned user extensions: 0
[2018-07-10 05:20:54.376] [sharedprocess] [info] Scanned user extensions: 0
[2018-07-10 05:25:54.383] [sharedprocess] [info] Scanned user extensions: 0
[2018-07-10 05:30:54.395] [sharedprocess] [info] Scanned user extensions: 0
[2018-07-10 05:35:54.489] [sharedprocess] [info] Scanned user extensions: 0
[2018-07-10 05:40:54.494] [sharedprocess] [info] Scanned user extensions: 0
[2018-07-10 05:45:54.500] [sharedprocess] [info] Scanned user extensions: 0
[2018-07-10 05:50:54.507] [sharedprocess] [info] Scanned user extensions: 0
[2018-07-10 05:55:54.514] [sharedprocess] [info] Scanned user extensions: 0
[2018-07-10 06:00:54.519] [sharedprocess] [info] Scanned user extensions: 0
[2018-07-10 06:05:54.526] [sharedprocess] [info] Scanned user extensions: 0
[2018-07-10 06:10:54.534] [sharedprocess] [info] Scanned user extensions: 0
[2018-07-10 06:15:54.541] [sharedprocess] [info] Scanned user extensions: 0
[2018-07-10 06:20:54.548] [sharedprocess] [info] Scanned user extensions: 0
[2018-07-10 06:25:54.555] [sharedprocess] [info] Scanned user extensions: 0
[2018-07-10 06:30:54.562] [sharedprocess] [info] Scanned user extensions: 0
[2018-07-10 06:35:54.647] [sharedprocess] [info] Scanned user extensions: 0
[2018-07-10 06:40:54.654] [sharedprocess] [info] Scanned user extensions: 0
[2018-07-10 06:45:54.661] [sharedprocess] [info] Scanned user extensions: 0
[2018-07-10 06:50:54.666] [sharedprocess] [info] Scanned user extensions: 0
[2018-07-10 06:55:54.673] [sharedprocess] [info] Scanned user extensions: 0
[2018-07-10 07:00:54.680] [sharedprocess] [info] Scanned user extensions: 0
[2018-07-10 07:05:54.688] [sharedprocess] [info] Scanned user extensions: 0
[2018-07-10 07:10:54.697] [sharedprocess] [info] Scanned user extensions: 0
[2018-07-10 07:15:54.704] [sharedprocess] [info] Scanned user extensions: 0
[2018-07-10 07:20:54.710] [sharedprocess] [info] Scanned user extensions: 0
[2018-07-10 07:25:54.717] [sharedprocess] [info] Scanned user extensions: 0
[2018-07-10 07:30:54.723] [sharedprocess] [info] Scanned user extensions: 0
[2018-07-10 07:35:54.805] [sharedprocess] [info] Scanned user extensions: 0
[2018-07-10 07:40:54.811] [sharedprocess] [info] Scanned user extensions: 0
[2018-07-10 07:45:54.817] [sharedprocess] [info] Scanned user extensions: 0
[2018-07-10 07:50:54.824] [sharedprocess] [info] Scanned user extensions: 0
[2018-07-10 07:55:54.831] [sharedprocess] [info] Scanned user extensions: 0
[2018-07-10 08:00:54.837] [sharedprocess] [info] Scanned user extensions: 0
[2018-07-10 08:05:54.842] [sharedprocess] [info] Scanned user extensions: 0
[2018-07-10 08:10:54.848] [sharedprocess] [info] Scanned user extensions: 0
[2018-07-10 08:15:54.856] [sharedprocess] [info] Scanned user extensions: 0
[2018-07-10 08:20:54.861] [sharedprocess] [info] Scanned user extensions: 0
[2018-07-10 08:25:54.866] [sharedprocess] [info] Scanned user extensions: 0
[2018-07-10 08:30:54.872] [sharedprocess] [info] Scanned user extensions: 0
[2018-07-10 08:35:55.994] [sharedprocess] [info] Scanned user extensions: 0
[2018-07-10 08:40:56.001] [sharedprocess] [info] Scanned user extensions: 0
[2018-07-10 08:45:56.008] [sharedprocess] [info] Scanned user extensions: 0
[2018-07-10 08:50:56.014] [sharedprocess] [info] Scanned user extensions: 0
[2018-07-10 08:55:56.022] [sharedprocess] [info] Scanned user extensions: 0
[2018-07-10 09:00:56.027] [sharedprocess] [info] Scanned user extensions: 0
[2018-07-10 09:05:56.033] [sharedprocess] [info] Scanned user extensions: 0
[2018-07-10 09:10:56.044] [sharedprocess] [info] Scanned user extensions: 0
[2018-07-10 09:15:56.050] [sharedprocess] [info] Scanned user extensions: 0
[2018-07-10 09:20:56.055] [sharedprocess] [info] Scanned user extensions: 0
[2018-07-10 09:25:56.060] [sharedprocess] [info] Scanned user extensions: 0
[2018-07-10 09:30:56.069] [sharedprocess] [info] Scanned user extensions: 0
[2018-07-10 09:35:57.170] [sharedprocess] [info] Scanned user extensions: 0
[2018-07-10 09:40:57.178] [sharedprocess] [info] Scanned user extensions: 0
[2018-07-10 09:45:57.182] [sharedprocess] [info] Scanned user extensions: 0
[2018-07-10 09:50:57.189] [sharedprocess] [info] Scanned user extensions: 0
[2018-07-10 09:55:57.196] [sharedprocess] [info] Scanned user extensions: 0
[2018-07-10 10:00:57.201] [sharedprocess] [info] Scanned user extensions: 0
[2018-07-10 10:05:57.206] [sharedprocess] [info] Scanned user extensions: 0
[2018-07-10 10:10:57.214] [sharedprocess] [info] Scanned user extensions: 0
[2018-07-10 10:15:57.222] [sharedprocess] [info] Scanned user extensions: 0
[2018-07-10 10:20:57.229] [sharedprocess] [info] Scanned user extensions: 0
[2018-07-10 10:25:57.236] [sharedprocess] [info] Scanned user extensions: 0
[2018-07-10 10:30:57.242] [sharedprocess] [info] Scanned user extensions: 0
[2018-07-10 10:35:57.656] [sharedprocess] [info] Scanned user extensions: 0
[2018-07-10 10:40:57.662] [sharedprocess] [info] Scanned user extensions: 0
[2018-07-10 10:45:57.669] [sharedprocess] [info] Scanned user extensions: 0
[2018-07-10 10:50:57.674] [sharedprocess] [info] Scanned user extensions: 0
[2018-07-10 10:55:57.681] [sharedprocess] [info] Scanned user extensions: 0
[2018-07-10 11:00:57.692] [sharedprocess] [info] Scanned user extensions: 0
[2018-07-10 11:05:57.701] [sharedprocess] [info] Scanned user extensions: 0
[2018-07-10 11:10:57.708] [sharedprocess] [info] Scanned user extensions: 0
[2018-07-10 11:15:57.715] [sharedprocess] [info] Scanned user extensions: 0
[2018-07-10 11:20:57.722] [sharedprocess] [info] Scanned user extensions: 0
[2018-07-10 11:25:57.728] [sharedprocess] [info] Scanned user extensions: 0
[2018-07-10 11:30:57.735] [sharedprocess] [info] Scanned user extensions: 0
[2018-07-10 11:35:58.977] [sharedprocess] [info] Scanned user extensions: 0
[2018-07-10 11:40:58.983] [sharedprocess] [info] Scanned user extensions: 0
[2018-07-10 11:45:58.992] [sharedprocess] [info] Scanned user extensions: 0
[2018-07-10 11:50:58.998] [sharedprocess] [info] Scanned user extensions: 0
[2018-07-10 11:55:59.003] [sharedprocess] [info] Scanned user extensions: 0
[2018-07-10 12:00:59.009] [sharedprocess] [info] Scanned user extensions: 0
[2018-07-10 12:05:59.015] [sharedprocess] [info] Scanned user extensions: 0
[2018-07-10 12:10:59.024] [sharedprocess] [info] Scanned user extensions: 0
[2018-07-10 12:15:59.031] [sharedprocess] [info] Scanned user extensions: 0
[2018-07-10 12:20:59.038] [sharedprocess] [info] Scanned user extensions: 0
[2018-07-10 12:25:59.044] [sharedprocess] [info] Scanned user extensions: 0
[2018-07-10 12:30:59.055] [sharedprocess] [info] Scanned user extensions: 0
[2018-07-10 12:35:59.144] [sharedprocess] [info] Scanned user extensions: 0
[2018-07-10 12:40:59.150] [sharedprocess] [info] Scanned user extensions: 0
[2018-07-10 12:45:59.156] [sharedprocess] [info] Scanned user extensions: 0
[2018-07-10 12:50:59.163] [sharedprocess] [info] Scanned user extensions: 0
[2018-07-10 12:55:59.168] [sharedprocess] [info] Scanned user extensions: 0
[2018-07-10 13:00:59.175] [sharedprocess] [info] Scanned user extensions: 0
[2018-07-10 13:05:59.182] [sharedprocess] [info] Scanned user extensions: 0
[2018-07-10 13:10:59.188] [sharedprocess] [info] Scanned user extensions: 0
[2018-07-10 13:15:59.196] [sharedprocess] [info] Scanned user extensions: 0
[2018-07-10 13:20:59.203] [sharedprocess] [info] Scanned user extensions: 0
[2018-07-10 13:25:59.210] [sharedprocess] [info] Scanned user extensions: 0
[2018-07-10 13:30:59.218] [sharedprocess] [info] Scanned user extensions: 0
[2018-07-10 13:35:59.998] [sharedprocess] [info] Scanned user extensions: 0
[2018-07-10 13:41:00.005] [sharedprocess] [info] Scanned user extensions: 0
[2018-07-10 13:46:00.014] [sharedprocess] [info] Scanned user extensions: 0
[2018-07-10 13:51:00.020] [sharedprocess] [info] Scanned user extensions: 0
[2018-07-10 13:56:00.027] [sharedprocess] [info] Scanned user extensions: 0
[2018-07-10 14:01:00.034] [sharedprocess] [info] Scanned user extensions: 0
[2018-07-10 14:06:00.041] [sharedprocess] [info] Scanned user extensions: 0
[2018-07-10 14:11:00.047] [sharedprocess] [info] Scanned user extensions: 0
[2018-07-10 14:16:00.053] [sharedprocess] [info] Scanned user extensions: 0
[2018-07-10 14:21:00.059] [sharedprocess] [info] Scanned user extensions: 0
[2018-07-10 14:26:00.065] [sharedprocess] [info] Scanned user extensions: 0
[2018-07-10 14:31:00.072] [sharedprocess] [info] Scanned user extensions: 0
[2018-07-10 14:36:00.470] [sharedprocess] [info] Scanned user extensions: 0
[2018-07-10 14:41:00.476] [sharedprocess] [info] Scanned user extensions: 0
[2018-07-10 14:46:00.483] [sharedprocess] [info] Scanned user extensions: 0
[2018-07-10 14:51:00.491] [sharedprocess] [info] Scanned user extensions: 0
[2018-07-10 14:56:00.497] [sharedprocess] [info] Scanned user extensions: 0
[2018-07-10 15:01:00.504] [sharedprocess] [info] Scanned user extensions: 0
[2018-07-10 15:06:00.510] [sharedprocess] [info] Scanned user extensions: 0
[2018-07-10 15:11:00.515] [sharedprocess] [info] Scanned user extensions: 0
[2018-07-10 15:16:00.520] [sharedprocess] [info] Scanned user extensions: 0
[2018-07-10 15:21:00.527] [sharedprocess] [info] Scanned user extensions: 0
[2018-07-10 15:26:00.533] [sharedprocess] [info] Scanned user extensions: 0
[2018-07-10 15:31:00.538] [sharedprocess] [info] Scanned user extensions: 0
[2018-07-10 15:36:00.618] [sharedprocess] [info] Scanned user extensions: 0
[2018-07-10 15:41:00.623] [sharedprocess] [info] Scanned user extensions: 0
[2018-07-10 15:46:00.628] [sharedprocess] [info] Scanned user extensions: 0
[2018-07-10 15:51:00.635] [sharedprocess] [info] Scanned user extensions: 0
[2018-07-10 15:56:00.642] [sharedprocess] [info] Scanned user extensions: 0
[2018-07-10 16:01:00.648] [sharedprocess] [info] Scanned user extensions: 0
[2018-07-10 16:06:00.655] [sharedprocess] [info] Scanned user extensions: 0
[2018-07-10 16:11:00.660] [sharedprocess] [info] Scanned user extensions: 0
[2018-07-10 16:16:00.668] [sharedprocess] [info] Scanned user extensions: 0
[2018-07-10 16:21:00.671] [sharedprocess] [info] Scanned user extensions: 0
[2018-07-10 16:26:00.681] [sharedprocess] [info] Scanned user extensions: 0
[2018-07-10 16:31:00.697] [sharedprocess] [info] Scanned user extensions: 0
[2018-07-10 16:36:00.782] [sharedprocess] [info] Scanned user extensions: 0
[2018-07-10 16:41:00.787] [sharedprocess] [info] Scanned user extensions: 0
[2018-07-10 16:46:00.793] [sharedprocess] [info] Scanned user extensions: 0
[2018-07-10 16:51:00.800] [sharedprocess] [info] Scanned user extensions: 0
[2018-07-10 16:56:00.806] [sharedprocess] [info] Scanned user extensions: 0
[2018-07-10 17:01:00.812] [sharedprocess] [info] Scanned user extensions: 0
[2018-07-10 17:06:00.818] [sharedprocess] [info] Scanned user extensions: 0
[2018-07-10 17:11:00.824] [sharedprocess] [info] Scanned user extensions: 0
[2018-07-10 17:16:00.831] [sharedprocess] [info] Scanned user extensions: 0
[2018-07-10 17:21:00.836] [sharedprocess] [info] Scanned user extensions: 0
[2018-07-10 17:26:00.841] [sharedprocess] [info] Scanned user extensions: 0
[2018-07-10 17:31:00.846] [sharedprocess] [info] Scanned user extensions: 0
[2018-07-10 17:36:00.934] [sharedprocess] [info] Scanned user extensions: 0
[2018-07-10 17:41:00.939] [sharedprocess] [info] Scanned user extensions: 0
[2018-07-10 17:46:00.945] [sharedprocess] [info] Scanned user extensions: 0
[2018-07-10 17:51:00.951] [sharedprocess] [info] Scanned user extensions: 0
[2018-07-10 17:56:00.956] [sharedprocess] [info] Scanned user extensions: 0
[2018-07-10 18:01:00.962] [sharedprocess] [info] Scanned user extensions: 0
[2018-07-10 18:06:00.968] [sharedprocess] [info] Scanned user extensions: 0
[2018-07-10 18:11:00.973] [sharedprocess] [info] Scanned user extensions: 0
[2018-07-10 18:16:00.979] [sharedprocess] [info] Scanned user extensions: 0
[2018-07-10 18:21:00.985] [sharedprocess] [info] Scanned user extensions: 0
[2018-07-10 18:26:00.992] [sharedprocess] [info] Scanned user extensions: 0
[2018-07-10 18:31:00.997] [sharedprocess] [info] Scanned user extensions: 0
[2018-07-10 18:36:02.359] [sharedprocess] [info] Scanned user extensions: 0
[2018-07-10 18:41:02.365] [sharedprocess] [info] Scanned user extensions: 0
[2018-07-10 18:46:02.370] [sharedprocess] [info] Scanned user extensions: 0
[2018-07-10 18:51:02.376] [sharedprocess] [info] Scanned user extensions: 0
[2018-07-10 18:56:02.382] [sharedprocess] [info] Scanned user extensions: 0
[2018-07-10 19:01:02.388] [sharedprocess] [info] Scanned user extensions: 0
[2018-07-10 19:06:02.393] [sharedprocess] [info] Scanned user extensions: 0
[2018-07-10 19:11:02.399] [sharedprocess] [info] Scanned user extensions: 0
[2018-07-10 19:16:02.407] [sharedprocess] [info] Scanned user extensions: 0
[2018-07-10 19:21:02.413] [sharedprocess] [info] Scanned user extensions: 0
[2018-07-10 19:26:02.419] [sharedprocess] [info] Scanned user extensions: 0
[2018-07-10 19:31:02.428] [sharedprocess] [info] Scanned user extensions: 0
[2018-07-10 19:36:02.521] [sharedprocess] [info] Scanned user extensions: 0
[2018-07-10 19:41:02.528] [sharedprocess] [info] Scanned user extensions: 0
[2018-07-10 19:46:02.534] [sharedprocess] [info] Scanned user extensions: 0
[2018-07-10 19:51:02.541] [sharedprocess] [info] Scanned user extensions: 0
[2018-07-10 19:56:02.547] [sharedprocess] [info] Scanned user extensions: 0
[2018-07-10 20:01:02.553] [sharedprocess] [info] Scanned user extensions: 0
[2018-07-10 20:06:02.560] [sharedprocess] [info] Scanned user extensions: 0
[2018-07-10 20:11:02.567] [sharedprocess] [info] Scanned user extensions: 0
[2018-07-10 20:16:02.573] [sharedprocess] [info] Scanned user extensions: 0
[2018-07-10 20:21:02.581] [sharedprocess] [info] Scanned user extensions: 0
[2018-07-10 20:26:02.587] [sharedprocess] [info] Scanned user extensions: 0
[2018-07-10 20:31:02.592] [sharedprocess] [info] Scanned user extensions: 0
[2018-07-10 20:36:02.678] [sharedprocess] [info] Scanned user extensions: 0
[2018-07-10 20:41:02.683] [sharedprocess] [info] Scanned user extensions: 0
[2018-07-10 20:46:02.690] [sharedprocess] [info] Scanned user extensions: 0
[2018-07-10 20:51:02.696] [sharedprocess] [info] Scanned user extensions: 0
[2018-07-10 20:56:02.701] [sharedprocess] [info] Scanned user extensions: 0
[2018-07-10 21:01:02.709] [sharedprocess] [info] Scanned user extensions: 0
[2018-07-10 21:06:02.716] [sharedprocess] [info] Scanned user extensions: 0
[2018-07-10 21:11:02.722] [sharedprocess] [info] Scanned user extensions: 0
[2018-07-10 21:16:02.729] [sharedprocess] [info] Scanned user extensions: 0
[2018-07-10 21:21:02.735] [sharedprocess] [info] Scanned user extensions: 0
[2018-07-10 21:26:02.742] [sharedprocess] [info] Scanned user extensions: 0
[2018-07-10 21:31:02.749] [sharedprocess] [info] Scanned user extensions: 0
[2018-07-10 21:36:02.847] [sharedprocess] [info] Scanned user extensions: 0
[2018-07-10 21:41:02.853] [sharedprocess] [info] Scanned user extensions: 0
[2018-07-10 21:46:02.857] [sharedprocess] [info] Scanned user extensions: 0
[2018-07-10 21:51:02.862] [sharedprocess] [info] Scanned user extensions: 0
[2018-07-10 21:56:02.870] [sharedprocess] [info] Scanned user extensions: 0
[2018-07-10 22:01:02.877] [sharedprocess] [info] Scanned user extensions: 0
[2018-07-10 22:06:02.881] [sharedprocess] [info] Scanned user extensions: 0
[2018-07-10 22:11:02.886] [sharedprocess] [info] Scanned user extensions: 0
[2018-07-10 22:16:02.890] [sharedprocess] [info] Scanned user extensions: 0
[2018-07-10 22:21:02.893] [sharedprocess] [info] Scanned user extensions: 0
[2018-07-10 22:26:02.896] [sharedprocess] [info] Scanned user extensions: 0
[2018-07-10 22:31:02.900] [sharedprocess] [info] Scanned user extensions: 0
[2018-07-10 22:36:03.916] [sharedprocess] [info] Scanned user extensions: 0
[2018-07-10 22:41:03.919] [sharedprocess] [info] Scanned user extensions: 0
[2018-07-10 22:46:03.921] [sharedprocess] [info] Scanned user extensions: 0
