[2018-07-11 20:15:54.765] [sharedprocess] [info] main {"machineId":"d16d425bbd0a56eb1d57e6c8ab5486d545c24427e388bd42a1509d7406574eb6"}
[2018-07-11 20:15:54.811] [sharedprocess] [info] Scanned user extensions: 0
[2018-07-11 20:15:54.836] [sharedprocess] [info] Scanned system extensions: 70
[2018-07-11 20:15:55.219] [sharedprocess] [info] Scanned user extensions: 0
[2018-07-11 20:15:55.219] [sharedprocess] [info] Scanned user extensions: 0
[2018-07-11 20:15:55.240] [sharedprocess] [info] Scanned system extensions: 70
[2018-07-11 20:15:58.295] [sharedprocess] [info] Scanned user extensions: 0
[2018-07-11 20:15:58.376] [sharedprocess] [info] Scanned user extensions: 0
[2018-07-11 20:16:34.768] [sharedprocess] [info] Starting to clean up unused language packs.
[2018-07-11 20:20:58.382] [sharedprocess] [info] Scanned user extensions: 0
[2018-07-11 20:25:58.388] [sharedprocess] [info] Scanned user extensions: 0
[2018-07-11 20:30:58.392] [sharedprocess] [info] Scanned user extensions: 0
[2018-07-11 20:35:58.396] [sharedprocess] [info] Scanned user extensions: 0
[2018-07-11 20:40:58.401] [sharedprocess] [info] Scanned user extensions: 0
[2018-07-11 20:45:58.406] [sharedprocess] [info] Scanned user extensions: 0
[2018-07-11 20:50:58.410] [sharedprocess] [info] Scanned user extensions: 0
[2018-07-11 20:55:58.413] [sharedprocess] [info] Scanned user extensions: 0
[2018-07-11 21:00:58.417] [sharedprocess] [info] Scanned user extensions: 0
[2018-07-11 21:05:58.419] [sharedprocess] [info] Scanned user extensions: 0
[2018-07-11 21:10:58.425] [sharedprocess] [info] Scanned user extensions: 0
[2018-07-11 21:15:58.509] [sharedprocess] [info] Scanned user extensions: 0
[2018-07-11 21:20:58.512] [sharedprocess] [info] Scanned user extensions: 0
[2018-07-11 21:25:58.515] [sharedprocess] [info] Scanned user extensions: 0
[2018-07-11 21:30:58.519] [sharedprocess] [info] Scanned user extensions: 0
[2018-07-11 21:35:58.522] [sharedprocess] [info] Scanned user extensions: 0
[2018-07-11 21:40:58.527] [sharedprocess] [info] Scanned user extensions: 0
[2018-07-11 21:45:58.530] [sharedprocess] [info] Scanned user extensions: 0
[2018-07-11 21:50:58.532] [sharedprocess] [info] Scanned user extensions: 0
[2018-07-11 21:55:58.536] [sharedprocess] [info] Scanned user extensions: 0
[2018-07-11 22:00:58.541] [sharedprocess] [info] Scanned user extensions: 0
[2018-07-11 22:05:58.545] [sharedprocess] [info] Scanned user extensions: 0
[2018-07-11 22:10:58.549] [sharedprocess] [info] Scanned user extensions: 0
[2018-07-11 22:15:58.645] [sharedprocess] [info] Scanned user extensions: 0
[2018-07-11 22:20:58.648] [sharedprocess] [info] Scanned user extensions: 0
[2018-07-11 22:25:58.650] [sharedprocess] [info] Scanned user extensions: 0
[2018-07-11 22:30:58.653] [sharedprocess] [info] Scanned user extensions: 0
[2018-07-11 22:35:58.657] [sharedprocess] [info] Scanned user extensions: 0
[2018-07-11 22:40:58.662] [sharedprocess] [info] Scanned user extensions: 0
[2018-07-11 22:45:58.667] [sharedprocess] [info] Scanned user extensions: 0
[2018-07-11 22:50:58.672] [sharedprocess] [info] Scanned user extensions: 0
[2018-07-11 22:55:58.677] [sharedprocess] [info] Scanned user extensions: 0
[2018-07-11 23:00:58.682] [sharedprocess] [info] Scanned user extensions: 0
[2018-07-11 23:05:58.688] [sharedprocess] [info] Scanned user extensions: 0
[2018-07-11 23:10:58.694] [sharedprocess] [info] Scanned user extensions: 0
[2018-07-11 23:15:58.781] [sharedprocess] [info] Scanned user extensions: 0
[2018-07-11 23:20:58.787] [sharedprocess] [info] Scanned user extensions: 0
[2018-07-11 23:25:58.792] [sharedprocess] [info] Scanned user extensions: 0
[2018-07-11 23:30:58.798] [sharedprocess] [info] Scanned user extensions: 0
[2018-07-11 23:35:58.803] [sharedprocess] [info] Scanned user extensions: 0
[2018-07-11 23:40:58.808] [sharedprocess] [info] Scanned user extensions: 0
[2018-07-11 23:45:58.813] [sharedprocess] [info] Scanned user extensions: 0
[2018-07-11 23:50:58.821] [sharedprocess] [info] Scanned user extensions: 0
[2018-07-11 23:55:58.826] [sharedprocess] [info] Scanned user extensions: 0
[2018-07-12 00:00:58.834] [sharedprocess] [info] Scanned user extensions: 0
[2018-07-12 00:05:58.839] [sharedprocess] [info] Scanned user extensions: 0
[2018-07-12 00:10:58.846] [sharedprocess] [info] Scanned user extensions: 0
[2018-07-12 00:15:58.936] [sharedprocess] [info] Scanned user extensions: 0
[2018-07-12 00:20:58.942] [sharedprocess] [info] Scanned user extensions: 0
[2018-07-12 00:25:58.949] [sharedprocess] [info] Scanned user extensions: 0
[2018-07-12 00:30:58.954] [sharedprocess] [info] Scanned user extensions: 0
[2018-07-12 00:35:58.961] [sharedprocess] [info] Scanned user extensions: 0
[2018-07-12 00:40:58.967] [sharedprocess] [info] Scanned user extensions: 0
[2018-07-12 00:45:58.973] [sharedprocess] [info] Scanned user extensions: 0
[2018-07-12 00:50:58.978] [sharedprocess] [info] Scanned user extensions: 0
[2018-07-12 00:55:58.986] [sharedprocess] [info] Scanned user extensions: 0
[2018-07-12 01:00:58.991] [sharedprocess] [info] Scanned user extensions: 0
[2018-07-12 01:05:58.996] [sharedprocess] [info] Scanned user extensions: 0
[2018-07-12 01:10:59.002] [sharedprocess] [info] Scanned user extensions: 0
[2018-07-12 01:15:59.093] [sharedprocess] [info] Scanned user extensions: 0
[2018-07-12 01:20:59.098] [sharedprocess] [info] Scanned user extensions: 0
[2018-07-12 01:25:59.104] [sharedprocess] [info] Scanned user extensions: 0
[2018-07-12 01:30:59.109] [sharedprocess] [info] Scanned user extensions: 0
[2018-07-12 01:35:59.114] [sharedprocess] [info] Scanned user extensions: 0
[2018-07-12 01:40:59.121] [sharedprocess] [info] Scanned user extensions: 0
[2018-07-12 01:45:59.128] [sharedprocess] [info] Scanned user extensions: 0
[2018-07-12 01:50:59.134] [sharedprocess] [info] Scanned user extensions: 0
[2018-07-12 01:55:59.139] [sharedprocess] [info] Scanned user extensions: 0
[2018-07-12 02:00:59.146] [sharedprocess] [info] Scanned user extensions: 0
[2018-07-12 02:05:59.151] [sharedprocess] [info] Scanned user extensions: 0
[2018-07-12 02:10:59.157] [sharedprocess] [info] Scanned user extensions: 0
[2018-07-12 02:15:59.243] [sharedprocess] [info] Scanned user extensions: 0
[2018-07-12 02:20:59.249] [sharedprocess] [info] Scanned user extensions: 0
[2018-07-12 02:25:59.255] [sharedprocess] [info] Scanned user extensions: 0
[2018-07-12 02:30:59.260] [sharedprocess] [info] Scanned user extensions: 0
[2018-07-12 02:35:59.266] [sharedprocess] [info] Scanned user extensions: 0
[2018-07-12 02:40:59.273] [sharedprocess] [info] Scanned user extensions: 0
[2018-07-12 02:45:59.279] [sharedprocess] [info] Scanned user extensions: 0
[2018-07-12 02:50:59.285] [sharedprocess] [info] Scanned user extensions: 0
[2018-07-12 02:55:59.291] [sharedprocess] [info] Scanned user extensions: 0
[2018-07-12 03:00:59.300] [sharedprocess] [info] Scanned user extensions: 0
[2018-07-12 03:05:59.309] [sharedprocess] [info] Scanned user extensions: 0
[2018-07-12 03:10:59.314] [sharedprocess] [info] Scanned user extensions: 0
[2018-07-12 03:15:59.399] [sharedprocess] [info] Scanned user extensions: 0
[2018-07-12 03:20:59.405] [sharedprocess] [info] Scanned user extensions: 0
[2018-07-12 03:25:59.412] [sharedprocess] [info] Scanned user extensions: 0
[2018-07-12 03:30:59.417] [sharedprocess] [info] Scanned user extensions: 0
[2018-07-12 03:35:59.425] [sharedprocess] [info] Scanned user extensions: 0
[2018-07-12 03:40:59.430] [sharedprocess] [info] Scanned user extensions: 0
[2018-07-12 03:45:59.436] [sharedprocess] [info] Scanned user extensions: 0
[2018-07-12 03:50:59.441] [sharedprocess] [info] Scanned user extensions: 0
[2018-07-12 03:55:59.447] [sharedprocess] [info] Scanned user extensions: 0
[2018-07-12 04:00:59.454] [sharedprocess] [info] Scanned user extensions: 0
[2018-07-12 04:05:59.461] [sharedprocess] [info] Scanned user extensions: 0
[2018-07-12 04:10:59.466] [sharedprocess] [info] Scanned user extensions: 0
[2018-07-12 04:15:59.562] [sharedprocess] [info] Scanned user extensions: 0
[2018-07-12 04:20:59.568] [sharedprocess] [info] Scanned user extensions: 0
[2018-07-12 04:25:59.573] [sharedprocess] [info] Scanned user extensions: 0
[2018-07-12 04:30:59.578] [sharedprocess] [info] Scanned user extensions: 0
[2018-07-12 04:35:59.583] [sharedprocess] [info] Scanned user extensions: 0
[2018-07-12 04:40:59.590] [sharedprocess] [info] Scanned user extensions: 0
[2018-07-12 04:45:59.595] [sharedprocess] [info] Scanned user extensions: 0
[2018-07-12 04:50:59.599] [sharedprocess] [info] Scanned user extensions: 0
[2018-07-12 04:55:59.605] [sharedprocess] [info] Scanned user extensions: 0
[2018-07-12 05:00:59.611] [sharedprocess] [info] Scanned user extensions: 0
[2018-07-12 05:05:59.618] [sharedprocess] [info] Scanned user extensions: 0
[2018-07-12 05:10:59.624] [sharedprocess] [info] Scanned user extensions: 0
[2018-07-12 05:15:59.706] [sharedprocess] [info] Scanned user extensions: 0
[2018-07-12 05:20:59.710] [sharedprocess] [info] Scanned user extensions: 0
[2018-07-12 05:25:59.715] [sharedprocess] [info] Scanned user extensions: 0
[2018-07-12 05:30:59.719] [sharedprocess] [info] Scanned user extensions: 0
[2018-07-12 05:35:59.725] [sharedprocess] [info] Scanned user extensions: 0
[2018-07-12 05:40:59.731] [sharedprocess] [info] Scanned user extensions: 0
[2018-07-12 05:45:59.736] [sharedprocess] [info] Scanned user extensions: 0
[2018-07-12 05:50:59.742] [sharedprocess] [info] Scanned user extensions: 0
[2018-07-12 05:55:59.748] [sharedprocess] [info] Scanned user extensions: 0
[2018-07-12 06:00:59.753] [sharedprocess] [info] Scanned user extensions: 0
[2018-07-12 06:05:59.759] [sharedprocess] [info] Scanned user extensions: 0
[2018-07-12 06:10:59.765] [sharedprocess] [info] Scanned user extensions: 0
[2018-07-12 06:15:59.847] [sharedprocess] [info] Scanned user extensions: 0
[2018-07-12 06:20:59.853] [sharedprocess] [info] Scanned user extensions: 0
[2018-07-12 06:25:59.858] [sharedprocess] [info] Scanned user extensions: 0
[2018-07-12 06:30:59.866] [sharedprocess] [info] Scanned user extensions: 0
[2018-07-12 06:35:59.871] [sharedprocess] [info] Scanned user extensions: 0
[2018-07-12 06:40:59.877] [sharedprocess] [info] Scanned user extensions: 0
[2018-07-12 06:45:59.885] [sharedprocess] [info] Scanned user extensions: 0
[2018-07-12 06:50:59.892] [sharedprocess] [info] Scanned user extensions: 0
[2018-07-12 06:55:59.897] [sharedprocess] [info] Scanned user extensions: 0
[2018-07-12 07:00:59.902] [sharedprocess] [info] Scanned user extensions: 0
[2018-07-12 07:05:59.908] [sharedprocess] [info] Scanned user extensions: 0
[2018-07-12 07:10:59.921] [sharedprocess] [info] Scanned user extensions: 0
[2018-07-12 07:16:00.008] [sharedprocess] [info] Scanned user extensions: 0
[2018-07-12 07:21:00.013] [sharedprocess] [info] Scanned user extensions: 0
[2018-07-12 07:26:00.020] [sharedprocess] [info] Scanned user extensions: 0
[2018-07-12 07:31:00.027] [sharedprocess] [info] Scanned user extensions: 0
[2018-07-12 07:36:00.033] [sharedprocess] [info] Scanned user extensions: 0
[2018-07-12 07:41:00.039] [sharedprocess] [info] Scanned user extensions: 0
[2018-07-12 07:46:00.045] [sharedprocess] [info] Scanned user extensions: 0
[2018-07-12 07:51:00.050] [sharedprocess] [info] Scanned user extensions: 0
[2018-07-12 07:56:00.057] [sharedprocess] [info] Scanned user extensions: 0
[2018-07-12 08:01:00.063] [sharedprocess] [info] Scanned user extensions: 0
[2018-07-12 08:06:00.069] [sharedprocess] [info] Scanned user extensions: 0
[2018-07-12 08:11:00.074] [sharedprocess] [info] Scanned user extensions: 0
[2018-07-12 08:16:01.349] [sharedprocess] [info] Scanned user extensions: 0
[2018-07-12 08:21:01.355] [sharedprocess] [info] Scanned user extensions: 0
[2018-07-12 08:26:01.361] [sharedprocess] [info] Scanned user extensions: 0
[2018-07-12 08:31:01.366] [sharedprocess] [info] Scanned user extensions: 0
[2018-07-12 08:36:01.374] [sharedprocess] [info] Scanned user extensions: 0
[2018-07-12 08:41:01.379] [sharedprocess] [info] Scanned user extensions: 0
[2018-07-12 08:46:01.385] [sharedprocess] [info] Scanned user extensions: 0
[2018-07-12 08:51:01.390] [sharedprocess] [info] Scanned user extensions: 0
[2018-07-12 08:56:01.396] [sharedprocess] [info] Scanned user extensions: 0
[2018-07-12 09:01:01.401] [sharedprocess] [info] Scanned user extensions: 0
[2018-07-12 09:06:01.406] [sharedprocess] [info] Scanned user extensions: 0
[2018-07-12 09:11:01.412] [sharedprocess] [info] Scanned user extensions: 0
[2018-07-12 09:16:02.564] [sharedprocess] [info] Scanned user extensions: 0
[2018-07-12 09:21:02.570] [sharedprocess] [info] Scanned user extensions: 0
[2018-07-12 09:26:02.575] [sharedprocess] [info] Scanned user extensions: 0
[2018-07-12 09:31:02.581] [sharedprocess] [info] Scanned user extensions: 0
[2018-07-12 09:36:02.586] [sharedprocess] [info] Scanned user extensions: 0
[2018-07-12 09:41:02.593] [sharedprocess] [info] Scanned user extensions: 0
[2018-07-12 09:46:02.600] [sharedprocess] [info] Scanned user extensions: 0
[2018-07-12 09:51:02.608] [sharedprocess] [info] Scanned user extensions: 0
[2018-07-12 09:56:02.614] [sharedprocess] [info] Scanned user extensions: 0
[2018-07-12 10:01:02.620] [sharedprocess] [info] Scanned user extensions: 0
[2018-07-12 10:06:02.625] [sharedprocess] [info] Scanned user extensions: 0
[2018-07-12 10:11:02.630] [sharedprocess] [info] Scanned user extensions: 0
[2018-07-12 10:16:04.097] [sharedprocess] [info] Scanned user extensions: 0
[2018-07-12 10:21:04.103] [sharedprocess] [info] Scanned user extensions: 0
[2018-07-12 10:26:04.108] [sharedprocess] [info] Scanned user extensions: 0
[2018-07-12 10:31:04.113] [sharedprocess] [info] Scanned user extensions: 0
[2018-07-12 10:36:04.120] [sharedprocess] [info] Scanned user extensions: 0
[2018-07-12 10:41:04.124] [sharedprocess] [info] Scanned user extensions: 0
[2018-07-12 10:46:04.132] [sharedprocess] [info] Scanned user extensions: 0
[2018-07-12 10:51:04.136] [sharedprocess] [info] Scanned user extensions: 0
[2018-07-12 10:56:04.142] [sharedprocess] [info] Scanned user extensions: 0
[2018-07-12 11:01:04.148] [sharedprocess] [info] Scanned user extensions: 0
[2018-07-12 11:06:04.154] [sharedprocess] [info] Scanned user extensions: 0
[2018-07-12 11:11:04.160] [sharedprocess] [info] Scanned user extensions: 0
[2018-07-12 11:16:04.246] [sharedprocess] [info] Scanned user extensions: 0
[2018-07-12 11:21:04.251] [sharedprocess] [info] Scanned user extensions: 0
[2018-07-12 11:26:04.256] [sharedprocess] [info] Scanned user extensions: 0
[2018-07-12 11:31:04.264] [sharedprocess] [info] Scanned user extensions: 0
[2018-07-12 11:36:04.275] [sharedprocess] [info] Scanned user extensions: 0
[2018-07-12 11:41:04.280] [sharedprocess] [info] Scanned user extensions: 0
[2018-07-12 11:46:04.285] [sharedprocess] [info] Scanned user extensions: 0
[2018-07-12 11:51:04.289] [sharedprocess] [info] Scanned user extensions: 0
[2018-07-12 11:56:04.293] [sharedprocess] [info] Scanned user extensions: 0
[2018-07-12 12:01:04.299] [sharedprocess] [info] Scanned user extensions: 0
[2018-07-12 12:06:04.302] [sharedprocess] [info] Scanned user extensions: 0
[2018-07-12 12:11:04.306] [sharedprocess] [info] Scanned user extensions: 0
[2018-07-12 12:16:05.664] [sharedprocess] [info] Scanned user extensions: 0
[2018-07-12 12:21:05.670] [sharedprocess] [info] Scanned user extensions: 0
[2018-07-12 12:26:05.674] [sharedprocess] [info] Scanned user extensions: 0
[2018-07-12 12:31:05.680] [sharedprocess] [info] Scanned user extensions: 0
[2018-07-12 12:36:05.686] [sharedprocess] [info] Scanned user extensions: 0
[2018-07-12 12:41:05.693] [sharedprocess] [info] Scanned user extensions: 0
[2018-07-12 12:46:05.698] [sharedprocess] [info] Scanned user extensions: 0
[2018-07-12 12:51:05.704] [sharedprocess] [info] Scanned user extensions: 0
[2018-07-12 12:56:05.711] [sharedprocess] [info] Scanned user extensions: 0
[2018-07-12 13:01:05.717] [sharedprocess] [info] Scanned user extensions: 0
[2018-07-12 13:06:05.722] [sharedprocess] [info] Scanned user extensions: 0
[2018-07-12 13:11:05.728] [sharedprocess] [info] Scanned user extensions: 0
[2018-07-12 13:16:06.595] [sharedprocess] [info] Scanned user extensions: 0
[2018-07-12 13:21:06.599] [sharedprocess] [info] Scanned user extensions: 0
[2018-07-12 13:26:06.604] [sharedprocess] [info] Scanned user extensions: 0
[2018-07-12 13:31:06.608] [sharedprocess] [info] Scanned user extensions: 0
[2018-07-12 13:36:06.613] [sharedprocess] [info] Scanned user extensions: 0
[2018-07-12 13:41:06.618] [sharedprocess] [info] Scanned user extensions: 0
[2018-07-12 13:46:06.624] [sharedprocess] [info] Scanned user extensions: 0
[2018-07-12 13:51:06.630] [sharedprocess] [info] Scanned user extensions: 0
[2018-07-12 13:56:06.639] [sharedprocess] [info] Scanned user extensions: 0
[2018-07-12 14:01:06.645] [sharedprocess] [info] Scanned user extensions: 0
[2018-07-12 14:06:06.651] [sharedprocess] [info] Scanned user extensions: 0
[2018-07-12 14:11:06.657] [sharedprocess] [info] Scanned user extensions: 0
[2018-07-12 14:16:07.825] [sharedprocess] [info] Scanned user extensions: 0
[2018-07-12 14:21:07.832] [sharedprocess] [info] Scanned user extensions: 0
[2018-07-12 14:26:07.837] [sharedprocess] [info] Scanned user extensions: 0
[2018-07-12 14:31:07.842] [sharedprocess] [info] Scanned user extensions: 0
[2018-07-12 14:36:07.848] [sharedprocess] [info] Scanned user extensions: 0
[2018-07-12 14:41:07.853] [sharedprocess] [info] Scanned user extensions: 0
[2018-07-12 14:46:07.858] [sharedprocess] [info] Scanned user extensions: 0
[2018-07-12 14:51:07.863] [sharedprocess] [info] Scanned user extensions: 0
[2018-07-12 14:56:07.867] [sharedprocess] [info] Scanned user extensions: 0
[2018-07-12 15:01:07.873] [sharedprocess] [info] Scanned user extensions: 0
[2018-07-12 15:06:07.879] [sharedprocess] [info] Scanned user extensions: 0
[2018-07-12 15:11:07.884] [sharedprocess] [info] Scanned user extensions: 0
[2018-07-12 15:16:07.967] [sharedprocess] [info] Scanned user extensions: 0
[2018-07-12 15:21:07.972] [sharedprocess] [info] Scanned user extensions: 0
[2018-07-12 15:26:07.980] [sharedprocess] [info] Scanned user extensions: 0
[2018-07-12 15:31:07.987] [sharedprocess] [info] Scanned user extensions: 0
[2018-07-12 15:36:07.993] [sharedprocess] [info] Scanned user extensions: 0
[2018-07-12 15:41:07.997] [sharedprocess] [info] Scanned user extensions: 0
[2018-07-12 15:46:08.002] [sharedprocess] [info] Scanned user extensions: 0
[2018-07-12 15:51:08.007] [sharedprocess] [info] Scanned user extensions: 0
[2018-07-12 15:56:08.013] [sharedprocess] [info] Scanned user extensions: 0
[2018-07-12 16:01:08.020] [sharedprocess] [info] Scanned user extensions: 0
[2018-07-12 16:06:08.025] [sharedprocess] [info] Scanned user extensions: 0
[2018-07-12 16:11:08.030] [sharedprocess] [info] Scanned user extensions: 0
[2018-07-12 16:16:09.266] [sharedprocess] [info] Scanned user extensions: 0
[2018-07-12 16:21:09.271] [sharedprocess] [info] Scanned user extensions: 0
[2018-07-12 16:26:09.277] [sharedprocess] [info] Scanned user extensions: 0
[2018-07-12 16:31:09.283] [sharedprocess] [info] Scanned user extensions: 0
[2018-07-12 16:36:09.288] [sharedprocess] [info] Scanned user extensions: 0
[2018-07-12 16:41:09.296] [sharedprocess] [info] Scanned user extensions: 0
[2018-07-12 16:46:09.303] [sharedprocess] [info] Scanned user extensions: 0
[2018-07-12 16:51:09.309] [sharedprocess] [info] Scanned user extensions: 0
[2018-07-12 16:56:09.314] [sharedprocess] [info] Scanned user extensions: 0
[2018-07-12 17:01:09.320] [sharedprocess] [info] Scanned user extensions: 0
[2018-07-12 17:06:09.325] [sharedprocess] [info] Scanned user extensions: 0
[2018-07-12 17:11:09.331] [sharedprocess] [info] Scanned user extensions: 0
[2018-07-12 17:16:10.834] [sharedprocess] [info] Scanned user extensions: 0
[2018-07-12 17:21:10.840] [sharedprocess] [info] Scanned user extensions: 0
[2018-07-12 17:26:10.846] [sharedprocess] [info] Scanned user extensions: 0
[2018-07-12 17:31:10.850] [sharedprocess] [info] Scanned user extensions: 0
[2018-07-12 17:36:10.858] [sharedprocess] [info] Scanned user extensions: 0
[2018-07-12 17:41:10.863] [sharedprocess] [info] Scanned user extensions: 0
[2018-07-12 17:46:10.868] [sharedprocess] [info] Scanned user extensions: 0
[2018-07-12 17:51:10.873] [sharedprocess] [info] Scanned user extensions: 0
[2018-07-12 17:56:10.879] [sharedprocess] [info] Scanned user extensions: 0
[2018-07-12 18:01:10.886] [sharedprocess] [info] Scanned user extensions: 0
[2018-07-12 18:06:10.895] [sharedprocess] [info] Scanned user extensions: 0
[2018-07-12 18:11:10.900] [sharedprocess] [info] Scanned user extensions: 0
[2018-07-12 18:16:11.442] [sharedprocess] [info] Scanned user extensions: 0
[2018-07-12 18:21:11.447] [sharedprocess] [info] Scanned user extensions: 0
[2018-07-12 18:26:11.453] [sharedprocess] [info] Scanned user extensions: 0
[2018-07-12 18:31:11.459] [sharedprocess] [info] Scanned user extensions: 0
[2018-07-12 18:36:11.465] [sharedprocess] [info] Scanned user extensions: 0
[2018-07-12 18:41:11.471] [sharedprocess] [info] Scanned user extensions: 0
[2018-07-12 18:46:11.476] [sharedprocess] [info] Scanned user extensions: 0
[2018-07-12 18:51:11.482] [sharedprocess] [info] Scanned user extensions: 0
[2018-07-12 18:56:11.488] [sharedprocess] [info] Scanned user extensions: 0
[2018-07-12 19:01:11.493] [sharedprocess] [info] Scanned user extensions: 0
[2018-07-12 19:06:11.498] [sharedprocess] [info] Scanned user extensions: 0
[2018-07-12 19:11:11.503] [sharedprocess] [info] Scanned user extensions: 0
[2018-07-12 19:16:11.598] [sharedprocess] [info] Scanned user extensions: 0
[2018-07-12 19:21:11.603] [sharedprocess] [info] Scanned user extensions: 0
[2018-07-12 19:26:11.611] [sharedprocess] [info] Scanned user extensions: 0
[2018-07-12 19:31:11.625] [sharedprocess] [info] Scanned user extensions: 0
[2018-07-12 19:36:11.631] [sharedprocess] [info] Scanned user extensions: 0
[2018-07-12 19:41:11.636] [sharedprocess] [info] Scanned user extensions: 0
[2018-07-12 19:46:11.642] [sharedprocess] [info] Scanned user extensions: 0
[2018-07-12 19:51:11.647] [sharedprocess] [info] Scanned user extensions: 0
[2018-07-12 19:56:11.653] [sharedprocess] [info] Scanned user extensions: 0
[2018-07-12 20:01:11.658] [sharedprocess] [info] Scanned user extensions: 0
[2018-07-12 20:06:11.664] [sharedprocess] [info] Scanned user extensions: 0
[2018-07-12 20:11:11.671] [sharedprocess] [info] Scanned user extensions: 0
[2018-07-12 20:16:11.779] [sharedprocess] [info] Scanned user extensions: 0
[2018-07-12 20:21:11.784] [sharedprocess] [info] Scanned user extensions: 0
[2018-07-12 20:26:11.791] [sharedprocess] [info] Scanned user extensions: 0
[2018-07-12 20:31:11.796] [sharedprocess] [info] Scanned user extensions: 0
[2018-07-12 20:36:11.801] [sharedprocess] [info] Scanned user extensions: 0
[2018-07-12 20:41:11.807] [sharedprocess] [info] Scanned user extensions: 0
[2018-07-12 20:46:11.813] [sharedprocess] [info] Scanned user extensions: 0
[2018-07-12 20:51:11.818] [sharedprocess] [info] Scanned user extensions: 0
[2018-07-12 20:56:11.823] [sharedprocess] [info] Scanned user extensions: 0
[2018-07-12 21:01:11.829] [sharedprocess] [info] Scanned user extensions: 0
[2018-07-12 21:06:11.834] [sharedprocess] [info] Scanned user extensions: 0
[2018-07-12 21:11:11.839] [sharedprocess] [info] Scanned user extensions: 0
[2018-07-12 21:16:11.929] [sharedprocess] [info] Scanned user extensions: 0
[2018-07-12 21:21:11.934] [sharedprocess] [info] Scanned user extensions: 0
[2018-07-12 21:26:11.940] [sharedprocess] [info] Scanned user extensions: 0
[2018-07-12 21:31:11.945] [sharedprocess] [info] Scanned user extensions: 0
[2018-07-12 21:36:11.951] [sharedprocess] [info] Scanned user extensions: 0
[2018-07-12 21:41:11.956] [sharedprocess] [info] Scanned user extensions: 0
[2018-07-12 21:46:11.964] [sharedprocess] [info] Scanned user extensions: 0
[2018-07-12 21:51:11.969] [sharedprocess] [info] Scanned user extensions: 0
[2018-07-12 21:56:11.975] [sharedprocess] [info] Scanned user extensions: 0
[2018-07-12 22:01:11.980] [sharedprocess] [info] Scanned user extensions: 0
[2018-07-12 22:06:11.988] [sharedprocess] [info] Scanned user extensions: 0
[2018-07-12 22:11:11.995] [sharedprocess] [info] Scanned user extensions: 0
[2018-07-12 22:16:13.193] [sharedprocess] [info] Scanned user extensions: 0
[2018-07-12 22:21:13.201] [sharedprocess] [info] Scanned user extensions: 0
[2018-07-12 22:26:13.207] [sharedprocess] [info] Scanned user extensions: 0
[2018-07-12 22:31:13.214] [sharedprocess] [info] Scanned user extensions: 0
[2018-07-12 22:36:13.219] [sharedprocess] [info] Scanned user extensions: 0
[2018-07-12 22:41:13.227] [sharedprocess] [info] Scanned user extensions: 0
[2018-07-12 22:46:13.232] [sharedprocess] [info] Scanned user extensions: 0
[2018-07-12 22:51:13.238] [sharedprocess] [info] Scanned user extensions: 0
[2018-07-12 22:56:13.243] [sharedprocess] [info] Scanned user extensions: 0
[2018-07-12 23:01:13.249] [sharedprocess] [info] Scanned user extensions: 0
[2018-07-12 23:06:13.255] [sharedprocess] [info] Scanned user extensions: 0
[2018-07-12 23:11:13.260] [sharedprocess] [info] Scanned user extensions: 0
[2018-07-12 23:16:13.346] [sharedprocess] [info] Scanned user extensions: 0
[2018-07-12 23:21:13.351] [sharedprocess] [info] Scanned user extensions: 0
[2018-07-12 23:26:13.356] [sharedprocess] [info] Scanned user extensions: 0
[2018-07-12 23:31:13.360] [sharedprocess] [info] Scanned user extensions: 0
[2018-07-12 23:36:13.365] [sharedprocess] [info] Scanned user extensions: 0
[2018-07-12 23:41:13.370] [sharedprocess] [info] Scanned user extensions: 0
[2018-07-12 23:46:13.375] [sharedprocess] [info] Scanned user extensions: 0
[2018-07-12 23:51:13.380] [sharedprocess] [info] Scanned user extensions: 0
[2018-07-12 23:56:13.385] [sharedprocess] [info] Scanned user extensions: 0
[2018-07-13 00:01:13.390] [sharedprocess] [info] Scanned user extensions: 0
[2018-07-13 00:06:13.395] [sharedprocess] [info] Scanned user extensions: 0
[2018-07-13 00:11:13.400] [sharedprocess] [info] Scanned user extensions: 0
[2018-07-13 00:16:13.485] [sharedprocess] [info] Scanned user extensions: 0
[2018-07-13 00:21:13.490] [sharedprocess] [info] Scanned user extensions: 0
[2018-07-13 00:26:13.495] [sharedprocess] [info] Scanned user extensions: 0
[2018-07-13 00:31:13.500] [sharedprocess] [info] Scanned user extensions: 0
[2018-07-13 00:36:13.505] [sharedprocess] [info] Scanned user extensions: 0
[2018-07-13 00:41:13.511] [sharedprocess] [info] Scanned user extensions: 0
[2018-07-13 00:46:13.516] [sharedprocess] [info] Scanned user extensions: 0
[2018-07-13 00:51:13.524] [sharedprocess] [info] Scanned user extensions: 0
[2018-07-13 00:56:13.538] [sharedprocess] [info] Scanned user extensions: 0
[2018-07-13 01:01:13.543] [sharedprocess] [info] Scanned user extensions: 0
[2018-07-13 01:06:13.549] [sharedprocess] [info] Scanned user extensions: 0
[2018-07-13 01:11:13.553] [sharedprocess] [info] Scanned user extensions: 0
[2018-07-13 01:16:13.646] [sharedprocess] [info] Scanned user extensions: 0
[2018-07-13 01:21:13.651] [sharedprocess] [info] Scanned user extensions: 0
[2018-07-13 01:26:13.656] [sharedprocess] [info] Scanned user extensions: 0
[2018-07-13 01:31:13.661] [sharedprocess] [info] Scanned user extensions: 0
[2018-07-13 01:36:13.667] [sharedprocess] [info] Scanned user extensions: 0
[2018-07-13 01:41:13.672] [sharedprocess] [info] Scanned user extensions: 0
[2018-07-13 01:46:13.678] [sharedprocess] [info] Scanned user extensions: 0
[2018-07-13 01:51:13.683] [sharedprocess] [info] Scanned user extensions: 0
[2018-07-13 01:56:13.688] [sharedprocess] [info] Scanned user extensions: 0
[2018-07-13 02:01:13.695] [sharedprocess] [info] Scanned user extensions: 0
[2018-07-13 02:06:13.700] [sharedprocess] [info] Scanned user extensions: 0
[2018-07-13 02:11:13.706] [sharedprocess] [info] Scanned user extensions: 0
[2018-07-13 02:16:13.794] [sharedprocess] [info] Scanned user extensions: 0
[2018-07-13 02:21:13.800] [sharedprocess] [info] Scanned user extensions: 0
[2018-07-13 02:26:13.805] [sharedprocess] [info] Scanned user extensions: 0
[2018-07-13 02:31:13.810] [sharedprocess] [info] Scanned user extensions: 0
[2018-07-13 02:36:13.815] [sharedprocess] [info] Scanned user extensions: 0
[2018-07-13 02:41:13.820] [sharedprocess] [info] Scanned user extensions: 0
[2018-07-13 02:46:13.825] [sharedprocess] [info] Scanned user extensions: 0
[2018-07-13 02:51:13.831] [sharedprocess] [info] Scanned user extensions: 0
[2018-07-13 02:56:13.837] [sharedprocess] [info] Scanned user extensions: 0
[2018-07-13 03:01:13.842] [sharedprocess] [info] Scanned user extensions: 0
[2018-07-13 03:06:13.847] [sharedprocess] [info] Scanned user extensions: 0
[2018-07-13 03:11:13.851] [sharedprocess] [info] Scanned user extensions: 0
[2018-07-13 03:16:13.939] [sharedprocess] [info] Scanned user extensions: 0
[2018-07-13 03:21:13.946] [sharedprocess] [info] Scanned user extensions: 0
[2018-07-13 03:26:13.951] [sharedprocess] [info] Scanned user extensions: 0
[2018-07-13 03:31:13.957] [sharedprocess] [info] Scanned user extensions: 0
[2018-07-13 03:36:13.962] [sharedprocess] [info] Scanned user extensions: 0
[2018-07-13 03:41:13.969] [sharedprocess] [info] Scanned user extensions: 0
[2018-07-13 03:46:13.974] [sharedprocess] [info] Scanned user extensions: 0
[2018-07-13 03:51:13.979] [sharedprocess] [info] Scanned user extensions: 0
[2018-07-13 03:56:13.984] [sharedprocess] [info] Scanned user extensions: 0
[2018-07-13 04:01:13.989] [sharedprocess] [info] Scanned user extensions: 0
[2018-07-13 04:06:13.994] [sharedprocess] [info] Scanned user extensions: 0
[2018-07-13 04:11:13.999] [sharedprocess] [info] Scanned user extensions: 0
[2018-07-13 04:16:14.084] [sharedprocess] [info] Scanned user extensions: 0
[2018-07-13 04:21:14.089] [sharedprocess] [info] Scanned user extensions: 0
[2018-07-13 04:26:14.094] [sharedprocess] [info] Scanned user extensions: 0
[2018-07-13 04:31:14.100] [sharedprocess] [info] Scanned user extensions: 0
[2018-07-13 04:36:14.107] [sharedprocess] [info] Scanned user extensions: 0
[2018-07-13 04:41:14.115] [sharedprocess] [info] Scanned user extensions: 0
[2018-07-13 04:46:14.122] [sharedprocess] [info] Scanned user extensions: 0
[2018-07-13 04:51:14.128] [sharedprocess] [info] Scanned user extensions: 0
[2018-07-13 04:56:14.134] [sharedprocess] [info] Scanned user extensions: 0
[2018-07-13 05:01:14.142] [sharedprocess] [info] Scanned user extensions: 0
[2018-07-13 05:06:14.147] [sharedprocess] [info] Scanned user extensions: 0
[2018-07-13 05:11:14.152] [sharedprocess] [info] Scanned user extensions: 0
[2018-07-13 05:16:14.235] [sharedprocess] [info] Scanned user extensions: 0
[2018-07-13 05:21:14.242] [sharedprocess] [info] Scanned user extensions: 0
[2018-07-13 05:26:14.252] [sharedprocess] [info] Scanned user extensions: 0
[2018-07-13 05:31:14.257] [sharedprocess] [info] Scanned user extensions: 0
[2018-07-13 05:36:14.262] [sharedprocess] [info] Scanned user extensions: 0
[2018-07-13 05:41:14.267] [sharedprocess] [info] Scanned user extensions: 0
[2018-07-13 05:46:14.274] [sharedprocess] [info] Scanned user extensions: 0
[2018-07-13 05:51:14.278] [sharedprocess] [info] Scanned user extensions: 0
[2018-07-13 05:56:14.283] [sharedprocess] [info] Scanned user extensions: 0
[2018-07-13 06:01:14.289] [sharedprocess] [info] Scanned user extensions: 0
[2018-07-13 06:06:14.294] [sharedprocess] [info] Scanned user extensions: 0
[2018-07-13 06:11:14.300] [sharedprocess] [info] Scanned user extensions: 0
[2018-07-13 06:16:14.390] [sharedprocess] [info] Scanned user extensions: 0
[2018-07-13 06:21:14.399] [sharedprocess] [info] Scanned user extensions: 0
[2018-07-13 06:26:14.405] [sharedprocess] [info] Scanned user extensions: 0
[2018-07-13 06:31:14.410] [sharedprocess] [info] Scanned user extensions: 0
[2018-07-13 06:36:14.415] [sharedprocess] [info] Scanned user extensions: 0
[2018-07-13 06:41:14.420] [sharedprocess] [info] Scanned user extensions: 0
[2018-07-13 06:46:14.424] [sharedprocess] [info] Scanned user extensions: 0
[2018-07-13 06:51:14.429] [sharedprocess] [info] Scanned user extensions: 0
[2018-07-13 06:56:14.435] [sharedprocess] [info] Scanned user extensions: 0
[2018-07-13 07:01:14.440] [sharedprocess] [info] Scanned user extensions: 0
[2018-07-13 07:06:14.446] [sharedprocess] [info] Scanned user extensions: 0
[2018-07-13 07:11:14.451] [sharedprocess] [info] Scanned user extensions: 0
[2018-07-13 07:16:14.544] [sharedprocess] [info] Scanned user extensions: 0
[2018-07-13 07:21:14.549] [sharedprocess] [info] Scanned user extensions: 0
[2018-07-13 07:26:14.554] [sharedprocess] [info] Scanned user extensions: 0
[2018-07-13 07:31:14.559] [sharedprocess] [info] Scanned user extensions: 0
[2018-07-13 07:36:14.565] [sharedprocess] [info] Scanned user extensions: 0
[2018-07-13 07:41:14.570] [sharedprocess] [info] Scanned user extensions: 0
[2018-07-13 07:46:14.575] [sharedprocess] [info] Scanned user extensions: 0
[2018-07-13 07:51:14.581] [sharedprocess] [info] Scanned user extensions: 0
[2018-07-13 07:56:14.588] [sharedprocess] [info] Scanned user extensions: 0
[2018-07-13 08:01:14.593] [sharedprocess] [info] Scanned user extensions: 0
[2018-07-13 08:06:14.599] [sharedprocess] [info] Scanned user extensions: 0
[2018-07-13 08:11:14.604] [sharedprocess] [info] Scanned user extensions: 0
[2018-07-13 08:16:14.690] [sharedprocess] [info] Scanned user extensions: 0
[2018-07-13 08:21:14.695] [sharedprocess] [info] Scanned user extensions: 0
[2018-07-13 08:26:14.701] [sharedprocess] [info] Scanned user extensions: 0
[2018-07-13 08:31:14.707] [sharedprocess] [info] Scanned user extensions: 0
[2018-07-13 08:36:14.712] [sharedprocess] [info] Scanned user extensions: 0
[2018-07-13 08:41:14.717] [sharedprocess] [info] Scanned user extensions: 0
[2018-07-13 08:46:14.724] [sharedprocess] [info] Scanned user extensions: 0
[2018-07-13 08:51:14.730] [sharedprocess] [info] Scanned user extensions: 0
[2018-07-13 08:56:14.734] [sharedprocess] [info] Scanned user extensions: 0
[2018-07-13 09:01:14.740] [sharedprocess] [info] Scanned user extensions: 0
[2018-07-13 09:06:14.745] [sharedprocess] [info] Scanned user extensions: 0
[2018-07-13 09:11:14.751] [sharedprocess] [info] Scanned user extensions: 0
[2018-07-13 09:16:14.833] [sharedprocess] [info] Scanned user extensions: 0
[2018-07-13 09:21:14.837] [sharedprocess] [info] Scanned user extensions: 0
[2018-07-13 09:26:14.842] [sharedprocess] [info] Scanned user extensions: 0
[2018-07-13 09:31:14.847] [sharedprocess] [info] Scanned user extensions: 0
[2018-07-13 09:36:14.853] [sharedprocess] [info] Scanned user extensions: 0
[2018-07-13 09:41:14.857] [sharedprocess] [info] Scanned user extensions: 0
[2018-07-13 09:46:14.862] [sharedprocess] [info] Scanned user extensions: 0
[2018-07-13 09:51:14.866] [sharedprocess] [info] Scanned user extensions: 0
[2018-07-13 09:56:14.871] [sharedprocess] [info] Scanned user extensions: 0
[2018-07-13 10:01:14.876] [sharedprocess] [info] Scanned user extensions: 0
[2018-07-13 10:06:14.881] [sharedprocess] [info] Scanned user extensions: 0
[2018-07-13 10:11:14.886] [sharedprocess] [info] Scanned user extensions: 0
[2018-07-13 10:16:16.241] [sharedprocess] [info] Scanned user extensions: 0
[2018-07-13 10:21:16.248] [sharedprocess] [info] Scanned user extensions: 0
[2018-07-13 10:26:16.253] [sharedprocess] [info] Scanned user extensions: 0
[2018-07-13 10:31:16.258] [sharedprocess] [info] Scanned user extensions: 0
[2018-07-13 10:36:16.263] [sharedprocess] [info] Scanned user extensions: 0
[2018-07-13 10:41:16.269] [sharedprocess] [info] Scanned user extensions: 0
[2018-07-13 10:46:16.274] [sharedprocess] [info] Scanned user extensions: 0
[2018-07-13 10:51:16.279] [sharedprocess] [info] Scanned user extensions: 0
[2018-07-13 10:56:16.284] [sharedprocess] [info] Scanned user extensions: 0
[2018-07-13 11:01:16.289] [sharedprocess] [info] Scanned user extensions: 0
[2018-07-13 11:06:16.296] [sharedprocess] [info] Scanned user extensions: 0
[2018-07-13 11:11:16.301] [sharedprocess] [info] Scanned user extensions: 0
[2018-07-13 11:16:16.535] [sharedprocess] [info] Scanned user extensions: 0
[2018-07-13 11:21:16.541] [sharedprocess] [info] Scanned user extensions: 0
[2018-07-13 11:26:16.546] [sharedprocess] [info] Scanned user extensions: 0
[2018-07-13 11:31:16.550] [sharedprocess] [info] Scanned user extensions: 0
[2018-07-13 11:36:16.555] [sharedprocess] [info] Scanned user extensions: 0
[2018-07-13 11:41:16.560] [sharedprocess] [info] Scanned user extensions: 0
[2018-07-13 11:46:16.566] [sharedprocess] [info] Scanned user extensions: 0
[2018-07-13 11:51:16.572] [sharedprocess] [info] Scanned user extensions: 0
[2018-07-13 11:56:16.578] [sharedprocess] [info] Scanned user extensions: 0
[2018-07-13 12:01:16.583] [sharedprocess] [info] Scanned user extensions: 0
[2018-07-13 12:06:16.589] [sharedprocess] [info] Scanned user extensions: 0
[2018-07-13 12:11:16.595] [sharedprocess] [info] Scanned user extensions: 0
[2018-07-13 12:16:17.207] [sharedprocess] [info] Scanned user extensions: 0
[2018-07-13 12:21:17.213] [sharedprocess] [info] Scanned user extensions: 0
[2018-07-13 12:26:17.218] [sharedprocess] [info] Scanned user extensions: 0
[2018-07-13 12:31:17.224] [sharedprocess] [info] Scanned user extensions: 0
[2018-07-13 12:36:17.229] [sharedprocess] [info] Scanned user extensions: 0
[2018-07-13 12:41:17.235] [sharedprocess] [info] Scanned user extensions: 0
[2018-07-13 12:46:17.241] [sharedprocess] [info] Scanned user extensions: 0
[2018-07-13 12:51:17.246] [sharedprocess] [info] Scanned user extensions: 0
[2018-07-13 12:56:17.252] [sharedprocess] [info] Scanned user extensions: 0
[2018-07-13 13:01:17.258] [sharedprocess] [info] Scanned user extensions: 0
[2018-07-13 13:06:17.263] [sharedprocess] [info] Scanned user extensions: 0
[2018-07-13 13:11:17.268] [sharedprocess] [info] Scanned user extensions: 0
[2018-07-13 13:16:18.542] [sharedprocess] [info] Scanned user extensions: 0
[2018-07-13 13:21:18.547] [sharedprocess] [info] Scanned user extensions: 0
[2018-07-13 13:26:18.552] [sharedprocess] [info] Scanned user extensions: 0
[2018-07-13 13:31:18.559] [sharedprocess] [info] Scanned user extensions: 0
[2018-07-13 13:36:18.564] [sharedprocess] [info] Scanned user extensions: 0
[2018-07-13 13:41:18.570] [sharedprocess] [info] Scanned user extensions: 0
[2018-07-13 13:46:18.575] [sharedprocess] [info] Scanned user extensions: 0
[2018-07-13 13:51:18.580] [sharedprocess] [info] Scanned user extensions: 0
[2018-07-13 13:56:18.585] [sharedprocess] [info] Scanned user extensions: 0
[2018-07-13 14:01:18.590] [sharedprocess] [info] Scanned user extensions: 0
[2018-07-13 14:06:18.596] [sharedprocess] [info] Scanned user extensions: 0
[2018-07-13 14:11:18.601] [sharedprocess] [info] Scanned user extensions: 0
[2018-07-13 14:16:19.109] [sharedprocess] [info] Scanned user extensions: 0
[2018-07-13 14:21:19.115] [sharedprocess] [info] Scanned user extensions: 0
[2018-07-13 14:26:19.122] [sharedprocess] [info] Scanned user extensions: 0
[2018-07-13 14:31:19.127] [sharedprocess] [info] Scanned user extensions: 0
[2018-07-13 14:36:19.132] [sharedprocess] [info] Scanned user extensions: 0
[2018-07-13 14:41:19.137] [sharedprocess] [info] Scanned user extensions: 0
[2018-07-13 14:46:19.142] [sharedprocess] [info] Scanned user extensions: 0
[2018-07-13 14:51:19.147] [sharedprocess] [info] Scanned user extensions: 0
[2018-07-13 14:56:19.152] [sharedprocess] [info] Scanned user extensions: 0
[2018-07-13 15:01:19.158] [sharedprocess] [info] Scanned user extensions: 0
[2018-07-13 15:06:19.165] [sharedprocess] [info] Scanned user extensions: 0
[2018-07-13 15:11:19.170] [sharedprocess] [info] Scanned user extensions: 0
[2018-07-13 15:16:19.808] [sharedprocess] [info] Scanned user extensions: 0
[2018-07-13 15:21:19.813] [sharedprocess] [info] Scanned user extensions: 0
[2018-07-13 15:26:19.818] [sharedprocess] [info] Scanned user extensions: 0
[2018-07-13 15:31:19.822] [sharedprocess] [info] Scanned user extensions: 0
[2018-07-13 15:36:19.829] [sharedprocess] [info] Scanned user extensions: 0
[2018-07-13 15:41:19.834] [sharedprocess] [info] Scanned user extensions: 0
[2018-07-13 15:46:19.839] [sharedprocess] [info] Scanned user extensions: 0
[2018-07-13 15:51:19.844] [sharedprocess] [info] Scanned user extensions: 0
[2018-07-13 15:56:19.851] [sharedprocess] [info] Scanned user extensions: 0
[2018-07-13 16:01:19.857] [sharedprocess] [info] Scanned user extensions: 0
[2018-07-13 16:06:19.862] [sharedprocess] [info] Scanned user extensions: 0
[2018-07-13 16:11:19.867] [sharedprocess] [info] Scanned user extensions: 0
[2018-07-13 16:16:19.961] [sharedprocess] [info] Scanned user extensions: 0
[2018-07-13 16:21:19.966] [sharedprocess] [info] Scanned user extensions: 0
[2018-07-13 16:26:19.971] [sharedprocess] [info] Scanned user extensions: 0
[2018-07-13 16:31:19.976] [sharedprocess] [info] Scanned user extensions: 0
[2018-07-13 16:36:19.982] [sharedprocess] [info] Scanned user extensions: 0
[2018-07-13 16:41:19.987] [sharedprocess] [info] Scanned user extensions: 0
[2018-07-13 16:46:19.992] [sharedprocess] [info] Scanned user extensions: 0
[2018-07-13 16:51:19.998] [sharedprocess] [info] Scanned user extensions: 0
[2018-07-13 16:56:20.003] [sharedprocess] [info] Scanned user extensions: 0
[2018-07-13 17:01:20.007] [sharedprocess] [info] Scanned user extensions: 0
[2018-07-13 17:06:20.012] [sharedprocess] [info] Scanned user extensions: 0
[2018-07-13 17:11:20.018] [sharedprocess] [info] Scanned user extensions: 0
[2018-07-13 17:16:20.111] [sharedprocess] [info] Scanned user extensions: 0
[2018-07-13 17:21:20.117] [sharedprocess] [info] Scanned user extensions: 0
[2018-07-13 17:26:20.122] [sharedprocess] [info] Scanned user extensions: 0
[2018-07-13 17:31:20.128] [sharedprocess] [info] Scanned user extensions: 0
[2018-07-13 17:36:20.133] [sharedprocess] [info] Scanned user extensions: 0
[2018-07-13 17:41:20.138] [sharedprocess] [info] Scanned user extensions: 0
[2018-07-13 17:46:20.143] [sharedprocess] [info] Scanned user extensions: 0
[2018-07-13 17:51:20.149] [sharedprocess] [info] Scanned user extensions: 0
[2018-07-13 17:56:20.154] [sharedprocess] [info] Scanned user extensions: 0
[2018-07-13 18:01:20.159] [sharedprocess] [info] Scanned user extensions: 0
[2018-07-13 18:06:20.164] [sharedprocess] [info] Scanned user extensions: 0
[2018-07-13 18:11:20.170] [sharedprocess] [info] Scanned user extensions: 0
[2018-07-13 18:16:20.257] [sharedprocess] [info] Scanned user extensions: 0
[2018-07-13 18:21:20.262] [sharedprocess] [info] Scanned user extensions: 0
[2018-07-13 18:26:20.268] [sharedprocess] [info] Scanned user extensions: 0
[2018-07-13 18:31:20.273] [sharedprocess] [info] Scanned user extensions: 0
[2018-07-13 18:36:20.278] [sharedprocess] [info] Scanned user extensions: 0
[2018-07-13 18:41:20.285] [sharedprocess] [info] Scanned user extensions: 0
[2018-07-13 18:46:20.293] [sharedprocess] [info] Scanned user extensions: 0
[2018-07-13 18:51:20.300] [sharedprocess] [info] Scanned user extensions: 0
[2018-07-13 18:56:20.305] [sharedprocess] [info] Scanned user extensions: 0
[2018-07-13 19:01:20.308] [sharedprocess] [info] Scanned user extensions: 0
[2018-07-13 19:06:20.312] [sharedprocess] [info] Scanned user extensions: 0
[2018-07-13 19:11:20.317] [sharedprocess] [info] Scanned user extensions: 0
[2018-07-13 19:16:20.402] [sharedprocess] [info] Scanned user extensions: 0
[2018-07-13 19:21:20.406] [sharedprocess] [info] Scanned user extensions: 0
[2018-07-13 19:26:20.411] [sharedprocess] [info] Scanned user extensions: 0
[2018-07-13 19:31:20.417] [sharedprocess] [info] Scanned user extensions: 0
[2018-07-13 19:36:20.423] [sharedprocess] [info] Scanned user extensions: 0
[2018-07-13 19:41:20.428] [sharedprocess] [info] Scanned user extensions: 0
[2018-07-13 19:46:20.433] [sharedprocess] [info] Scanned user extensions: 0
[2018-07-13 19:51:20.438] [sharedprocess] [info] Scanned user extensions: 0
[2018-07-13 19:56:20.444] [sharedprocess] [info] Scanned user extensions: 0
[2018-07-13 20:01:20.449] [sharedprocess] [info] Scanned user extensions: 0
[2018-07-13 20:06:20.457] [sharedprocess] [info] Scanned user extensions: 0
[2018-07-13 20:11:20.462] [sharedprocess] [info] Scanned user extensions: 0
[2018-07-13 20:16:20.574] [sharedprocess] [info] Scanned user extensions: 0
[2018-07-13 20:21:20.580] [sharedprocess] [info] Scanned user extensions: 0
[2018-07-13 20:26:20.585] [sharedprocess] [info] Scanned user extensions: 0
[2018-07-13 20:31:20.590] [sharedprocess] [info] Scanned user extensions: 0
[2018-07-13 20:36:20.596] [sharedprocess] [info] Scanned user extensions: 0
[2018-07-13 20:41:20.601] [sharedprocess] [info] Scanned user extensions: 0
[2018-07-13 20:46:20.606] [sharedprocess] [info] Scanned user extensions: 0
[2018-07-13 20:51:20.612] [sharedprocess] [info] Scanned user extensions: 0
[2018-07-13 20:56:20.617] [sharedprocess] [info] Scanned user extensions: 0
[2018-07-13 21:01:20.621] [sharedprocess] [info] Scanned user extensions: 0
[2018-07-13 21:06:20.627] [sharedprocess] [info] Scanned user extensions: 0
[2018-07-13 21:11:20.632] [sharedprocess] [info] Scanned user extensions: 0
[2018-07-13 21:16:20.717] [sharedprocess] [info] Scanned user extensions: 0
[2018-07-13 21:21:20.723] [sharedprocess] [info] Scanned user extensions: 0
[2018-07-13 21:26:20.729] [sharedprocess] [info] Scanned user extensions: 0
[2018-07-13 21:31:20.734] [sharedprocess] [info] Scanned user extensions: 0
[2018-07-13 21:36:20.739] [sharedprocess] [info] Scanned user extensions: 0
[2018-07-13 21:41:20.744] [sharedprocess] [info] Scanned user extensions: 0
[2018-07-13 21:46:20.750] [sharedprocess] [info] Scanned user extensions: 0
[2018-07-13 21:51:20.755] [sharedprocess] [info] Scanned user extensions: 0
[2018-07-13 21:56:20.760] [sharedprocess] [info] Scanned user extensions: 0
[2018-07-13 22:01:20.765] [sharedprocess] [info] Scanned user extensions: 0
[2018-07-13 22:06:20.771] [sharedprocess] [info] Scanned user extensions: 0
[2018-07-13 22:11:20.776] [sharedprocess] [info] Scanned user extensions: 0
[2018-07-13 22:16:20.863] [sharedprocess] [info] Scanned user extensions: 0
[2018-07-13 22:21:20.867] [sharedprocess] [info] Scanned user extensions: 0
[2018-07-13 22:26:20.872] [sharedprocess] [info] Scanned user extensions: 0
[2018-07-13 22:31:20.877] [sharedprocess] [info] Scanned user extensions: 0
[2018-07-13 22:36:20.883] [sharedprocess] [info] Scanned user extensions: 0
[2018-07-13 22:41:20.887] [sharedprocess] [info] Scanned user extensions: 0
[2018-07-13 22:46:20.892] [sharedprocess] [info] Scanned user extensions: 0
[2018-07-13 22:51:20.897] [sharedprocess] [info] Scanned user extensions: 0
[2018-07-13 22:56:20.903] [sharedprocess] [info] Scanned user extensions: 0
[2018-07-13 23:01:20.908] [sharedprocess] [info] Scanned user extensions: 0
[2018-07-13 23:06:20.912] [sharedprocess] [info] Scanned user extensions: 0
[2018-07-13 23:11:20.918] [sharedprocess] [info] Scanned user extensions: 0
[2018-07-13 23:16:24.245] [sharedprocess] [info] Scanned user extensions: 0
[2018-07-13 23:21:24.250] [sharedprocess] [info] Scanned user extensions: 0
[2018-07-13 23:26:24.255] [sharedprocess] [info] Scanned user extensions: 0
[2018-07-13 23:31:24.261] [sharedprocess] [info] Scanned user extensions: 0
[2018-07-13 23:36:24.266] [sharedprocess] [info] Scanned user extensions: 0
[2018-07-13 23:41:24.272] [sharedprocess] [info] Scanned user extensions: 0
[2018-07-13 23:46:24.278] [sharedprocess] [info] Scanned user extensions: 0
[2018-07-13 23:51:24.283] [sharedprocess] [info] Scanned user extensions: 0
[2018-07-13 23:56:24.289] [sharedprocess] [info] Scanned user extensions: 0
[2018-07-14 00:01:24.295] [sharedprocess] [info] Scanned user extensions: 0
[2018-07-14 00:06:24.300] [sharedprocess] [info] Scanned user extensions: 0
[2018-07-14 00:11:24.304] [sharedprocess] [info] Scanned user extensions: 0
[2018-07-14 00:16:24.387] [sharedprocess] [info] Scanned user extensions: 0
[2018-07-14 00:21:24.392] [sharedprocess] [info] Scanned user extensions: 0
[2018-07-14 00:26:24.397] [sharedprocess] [info] Scanned user extensions: 0
[2018-07-14 00:31:24.401] [sharedprocess] [info] Scanned user extensions: 0
[2018-07-14 00:36:24.407] [sharedprocess] [info] Scanned user extensions: 0
[2018-07-14 00:41:24.413] [sharedprocess] [info] Scanned user extensions: 0
[2018-07-14 00:46:24.418] [sharedprocess] [info] Scanned user extensions: 0
[2018-07-14 00:51:24.423] [sharedprocess] [info] Scanned user extensions: 0
[2018-07-14 00:56:24.427] [sharedprocess] [info] Scanned user extensions: 0
[2018-07-14 01:01:24.432] [sharedprocess] [info] Scanned user extensions: 0
[2018-07-14 01:06:24.437] [sharedprocess] [info] Scanned user extensions: 0
[2018-07-14 01:11:24.444] [sharedprocess] [info] Scanned user extensions: 0
[2018-07-14 01:16:24.529] [sharedprocess] [info] Scanned user extensions: 0
[2018-07-14 01:21:24.534] [sharedprocess] [info] Scanned user extensions: 0
[2018-07-14 01:26:24.540] [sharedprocess] [info] Scanned user extensions: 0
[2018-07-14 01:31:24.545] [sharedprocess] [info] Scanned user extensions: 0
[2018-07-14 01:36:24.550] [sharedprocess] [info] Scanned user extensions: 0
[2018-07-14 01:41:24.556] [sharedprocess] [info] Scanned user extensions: 0
[2018-07-14 01:46:24.561] [sharedprocess] [info] Scanned user extensions: 0
[2018-07-14 01:51:24.566] [sharedprocess] [info] Scanned user extensions: 0
[2018-07-14 01:56:24.572] [sharedprocess] [info] Scanned user extensions: 0
[2018-07-14 02:01:24.578] [sharedprocess] [info] Scanned user extensions: 0
[2018-07-14 02:06:24.583] [sharedprocess] [info] Scanned user extensions: 0
[2018-07-14 02:11:24.588] [sharedprocess] [info] Scanned user extensions: 0
[2018-07-14 02:16:24.674] [sharedprocess] [info] Scanned user extensions: 0
[2018-07-14 02:21:24.680] [sharedprocess] [info] Scanned user extensions: 0
[2018-07-14 02:26:24.686] [sharedprocess] [info] Scanned user extensions: 0
[2018-07-14 02:31:24.692] [sharedprocess] [info] Scanned user extensions: 0
[2018-07-14 02:36:24.698] [sharedprocess] [info] Scanned user extensions: 0
[2018-07-14 02:41:24.703] [sharedprocess] [info] Scanned user extensions: 0
[2018-07-14 02:46:24.709] [sharedprocess] [info] Scanned user extensions: 0
[2018-07-14 02:51:24.714] [sharedprocess] [info] Scanned user extensions: 0
[2018-07-14 02:56:24.720] [sharedprocess] [info] Scanned user extensions: 0
[2018-07-14 03:01:24.726] [sharedprocess] [info] Scanned user extensions: 0
[2018-07-14 03:06:24.731] [sharedprocess] [info] Scanned user extensions: 0
[2018-07-14 03:11:24.736] [sharedprocess] [info] Scanned user extensions: 0
[2018-07-14 03:16:24.816] [sharedprocess] [info] Scanned user extensions: 0
[2018-07-14 03:21:24.822] [sharedprocess] [info] Scanned user extensions: 0
[2018-07-14 03:26:24.827] [sharedprocess] [info] Scanned user extensions: 0
[2018-07-14 03:31:24.832] [sharedprocess] [info] Scanned user extensions: 0
[2018-07-14 03:36:24.837] [sharedprocess] [info] Scanned user extensions: 0
[2018-07-14 03:41:24.842] [sharedprocess] [info] Scanned user extensions: 0
[2018-07-14 03:46:24.847] [sharedprocess] [info] Scanned user extensions: 0
[2018-07-14 03:51:24.851] [sharedprocess] [info] Scanned user extensions: 0
[2018-07-14 03:56:24.856] [sharedprocess] [info] Scanned user extensions: 0
[2018-07-14 04:01:24.861] [sharedprocess] [info] Scanned user extensions: 0
[2018-07-14 04:06:24.866] [sharedprocess] [info] Scanned user extensions: 0
[2018-07-14 04:11:24.870] [sharedprocess] [info] Scanned user extensions: 0
[2018-07-14 04:16:24.954] [sharedprocess] [info] Scanned user extensions: 0
[2018-07-14 04:21:24.959] [sharedprocess] [info] Scanned user extensions: 0
[2018-07-14 04:26:24.964] [sharedprocess] [info] Scanned user extensions: 0
[2018-07-14 04:31:24.968] [sharedprocess] [info] Scanned user extensions: 0
[2018-07-14 04:36:24.974] [sharedprocess] [info] Scanned user extensions: 0
[2018-07-14 04:41:24.979] [sharedprocess] [info] Scanned user extensions: 0
[2018-07-14 04:46:24.984] [sharedprocess] [info] Scanned user extensions: 0
[2018-07-14 04:51:24.989] [sharedprocess] [info] Scanned user extensions: 0
[2018-07-14 04:56:24.994] [sharedprocess] [info] Scanned user extensions: 0
[2018-07-14 05:01:25.000] [sharedprocess] [info] Scanned user extensions: 0
[2018-07-14 05:06:25.004] [sharedprocess] [info] Scanned user extensions: 0
[2018-07-14 05:11:25.009] [sharedprocess] [info] Scanned user extensions: 0
[2018-07-14 05:16:25.092] [sharedprocess] [info] Scanned user extensions: 0
[2018-07-14 05:21:25.097] [sharedprocess] [info] Scanned user extensions: 0
[2018-07-14 05:26:25.103] [sharedprocess] [info] Scanned user extensions: 0
[2018-07-14 05:31:25.109] [sharedprocess] [info] Scanned user extensions: 0
[2018-07-14 05:36:25.114] [sharedprocess] [info] Scanned user extensions: 0
[2018-07-14 05:41:25.120] [sharedprocess] [info] Scanned user extensions: 0
[2018-07-14 05:46:25.126] [sharedprocess] [info] Scanned user extensions: 0
[2018-07-14 05:51:25.131] [sharedprocess] [info] Scanned user extensions: 0
[2018-07-14 05:56:25.137] [sharedprocess] [info] Scanned user extensions: 0
[2018-07-14 06:01:25.142] [sharedprocess] [info] Scanned user extensions: 0
[2018-07-14 06:06:25.151] [sharedprocess] [info] Scanned user extensions: 0
[2018-07-14 06:11:25.157] [sharedprocess] [info] Scanned user extensions: 0
[2018-07-14 06:16:25.239] [sharedprocess] [info] Scanned user extensions: 0
[2018-07-14 06:21:25.245] [sharedprocess] [info] Scanned user extensions: 0
[2018-07-14 06:26:25.250] [sharedprocess] [info] Scanned user extensions: 0
[2018-07-14 06:31:25.256] [sharedprocess] [info] Scanned user extensions: 0
[2018-07-14 06:36:25.262] [sharedprocess] [info] Scanned user extensions: 0
[2018-07-14 06:41:25.268] [sharedprocess] [info] Scanned user extensions: 0
[2018-07-14 06:46:25.275] [sharedprocess] [info] Scanned user extensions: 0
[2018-07-14 06:51:25.280] [sharedprocess] [info] Scanned user extensions: 0
[2018-07-14 06:56:25.287] [sharedprocess] [info] Scanned user extensions: 0
[2018-07-14 07:01:25.291] [sharedprocess] [info] Scanned user extensions: 0
[2018-07-14 07:06:25.298] [sharedprocess] [info] Scanned user extensions: 0
[2018-07-14 07:11:25.303] [sharedprocess] [info] Scanned user extensions: 0
[2018-07-14 07:16:25.386] [sharedprocess] [info] Scanned user extensions: 0
[2018-07-14 07:21:25.391] [sharedprocess] [info] Scanned user extensions: 0
[2018-07-14 07:26:25.398] [sharedprocess] [info] Scanned user extensions: 0
[2018-07-14 07:31:25.405] [sharedprocess] [info] Scanned user extensions: 0
[2018-07-14 07:36:25.410] [sharedprocess] [info] Scanned user extensions: 0
[2018-07-14 07:41:25.416] [sharedprocess] [info] Scanned user extensions: 0
[2018-07-14 07:46:25.422] [sharedprocess] [info] Scanned user extensions: 0
[2018-07-14 07:51:25.428] [sharedprocess] [info] Scanned user extensions: 0
[2018-07-14 07:56:25.434] [sharedprocess] [info] Scanned user extensions: 0
[2018-07-14 08:01:25.439] [sharedprocess] [info] Scanned user extensions: 0
[2018-07-14 08:06:25.446] [sharedprocess] [info] Scanned user extensions: 0
[2018-07-14 08:11:25.451] [sharedprocess] [info] Scanned user extensions: 0
[2018-07-14 08:16:25.542] [sharedprocess] [info] Scanned user extensions: 0
[2018-07-14 08:21:25.548] [sharedprocess] [info] Scanned user extensions: 0
[2018-07-14 08:26:25.553] [sharedprocess] [info] Scanned user extensions: 0
[2018-07-14 08:31:25.559] [sharedprocess] [info] Scanned user extensions: 0
[2018-07-14 08:36:25.563] [sharedprocess] [info] Scanned user extensions: 0
[2018-07-14 08:41:25.568] [sharedprocess] [info] Scanned user extensions: 0
[2018-07-14 08:46:25.574] [sharedprocess] [info] Scanned user extensions: 0
[2018-07-14 08:51:25.579] [sharedprocess] [info] Scanned user extensions: 0
[2018-07-14 08:56:25.585] [sharedprocess] [info] Scanned user extensions: 0
[2018-07-14 09:01:25.590] [sharedprocess] [info] Scanned user extensions: 0
[2018-07-14 09:06:25.594] [sharedprocess] [info] Scanned user extensions: 0
[2018-07-14 09:11:25.599] [sharedprocess] [info] Scanned user extensions: 0
[2018-07-14 09:16:25.693] [sharedprocess] [info] Scanned user extensions: 0
[2018-07-14 09:21:25.698] [sharedprocess] [info] Scanned user extensions: 0
[2018-07-14 09:26:25.705] [sharedprocess] [info] Scanned user extensions: 0
[2018-07-14 09:31:25.710] [sharedprocess] [info] Scanned user extensions: 0
[2018-07-14 09:36:25.715] [sharedprocess] [info] Scanned user extensions: 0
[2018-07-14 09:41:25.721] [sharedprocess] [info] Scanned user extensions: 0
[2018-07-14 09:46:25.727] [sharedprocess] [info] Scanned user extensions: 0
[2018-07-14 09:51:25.732] [sharedprocess] [info] Scanned user extensions: 0
[2018-07-14 09:56:25.737] [sharedprocess] [info] Scanned user extensions: 0
[2018-07-14 10:01:25.742] [sharedprocess] [info] Scanned user extensions: 0
[2018-07-14 10:06:25.748] [sharedprocess] [info] Scanned user extensions: 0
[2018-07-14 10:11:25.754] [sharedprocess] [info] Scanned user extensions: 0
[2018-07-14 10:16:25.840] [sharedprocess] [info] Scanned user extensions: 0
[2018-07-14 10:21:25.845] [sharedprocess] [info] Scanned user extensions: 0
[2018-07-14 10:26:25.849] [sharedprocess] [info] Scanned user extensions: 0
[2018-07-14 10:31:25.854] [sharedprocess] [info] Scanned user extensions: 0
[2018-07-14 10:36:25.859] [sharedprocess] [info] Scanned user extensions: 0
[2018-07-14 10:41:25.864] [sharedprocess] [info] Scanned user extensions: 0
[2018-07-14 10:46:25.869] [sharedprocess] [info] Scanned user extensions: 0
[2018-07-14 10:51:25.874] [sharedprocess] [info] Scanned user extensions: 0
[2018-07-14 10:56:25.880] [sharedprocess] [info] Scanned user extensions: 0
[2018-07-14 11:01:25.885] [sharedprocess] [info] Scanned user extensions: 0
[2018-07-14 11:06:25.889] [sharedprocess] [info] Scanned user extensions: 0
[2018-07-14 11:11:25.894] [sharedprocess] [info] Scanned user extensions: 0
[2018-07-14 11:16:25.979] [sharedprocess] [info] Scanned user extensions: 0
[2018-07-14 11:21:25.984] [sharedprocess] [info] Scanned user extensions: 0
[2018-07-14 11:26:25.990] [sharedprocess] [info] Scanned user extensions: 0
[2018-07-14 11:31:25.996] [sharedprocess] [info] Scanned user extensions: 0
[2018-07-14 11:36:26.002] [sharedprocess] [info] Scanned user extensions: 0
[2018-07-14 11:41:26.007] [sharedprocess] [info] Scanned user extensions: 0
[2018-07-14 11:46:26.012] [sharedprocess] [info] Scanned user extensions: 0
[2018-07-14 11:51:26.017] [sharedprocess] [info] Scanned user extensions: 0
[2018-07-14 11:56:26.022] [sharedprocess] [info] Scanned user extensions: 0
[2018-07-14 12:01:26.027] [sharedprocess] [info] Scanned user extensions: 0
[2018-07-14 12:06:26.033] [sharedprocess] [info] Scanned user extensions: 0
[2018-07-14 12:11:26.039] [sharedprocess] [info] Scanned user extensions: 0
[2018-07-14 12:16:26.124] [sharedprocess] [info] Scanned user extensions: 0
[2018-07-14 12:21:26.130] [sharedprocess] [info] Scanned user extensions: 0
[2018-07-14 12:26:26.135] [sharedprocess] [info] Scanned user extensions: 0
[2018-07-14 12:31:26.140] [sharedprocess] [info] Scanned user extensions: 0
[2018-07-14 12:36:26.144] [sharedprocess] [info] Scanned user extensions: 0
[2018-07-14 12:41:26.149] [sharedprocess] [info] Scanned user extensions: 0
[2018-07-14 12:46:26.156] [sharedprocess] [info] Scanned user extensions: 0
[2018-07-14 12:51:26.161] [sharedprocess] [info] Scanned user extensions: 0
[2018-07-14 12:56:26.166] [sharedprocess] [info] Scanned user extensions: 0
[2018-07-14 13:01:26.171] [sharedprocess] [info] Scanned user extensions: 0
[2018-07-14 13:06:26.178] [sharedprocess] [info] Scanned user extensions: 0
[2018-07-14 13:11:26.183] [sharedprocess] [info] Scanned user extensions: 0
[2018-07-14 13:16:26.267] [sharedprocess] [info] Scanned user extensions: 0
[2018-07-14 13:21:26.272] [sharedprocess] [info] Scanned user extensions: 0
[2018-07-14 13:26:26.279] [sharedprocess] [info] Scanned user extensions: 0
[2018-07-14 13:31:26.285] [sharedprocess] [info] Scanned user extensions: 0
[2018-07-14 13:36:26.291] [sharedprocess] [info] Scanned user extensions: 0
[2018-07-14 13:41:26.297] [sharedprocess] [info] Scanned user extensions: 0
[2018-07-14 13:46:26.302] [sharedprocess] [info] Scanned user extensions: 0
[2018-07-14 13:51:26.307] [sharedprocess] [info] Scanned user extensions: 0
[2018-07-14 13:56:26.310] [sharedprocess] [info] Scanned user extensions: 0
[2018-07-14 14:01:26.313] [sharedprocess] [info] Scanned user extensions: 0
[2018-07-14 14:06:26.319] [sharedprocess] [info] Scanned user extensions: 0
[2018-07-14 14:11:26.324] [sharedprocess] [info] Scanned user extensions: 0
[2018-07-14 14:16:26.403] [sharedprocess] [info] Scanned user extensions: 0
[2018-07-14 14:21:26.409] [sharedprocess] [info] Scanned user extensions: 0
[2018-07-14 14:26:26.414] [sharedprocess] [info] Scanned user extensions: 0
[2018-07-14 14:31:26.420] [sharedprocess] [info] Scanned user extensions: 0
[2018-07-14 14:36:26.426] [sharedprocess] [info] Scanned user extensions: 0
[2018-07-14 14:41:26.432] [sharedprocess] [info] Scanned user extensions: 0
[2018-07-14 14:46:26.439] [sharedprocess] [info] Scanned user extensions: 0
[2018-07-14 14:51:26.445] [sharedprocess] [info] Scanned user extensions: 0
[2018-07-14 14:56:26.449] [sharedprocess] [info] Scanned user extensions: 0
[2018-07-14 15:01:26.454] [sharedprocess] [info] Scanned user extensions: 0
[2018-07-14 15:06:26.459] [sharedprocess] [info] Scanned user extensions: 0
[2018-07-14 15:11:26.463] [sharedprocess] [info] Scanned user extensions: 0
[2018-07-14 15:16:26.549] [sharedprocess] [info] Scanned user extensions: 0
[2018-07-14 15:21:26.554] [sharedprocess] [info] Scanned user extensions: 0
[2018-07-14 15:26:26.561] [sharedprocess] [info] Scanned user extensions: 0
[2018-07-14 15:31:26.566] [sharedprocess] [info] Scanned user extensions: 0
[2018-07-14 15:36:26.572] [sharedprocess] [info] Scanned user extensions: 0
[2018-07-14 15:41:26.578] [sharedprocess] [info] Scanned user extensions: 0
[2018-07-14 15:46:26.583] [sharedprocess] [info] Scanned user extensions: 0
[2018-07-14 15:51:26.588] [sharedprocess] [info] Scanned user extensions: 0
[2018-07-14 15:56:26.593] [sharedprocess] [info] Scanned user extensions: 0
[2018-07-14 16:01:26.598] [sharedprocess] [info] Scanned user extensions: 0
[2018-07-14 16:06:26.604] [sharedprocess] [info] Scanned user extensions: 0
[2018-07-14 16:11:26.609] [sharedprocess] [info] Scanned user extensions: 0
[2018-07-14 16:16:26.701] [sharedprocess] [info] Scanned user extensions: 0
[2018-07-14 16:21:26.706] [sharedprocess] [info] Scanned user extensions: 0
[2018-07-14 16:26:26.713] [sharedprocess] [info] Scanned user extensions: 0
[2018-07-14 16:31:26.718] [sharedprocess] [info] Scanned user extensions: 0
[2018-07-14 16:36:26.724] [sharedprocess] [info] Scanned user extensions: 0
[2018-07-14 16:41:26.730] [sharedprocess] [info] Scanned user extensions: 0
[2018-07-14 16:46:26.736] [sharedprocess] [info] Scanned user extensions: 0
[2018-07-14 16:51:26.741] [sharedprocess] [info] Scanned user extensions: 0
[2018-07-14 16:56:26.749] [sharedprocess] [info] Scanned user extensions: 0
[2018-07-14 17:01:26.754] [sharedprocess] [info] Scanned user extensions: 0
[2018-07-14 17:06:26.760] [sharedprocess] [info] Scanned user extensions: 0
[2018-07-14 17:11:26.766] [sharedprocess] [info] Scanned user extensions: 0
[2018-07-14 17:16:26.860] [sharedprocess] [info] Scanned user extensions: 0
[2018-07-14 17:21:26.863] [sharedprocess] [info] Scanned user extensions: 0
[2018-07-14 17:26:26.869] [sharedprocess] [info] Scanned user extensions: 0
[2018-07-14 17:31:26.873] [sharedprocess] [info] Scanned user extensions: 0
[2018-07-14 17:36:26.878] [sharedprocess] [info] Scanned user extensions: 0
[2018-07-14 17:41:26.882] [sharedprocess] [info] Scanned user extensions: 0
[2018-07-14 17:46:26.889] [sharedprocess] [info] Scanned user extensions: 0
[2018-07-14 17:51:26.894] [sharedprocess] [info] Scanned user extensions: 0
[2018-07-14 17:56:26.899] [sharedprocess] [info] Scanned user extensions: 0
[2018-07-14 18:01:26.906] [sharedprocess] [info] Scanned user extensions: 0
[2018-07-14 18:06:26.912] [sharedprocess] [info] Scanned user extensions: 0
[2018-07-14 18:11:26.917] [sharedprocess] [info] Scanned user extensions: 0
[2018-07-14 18:16:27.001] [sharedprocess] [info] Scanned user extensions: 0
[2018-07-14 18:21:27.005] [sharedprocess] [info] Scanned user extensions: 0
[2018-07-14 18:26:27.011] [sharedprocess] [info] Scanned user extensions: 0
[2018-07-14 18:31:27.016] [sharedprocess] [info] Scanned user extensions: 0
[2018-07-14 18:36:27.020] [sharedprocess] [info] Scanned user extensions: 0
[2018-07-14 18:41:27.026] [sharedprocess] [info] Scanned user extensions: 0
[2018-07-14 18:46:27.031] [sharedprocess] [info] Scanned user extensions: 0
[2018-07-14 18:51:27.037] [sharedprocess] [info] Scanned user extensions: 0
[2018-07-14 18:56:27.043] [sharedprocess] [info] Scanned user extensions: 0
[2018-07-14 19:01:27.048] [sharedprocess] [info] Scanned user extensions: 0
[2018-07-14 19:06:27.053] [sharedprocess] [info] Scanned user extensions: 0
[2018-07-14 19:11:27.059] [sharedprocess] [info] Scanned user extensions: 0
[2018-07-14 19:16:27.611] [sharedprocess] [info] Scanned user extensions: 0
[2018-07-14 19:21:27.617] [sharedprocess] [info] Scanned user extensions: 0
[2018-07-14 19:26:27.622] [sharedprocess] [info] Scanned user extensions: 0
[2018-07-14 19:31:27.628] [sharedprocess] [info] Scanned user extensions: 0
[2018-07-14 19:36:27.633] [sharedprocess] [info] Scanned user extensions: 0
[2018-07-14 19:41:27.639] [sharedprocess] [info] Scanned user extensions: 0
[2018-07-14 19:46:27.643] [sharedprocess] [info] Scanned user extensions: 0
[2018-07-14 19:51:27.649] [sharedprocess] [info] Scanned user extensions: 0
[2018-07-14 19:56:27.656] [sharedprocess] [info] Scanned user extensions: 0
[2018-07-14 20:01:27.661] [sharedprocess] [info] Scanned user extensions: 0
[2018-07-14 20:06:27.667] [sharedprocess] [info] Scanned user extensions: 0
[2018-07-14 20:11:27.672] [sharedprocess] [info] Scanned user extensions: 0
[2018-07-14 20:16:27.756] [sharedprocess] [info] Scanned user extensions: 0
[2018-07-14 20:21:27.761] [sharedprocess] [info] Scanned user extensions: 0
[2018-07-14 20:26:27.767] [sharedprocess] [info] Scanned user extensions: 0
[2018-07-14 20:31:27.772] [sharedprocess] [info] Scanned user extensions: 0
[2018-07-14 20:36:27.778] [sharedprocess] [info] Scanned user extensions: 0
[2018-07-14 20:41:27.783] [sharedprocess] [info] Scanned user extensions: 0
[2018-07-14 20:46:27.789] [sharedprocess] [info] Scanned user extensions: 0
[2018-07-14 20:51:27.795] [sharedprocess] [info] Scanned user extensions: 0
[2018-07-14 20:56:27.801] [sharedprocess] [info] Scanned user extensions: 0
[2018-07-14 21:01:27.806] [sharedprocess] [info] Scanned user extensions: 0
[2018-07-14 21:06:27.811] [sharedprocess] [info] Scanned user extensions: 0
[2018-07-14 21:11:27.816] [sharedprocess] [info] Scanned user extensions: 0
[2018-07-14 21:16:27.908] [sharedprocess] [info] Scanned user extensions: 0
[2018-07-14 21:21:27.915] [sharedprocess] [info] Scanned user extensions: 0
[2018-07-14 21:26:27.920] [sharedprocess] [info] Scanned user extensions: 0
[2018-07-14 21:31:27.925] [sharedprocess] [info] Scanned user extensions: 0
[2018-07-14 21:36:27.929] [sharedprocess] [info] Scanned user extensions: 0
[2018-07-14 21:41:27.935] [sharedprocess] [info] Scanned user extensions: 0
[2018-07-14 21:46:27.940] [sharedprocess] [info] Scanned user extensions: 0
[2018-07-14 21:51:27.947] [sharedprocess] [info] Scanned user extensions: 0
[2018-07-14 21:56:27.952] [sharedprocess] [info] Scanned user extensions: 0
[2018-07-14 22:01:27.957] [sharedprocess] [info] Scanned user extensions: 0
[2018-07-14 22:06:27.963] [sharedprocess] [info] Scanned user extensions: 0
[2018-07-14 22:11:27.968] [sharedprocess] [info] Scanned user extensions: 0
[2018-07-14 22:16:28.076] [sharedprocess] [info] Scanned user extensions: 0
[2018-07-14 22:21:28.081] [sharedprocess] [info] Scanned user extensions: 0
[2018-07-14 22:26:28.086] [sharedprocess] [info] Scanned user extensions: 0
[2018-07-14 22:31:28.091] [sharedprocess] [info] Scanned user extensions: 0
[2018-07-14 22:36:28.097] [sharedprocess] [info] Scanned user extensions: 0
[2018-07-14 22:41:28.102] [sharedprocess] [info] Scanned user extensions: 0
[2018-07-14 22:46:28.108] [sharedprocess] [info] Scanned user extensions: 0
[2018-07-14 22:51:28.113] [sharedprocess] [info] Scanned user extensions: 0
[2018-07-14 22:56:28.119] [sharedprocess] [info] Scanned user extensions: 0
[2018-07-14 23:01:28.125] [sharedprocess] [info] Scanned user extensions: 0
[2018-07-14 23:06:28.132] [sharedprocess] [info] Scanned user extensions: 0
[2018-07-14 23:11:28.138] [sharedprocess] [info] Scanned user extensions: 0
[2018-07-14 23:16:29.088] [sharedprocess] [info] Scanned user extensions: 0
[2018-07-14 23:21:29.094] [sharedprocess] [info] Scanned user extensions: 0
[2018-07-14 23:26:29.100] [sharedprocess] [info] Scanned user extensions: 0
[2018-07-14 23:31:29.106] [sharedprocess] [info] Scanned user extensions: 0
[2018-07-14 23:36:29.112] [sharedprocess] [info] Scanned user extensions: 0
[2018-07-14 23:41:29.117] [sharedprocess] [info] Scanned user extensions: 0
[2018-07-14 23:46:29.123] [sharedprocess] [info] Scanned user extensions: 0
[2018-07-14 23:51:29.129] [sharedprocess] [info] Scanned user extensions: 0
[2018-07-14 23:56:29.134] [sharedprocess] [info] Scanned user extensions: 0
[2018-07-15 00:01:29.140] [sharedprocess] [info] Scanned user extensions: 0
[2018-07-15 00:06:29.147] [sharedprocess] [info] Scanned user extensions: 0
[2018-07-15 00:11:29.153] [sharedprocess] [info] Scanned user extensions: 0
[2018-07-15 00:16:29.244] [sharedprocess] [info] Scanned user extensions: 0
[2018-07-15 00:21:29.250] [sharedprocess] [info] Scanned user extensions: 0
[2018-07-15 00:26:29.256] [sharedprocess] [info] Scanned user extensions: 0
[2018-07-15 00:31:29.261] [sharedprocess] [info] Scanned user extensions: 0
[2018-07-15 00:36:29.266] [sharedprocess] [info] Scanned user extensions: 0
[2018-07-15 00:41:29.272] [sharedprocess] [info] Scanned user extensions: 0
[2018-07-15 00:46:29.277] [sharedprocess] [info] Scanned user extensions: 0
[2018-07-15 00:51:29.282] [sharedprocess] [info] Scanned user extensions: 0
[2018-07-15 00:56:29.288] [sharedprocess] [info] Scanned user extensions: 0
[2018-07-15 01:01:29.293] [sharedprocess] [info] Scanned user extensions: 0
[2018-07-15 01:06:29.298] [sharedprocess] [info] Scanned user extensions: 0
[2018-07-15 01:11:29.304] [sharedprocess] [info] Scanned user extensions: 0
[2018-07-15 01:16:29.397] [sharedprocess] [info] Scanned user extensions: 0
[2018-07-15 01:21:29.402] [sharedprocess] [info] Scanned user extensions: 0
[2018-07-15 01:26:29.407] [sharedprocess] [info] Scanned user extensions: 0
[2018-07-15 01:31:29.412] [sharedprocess] [info] Scanned user extensions: 0
[2018-07-15 01:36:29.418] [sharedprocess] [info] Scanned user extensions: 0
[2018-07-15 01:41:29.423] [sharedprocess] [info] Scanned user extensions: 0
[2018-07-15 01:46:29.429] [sharedprocess] [info] Scanned user extensions: 0
[2018-07-15 01:51:29.435] [sharedprocess] [info] Scanned user extensions: 0
[2018-07-15 01:56:29.441] [sharedprocess] [info] Scanned user extensions: 0
[2018-07-15 02:01:29.447] [sharedprocess] [info] Scanned user extensions: 0
[2018-07-15 02:06:29.452] [sharedprocess] [info] Scanned user extensions: 0
[2018-07-15 02:11:29.458] [sharedprocess] [info] Scanned user extensions: 0
[2018-07-15 02:16:29.577] [sharedprocess] [info] Scanned user extensions: 0
[2018-07-15 02:21:29.583] [sharedprocess] [info] Scanned user extensions: 0
[2018-07-15 02:26:29.588] [sharedprocess] [info] Scanned user extensions: 0
[2018-07-15 02:31:29.593] [sharedprocess] [info] Scanned user extensions: 0
[2018-07-15 02:36:29.598] [sharedprocess] [info] Scanned user extensions: 0
[2018-07-15 02:41:29.603] [sharedprocess] [info] Scanned user extensions: 0
[2018-07-15 02:46:29.608] [sharedprocess] [info] Scanned user extensions: 0
[2018-07-15 02:51:29.615] [sharedprocess] [info] Scanned user extensions: 0
[2018-07-15 02:56:29.620] [sharedprocess] [info] Scanned user extensions: 0
[2018-07-15 03:01:29.626] [sharedprocess] [info] Scanned user extensions: 0
[2018-07-15 03:06:29.632] [sharedprocess] [info] Scanned user extensions: 0
[2018-07-15 03:11:29.637] [sharedprocess] [info] Scanned user extensions: 0
[2018-07-15 03:16:29.737] [sharedprocess] [info] Scanned user extensions: 0
[2018-07-15 03:21:29.743] [sharedprocess] [info] Scanned user extensions: 0
[2018-07-15 03:26:29.748] [sharedprocess] [info] Scanned user extensions: 0
[2018-07-15 03:31:29.754] [sharedprocess] [info] Scanned user extensions: 0
[2018-07-15 03:36:29.760] [sharedprocess] [info] Scanned user extensions: 0
[2018-07-15 03:41:29.767] [sharedprocess] [info] Scanned user extensions: 0
[2018-07-15 03:46:29.773] [sharedprocess] [info] Scanned user extensions: 0
[2018-07-15 03:51:29.779] [sharedprocess] [info] Scanned user extensions: 0
[2018-07-15 03:56:29.785] [sharedprocess] [info] Scanned user extensions: 0
[2018-07-15 04:01:29.790] [sharedprocess] [info] Scanned user extensions: 0
[2018-07-15 04:06:29.797] [sharedprocess] [info] Scanned user extensions: 0
[2018-07-15 04:11:29.802] [sharedprocess] [info] Scanned user extensions: 0
[2018-07-15 04:16:29.901] [sharedprocess] [info] Scanned user extensions: 0
[2018-07-15 04:21:29.906] [sharedprocess] [info] Scanned user extensions: 0
[2018-07-15 04:26:29.911] [sharedprocess] [info] Scanned user extensions: 0
[2018-07-15 04:31:29.916] [sharedprocess] [info] Scanned user extensions: 0
[2018-07-15 04:36:29.921] [sharedprocess] [info] Scanned user extensions: 0
[2018-07-15 04:41:29.927] [sharedprocess] [info] Scanned user extensions: 0
[2018-07-15 04:46:29.933] [sharedprocess] [info] Scanned user extensions: 0
[2018-07-15 04:51:29.938] [sharedprocess] [info] Scanned user extensions: 0
[2018-07-15 04:56:29.943] [sharedprocess] [info] Scanned user extensions: 0
[2018-07-15 05:01:29.948] [sharedprocess] [info] Scanned user extensions: 0
[2018-07-15 05:06:29.953] [sharedprocess] [info] Scanned user extensions: 0
[2018-07-15 05:11:29.958] [sharedprocess] [info] Scanned user extensions: 0
[2018-07-15 05:16:30.052] [sharedprocess] [info] Scanned user extensions: 0
[2018-07-15 05:21:30.059] [sharedprocess] [info] Scanned user extensions: 0
[2018-07-15 05:26:30.065] [sharedprocess] [info] Scanned user extensions: 0
[2018-07-15 05:31:30.071] [sharedprocess] [info] Scanned user extensions: 0
[2018-07-15 05:36:30.076] [sharedprocess] [info] Scanned user extensions: 0
[2018-07-15 05:41:30.083] [sharedprocess] [info] Scanned user extensions: 0
[2018-07-15 05:46:30.088] [sharedprocess] [info] Scanned user extensions: 0
[2018-07-15 05:51:30.094] [sharedprocess] [info] Scanned user extensions: 0
[2018-07-15 05:56:30.099] [sharedprocess] [info] Scanned user extensions: 0
[2018-07-15 06:01:30.104] [sharedprocess] [info] Scanned user extensions: 0
[2018-07-15 06:06:30.110] [sharedprocess] [info] Scanned user extensions: 0
[2018-07-15 06:11:30.116] [sharedprocess] [info] Scanned user extensions: 0
[2018-07-15 06:16:30.219] [sharedprocess] [info] Scanned user extensions: 0
[2018-07-15 06:21:30.223] [sharedprocess] [info] Scanned user extensions: 0
[2018-07-15 06:26:30.228] [sharedprocess] [info] Scanned user extensions: 0
[2018-07-15 06:31:30.233] [sharedprocess] [info] Scanned user extensions: 0
[2018-07-15 06:36:30.239] [sharedprocess] [info] Scanned user extensions: 0
[2018-07-15 06:41:30.245] [sharedprocess] [info] Scanned user extensions: 0
[2018-07-15 06:46:30.250] [sharedprocess] [info] Scanned user extensions: 0
[2018-07-15 06:51:30.255] [sharedprocess] [info] Scanned user extensions: 0
[2018-07-15 06:56:30.261] [sharedprocess] [info] Scanned user extensions: 0
[2018-07-15 07:01:30.267] [sharedprocess] [info] Scanned user extensions: 0
[2018-07-15 07:06:30.272] [sharedprocess] [info] Scanned user extensions: 0
[2018-07-15 07:11:30.278] [sharedprocess] [info] Scanned user extensions: 0
[2018-07-15 07:16:30.376] [sharedprocess] [info] Scanned user extensions: 0
[2018-07-15 07:21:30.381] [sharedprocess] [info] Scanned user extensions: 0
[2018-07-15 07:26:30.387] [sharedprocess] [info] Scanned user extensions: 0
[2018-07-15 07:31:30.392] [sharedprocess] [info] Scanned user extensions: 0
[2018-07-15 07:36:30.397] [sharedprocess] [info] Scanned user extensions: 0
[2018-07-15 07:41:30.402] [sharedprocess] [info] Scanned user extensions: 0
[2018-07-15 07:46:30.407] [sharedprocess] [info] Scanned user extensions: 0
[2018-07-15 07:51:30.412] [sharedprocess] [info] Scanned user extensions: 0
[2018-07-15 07:56:30.417] [sharedprocess] [info] Scanned user extensions: 0
[2018-07-15 08:01:30.423] [sharedprocess] [info] Scanned user extensions: 0
[2018-07-15 08:06:30.429] [sharedprocess] [info] Scanned user extensions: 0
[2018-07-15 08:11:30.435] [sharedprocess] [info] Scanned user extensions: 0
[2018-07-15 08:16:30.530] [sharedprocess] [info] Scanned user extensions: 0
[2018-07-15 08:21:30.535] [sharedprocess] [info] Scanned user extensions: 0
[2018-07-15 08:26:30.541] [sharedprocess] [info] Scanned user extensions: 0
[2018-07-15 08:31:30.548] [sharedprocess] [info] Scanned user extensions: 0
[2018-07-15 08:36:30.553] [sharedprocess] [info] Scanned user extensions: 0
[2018-07-15 08:41:30.559] [sharedprocess] [info] Scanned user extensions: 0
[2018-07-15 08:46:30.564] [sharedprocess] [info] Scanned user extensions: 0
[2018-07-15 08:51:30.569] [sharedprocess] [info] Scanned user extensions: 0
[2018-07-15 08:56:30.574] [sharedprocess] [info] Scanned user extensions: 0
[2018-07-15 09:01:30.580] [sharedprocess] [info] Scanned user extensions: 0
[2018-07-15 09:06:30.588] [sharedprocess] [info] Scanned user extensions: 0
[2018-07-15 09:11:30.594] [sharedprocess] [info] Scanned user extensions: 0
[2018-07-15 09:16:31.968] [sharedprocess] [info] Scanned user extensions: 0
[2018-07-15 09:21:31.974] [sharedprocess] [info] Scanned user extensions: 0
[2018-07-15 09:26:31.979] [sharedprocess] [info] Scanned user extensions: 0
[2018-07-15 09:31:31.984] [sharedprocess] [info] Scanned user extensions: 0
[2018-07-15 09:36:31.989] [sharedprocess] [info] Scanned user extensions: 0
[2018-07-15 09:41:31.995] [sharedprocess] [info] Scanned user extensions: 0
[2018-07-15 09:46:32.001] [sharedprocess] [info] Scanned user extensions: 0
[2018-07-15 09:51:32.006] [sharedprocess] [info] Scanned user extensions: 0
[2018-07-15 09:56:32.011] [sharedprocess] [info] Scanned user extensions: 0
[2018-07-15 10:01:32.017] [sharedprocess] [info] Scanned user extensions: 0
[2018-07-15 10:06:32.023] [sharedprocess] [info] Scanned user extensions: 0
[2018-07-15 10:11:32.027] [sharedprocess] [info] Scanned user extensions: 0
[2018-07-15 10:16:33.131] [sharedprocess] [info] Scanned user extensions: 0
[2018-07-15 10:21:33.137] [sharedprocess] [info] Scanned user extensions: 0
[2018-07-15 10:26:33.143] [sharedprocess] [info] Scanned user extensions: 0
[2018-07-15 10:31:33.148] [sharedprocess] [info] Scanned user extensions: 0
[2018-07-15 10:36:33.153] [sharedprocess] [info] Scanned user extensions: 0
[2018-07-15 10:41:33.158] [sharedprocess] [info] Scanned user extensions: 0
[2018-07-15 10:46:33.160] [sharedprocess] [info] Scanned user extensions: 0
[2018-07-15 10:51:33.171] [sharedprocess] [info] Scanned user extensions: 0
[2018-07-15 10:56:33.175] [sharedprocess] [info] Scanned user extensions: 0
[2018-07-15 11:01:33.182] [sharedprocess] [info] Scanned user extensions: 0
[2018-07-15 11:06:33.185] [sharedprocess] [info] Scanned user extensions: 0
[2018-07-15 11:08:43.002] [sharedprocess] [info] Scanned user extensions: 0
[2018-07-15 11:08:43.005] [sharedprocess] [info] Scanned user extensions: 0
[2018-07-15 11:08:43.006] [sharedprocess] [info] Scanned user extensions: 0
[2018-07-15 11:08:43.045] [sharedprocess] [info] Scanned system extensions: 70
[2018-07-15 11:08:43.046] [sharedprocess] [info] Scanned system extensions: 70
[2018-07-15 11:08:57.928] [sharedprocess] [info] Installing extension: vim
[2018-07-15 11:08:57.929] [sharedprocess] [info] Scanned user extensions: 0
[2018-07-15 11:09:01.156] [sharedprocess] [info] Downloaded extension: vim
[2018-07-15 11:09:02.127] [sharedprocess] [info] Extracted extension to /root/.vscode/extensions/.vscodevim.vim-0.15.0: vscodevim.vim-0.15.0
[2018-07-15 11:09:02.127] [sharedprocess] [info] Renamed to /root/.vscode/extensions/vscodevim.vim-0.15.0
[2018-07-15 11:09:02.127] [sharedprocess] [info] Installation completed. vscodevim.vim-0.15.0
[2018-07-15 11:09:02.177] [sharedprocess] [info] Extensions installed successfully: vscodevim.vim
[2018-07-15 11:09:02.322] [sharedprocess] [info] Scanned user extensions: 1
[2018-07-15 11:09:02.346] [sharedprocess] [info] Scanned system extensions: 70
[2018-07-15 11:09:04.931] [sharedprocess] [info] Scanned user extensions: 1
[2018-07-15 11:09:04.931] [sharedprocess] [info] Scanned user extensions: 1
[2018-07-15 11:09:04.932] [sharedprocess] [info] Scanned user extensions: 1
[2018-07-15 11:09:04.937] [sharedprocess] [info] Scanned user extensions: 1
[2018-07-15 11:09:04.938] [sharedprocess] [info] Scanned user extensions: 1
[2018-07-15 11:09:04.969] [sharedprocess] [info] Scanned system extensions: 70
[2018-07-15 11:09:04.971] [sharedprocess] [info] Scanned system extensions: 70
[2018-07-15 11:09:04.972] [sharedprocess] [info] Scanned system extensions: 70
[2018-07-15 11:09:08.088] [sharedprocess] [info] Scanned user extensions: 1
[2018-07-15 11:09:08.102] [sharedprocess] [info] Scanned user extensions: 1
[2018-07-15 11:14:08.145] [sharedprocess] [info] Scanned user extensions: 1
[2018-07-15 11:19:09.244] [sharedprocess] [info] Scanned user extensions: 1
[2018-07-15 11:24:09.249] [sharedprocess] [info] Scanned user extensions: 1
[2018-07-15 11:29:09.254] [sharedprocess] [info] Scanned user extensions: 1
[2018-07-15 11:34:09.261] [sharedprocess] [info] Scanned user extensions: 1
[2018-07-15 11:39:09.267] [sharedprocess] [info] Scanned user extensions: 1
[2018-07-15 11:44:09.272] [sharedprocess] [info] Scanned user extensions: 1
[2018-07-15 11:49:09.277] [sharedprocess] [info] Scanned user extensions: 1
[2018-07-15 11:54:09.280] [sharedprocess] [info] Scanned user extensions: 1
[2018-07-15 11:59:09.288] [sharedprocess] [info] Scanned user extensions: 1
[2018-07-15 12:04:09.294] [sharedprocess] [info] Scanned user extensions: 1
[2018-07-15 12:09:09.737] [sharedprocess] [info] Scanned user extensions: 1
[2018-07-15 12:14:09.744] [sharedprocess] [info] Scanned user extensions: 1
[2018-07-15 12:19:10.424] [sharedprocess] [info] Scanned user extensions: 1
[2018-07-15 12:24:10.428] [sharedprocess] [info] Scanned user extensions: 1
[2018-07-15 12:29:10.434] [sharedprocess] [info] Scanned user extensions: 1
[2018-07-15 12:34:10.442] [sharedprocess] [info] Scanned user extensions: 1
[2018-07-15 12:39:10.449] [sharedprocess] [info] Scanned user extensions: 1
[2018-07-15 12:44:10.458] [sharedprocess] [info] Scanned user extensions: 1
[2018-07-15 12:49:10.469] [sharedprocess] [info] Scanned user extensions: 1
[2018-07-15 12:54:10.476] [sharedprocess] [info] Scanned user extensions: 1
[2018-07-15 12:59:10.484] [sharedprocess] [info] Scanned user extensions: 1
[2018-07-15 13:04:10.491] [sharedprocess] [info] Scanned user extensions: 1
[2018-07-15 13:09:10.499] [sharedprocess] [info] Scanned user extensions: 1
[2018-07-15 13:14:10.506] [sharedprocess] [info] Scanned user extensions: 1
[2018-07-15 13:19:11.561] [sharedprocess] [info] Scanned user extensions: 1
[2018-07-15 13:24:11.569] [sharedprocess] [info] Scanned user extensions: 1
[2018-07-15 13:29:11.578] [sharedprocess] [info] Scanned user extensions: 1
[2018-07-15 13:34:11.585] [sharedprocess] [info] Scanned user extensions: 1
[2018-07-15 13:39:11.593] [sharedprocess] [info] Scanned user extensions: 1
[2018-07-15 13:44:11.600] [sharedprocess] [info] Scanned user extensions: 1
[2018-07-15 13:49:11.606] [sharedprocess] [info] Scanned user extensions: 1
[2018-07-15 13:54:11.613] [sharedprocess] [info] Scanned user extensions: 1
[2018-07-15 13:59:11.621] [sharedprocess] [info] Scanned user extensions: 1
[2018-07-15 14:04:11.627] [sharedprocess] [info] Scanned user extensions: 1
[2018-07-15 14:09:11.634] [sharedprocess] [info] Scanned user extensions: 1
[2018-07-15 14:14:11.644] [sharedprocess] [info] Scanned user extensions: 1
[2018-07-15 14:19:11.732] [sharedprocess] [info] Scanned user extensions: 1
[2018-07-15 14:24:11.742] [sharedprocess] [info] Scanned user extensions: 1
[2018-07-15 14:29:11.749] [sharedprocess] [info] Scanned user extensions: 1
[2018-07-15 14:34:11.757] [sharedprocess] [info] Scanned user extensions: 1
[2018-07-15 14:39:11.764] [sharedprocess] [info] Scanned user extensions: 1
[2018-07-15 14:44:11.770] [sharedprocess] [info] Scanned user extensions: 1
[2018-07-15 14:49:11.778] [sharedprocess] [info] Scanned user extensions: 1
[2018-07-15 14:54:11.786] [sharedprocess] [info] Scanned user extensions: 1
[2018-07-15 14:59:11.794] [sharedprocess] [info] Scanned user extensions: 1
[2018-07-15 15:04:11.801] [sharedprocess] [info] Scanned user extensions: 1
[2018-07-15 15:09:11.805] [sharedprocess] [info] Scanned user extensions: 1
[2018-07-15 15:14:11.810] [sharedprocess] [info] Scanned user extensions: 1
[2018-07-15 15:19:11.889] [sharedprocess] [info] Scanned user extensions: 1
