[Info  - 11:09:06] Using tsserver from: /usr/share/code/resources/app/extensions/node_modules/typescript/lib
[Info  - 11:09:06] Forking TSServer
PATH: /usr/local/sbin:/usr/local/bin:/usr/sbin:/usr/bin:/sbin:/bin:/snap/bin
[Info  - 11:09:06] Started TSServer
[Error  - 11:14:59] 'occurrences' request failed with error.
Error processing request. Debug Failure. False expression.
Error: Debug Failure. False expression.
    at Object.assertDefined (/usr/share/code/resources/app/extensions/node_modules/typescript/lib/tsserver.js:3805:13)
    at getExportEqualsLocalSymbol (/usr/share/code/resources/app/extensions/node_modules/typescript/lib/tsserver.js:75266:33)
    at getImport (/usr/share/code/resources/app/extensions/node_modules/typescript/lib/tsserver.js:75241:38)
    at Object.getImportOrExportSymbol (/usr/share/code/resources/app/extensions/node_modules/typescript/lib/tsserver.js:75165:68)
    at getImportOrExportReferences (/usr/share/code/resources/app/extensions/node_modules/typescript/lib/tsserver.js:76033:56)
    at getReferencesAtLocation (/usr/share/code/resources/app/extensions/node_modules/typescript/lib/tsserver.js:75976:17)
    at getReferencesInContainer (/usr/share/code/resources/app/extensions/node_modules/typescript/lib/tsserver.js:75928:21)
    at getReferencedSymbolsForSymbol (/usr/share/code/resources/app/extensions/node_modules/typescript/lib/tsserver.js:75629:25)
    at Object.getReferencedSymbolsForNode (/usr/share/code/resources/app/extensions/node_modules/typescript/lib/tsserver.js:75554:57)
    at Object.getReferenceEntriesForNode (/usr/share/code/resources/app/extensions/node_modules/typescript/lib/tsserver.js:75395:58)
    at getSemanticDocumentHighlights (/usr/share/code/resources/app/extensions/node_modules/typescript/lib/tsserver.js:74344:57)
    at Object.getDocumentHighlights (/usr/share/code/resources/app/extensions/node_modules/typescript/lib/tsserver.js:74332:20)
    at getDocumentHighlights (/usr/share/code/resources/app/extensions/node_modules/typescript/lib/tsserver.js:90205:42)
    at Object.getOccurrencesAtPosition (/usr/share/code/resources/app/extensions/node_modules/typescript/lib/tsserver.js:90192:31)
    at IOSession.Session.getOccurrences (/usr/share/code/resources/app/extensions/node_modules/typescript/lib/tsserver.js:96285:64)
    at Session.handlers.ts.createMapFromTemplate._a.(anonymous function) (/usr/share/code/resources/app/extensions/node_modules/typescript/lib/tsserver.js:95865:61)
    at /usr/share/code/resources/app/extensions/node_modules/typescript/lib/tsserver.js:97230:88
    at IOSession.Session.executeWithRequestId (/usr/share/code/resources/app/extensions/node_modules/typescript/lib/tsserver.js:97221:28)
    at IOSession.Session.executeCommand (/usr/share/code/resources/app/extensions/node_modules/typescript/lib/tsserver.js:97230:33)
    at IOSession.Session.onMessage (/usr/share/code/resources/app/extensions/node_modules/typescript/lib/tsserver.js:97250:35)
    at Interface.<anonymous> (/usr/share/code/resources/app/extensions/node_modules/typescript/lib/tsserver.js:98456:27)
    at emitOne (events.js:96:13)
    at Interface.emit (events.js:191:7)
    at Interface._onLine (readline.js:241:10)
    at Interface._normalWrite (readline.js:384:12)
    at Socket.ondata (readline.js:101:10)
    at emitOne (events.js:96:13)
    at Socket.emit (events.js:191:7)
    at readableAddChunk (_stream_readable.js:178:18)
    at Socket.Readable.push (_stream_readable.js:136:10)
    at Pipe.onread (net.js:560:20)
[Error  - 11:28:05] 'occurrences' request failed with error.
Error processing request. Debug Failure. False expression.
Error: Debug Failure. False expression.
    at Object.assertDefined (/usr/share/code/resources/app/extensions/node_modules/typescript/lib/tsserver.js:3805:13)
    at getExportEqualsLocalSymbol (/usr/share/code/resources/app/extensions/node_modules/typescript/lib/tsserver.js:75266:33)
    at getImport (/usr/share/code/resources/app/extensions/node_modules/typescript/lib/tsserver.js:75241:38)
    at Object.getImportOrExportSymbol (/usr/share/code/resources/app/extensions/node_modules/typescript/lib/tsserver.js:75165:68)
    at getImportOrExportReferences (/usr/share/code/resources/app/extensions/node_modules/typescript/lib/tsserver.js:76033:56)
    at getReferencesAtLocation (/usr/share/code/resources/app/extensions/node_modules/typescript/lib/tsserver.js:75976:17)
    at getReferencesInContainer (/usr/share/code/resources/app/extensions/node_modules/typescript/lib/tsserver.js:75928:21)
    at getReferencedSymbolsForSymbol (/usr/share/code/resources/app/extensions/node_modules/typescript/lib/tsserver.js:75629:25)
    at Object.getReferencedSymbolsForNode (/usr/share/code/resources/app/extensions/node_modules/typescript/lib/tsserver.js:75554:57)
    at Object.getReferenceEntriesForNode (/usr/share/code/resources/app/extensions/node_modules/typescript/lib/tsserver.js:75395:58)
    at getSemanticDocumentHighlights (/usr/share/code/resources/app/extensions/node_modules/typescript/lib/tsserver.js:74344:57)
    at Object.getDocumentHighlights (/usr/share/code/resources/app/extensions/node_modules/typescript/lib/tsserver.js:74332:20)
    at getDocumentHighlights (/usr/share/code/resources/app/extensions/node_modules/typescript/lib/tsserver.js:90205:42)
    at Object.getOccurrencesAtPosition (/usr/share/code/resources/app/extensions/node_modules/typescript/lib/tsserver.js:90192:31)
    at IOSession.Session.getOccurrences (/usr/share/code/resources/app/extensions/node_modules/typescript/lib/tsserver.js:96285:64)
    at Session.handlers.ts.createMapFromTemplate._a.(anonymous function) (/usr/share/code/resources/app/extensions/node_modules/typescript/lib/tsserver.js:95865:61)
    at /usr/share/code/resources/app/extensions/node_modules/typescript/lib/tsserver.js:97230:88
    at IOSession.Session.executeWithRequestId (/usr/share/code/resources/app/extensions/node_modules/typescript/lib/tsserver.js:97221:28)
    at IOSession.Session.executeCommand (/usr/share/code/resources/app/extensions/node_modules/typescript/lib/tsserver.js:97230:33)
    at IOSession.Session.onMessage (/usr/share/code/resources/app/extensions/node_modules/typescript/lib/tsserver.js:97250:35)
    at Interface.<anonymous> (/usr/share/code/resources/app/extensions/node_modules/typescript/lib/tsserver.js:98456:27)
    at emitOne (events.js:96:13)
    at Interface.emit (events.js:191:7)
    at Interface._onLine (readline.js:241:10)
    at Interface._normalWrite (readline.js:384:12)
    at Socket.ondata (readline.js:101:10)
    at emitOne (events.js:96:13)
    at Socket.emit (events.js:191:7)
    at readableAddChunk (_stream_readable.js:178:18)
    at Socket.Readable.push (_stream_readable.js:136:10)
    at Pipe.onread (net.js:560:20)
[Error  - 11:28:22] 'occurrences' request failed with error.
Error processing request. Debug Failure. False expression.
Error: Debug Failure. False expression.
    at Object.assertDefined (/usr/share/code/resources/app/extensions/node_modules/typescript/lib/tsserver.js:3805:13)
    at getExportEqualsLocalSymbol (/usr/share/code/resources/app/extensions/node_modules/typescript/lib/tsserver.js:75266:33)
    at getImport (/usr/share/code/resources/app/extensions/node_modules/typescript/lib/tsserver.js:75241:38)
    at Object.getImportOrExportSymbol (/usr/share/code/resources/app/extensions/node_modules/typescript/lib/tsserver.js:75165:68)
    at getImportOrExportReferences (/usr/share/code/resources/app/extensions/node_modules/typescript/lib/tsserver.js:76033:56)
    at getReferencesAtLocation (/usr/share/code/resources/app/extensions/node_modules/typescript/lib/tsserver.js:75976:17)
    at getReferencesInContainer (/usr/share/code/resources/app/extensions/node_modules/typescript/lib/tsserver.js:75928:21)
    at getReferencedSymbolsForSymbol (/usr/share/code/resources/app/extensions/node_modules/typescript/lib/tsserver.js:75629:25)
    at Object.getReferencedSymbolsForNode (/usr/share/code/resources/app/extensions/node_modules/typescript/lib/tsserver.js:75554:57)
    at Object.getReferenceEntriesForNode (/usr/share/code/resources/app/extensions/node_modules/typescript/lib/tsserver.js:75395:58)
    at getSemanticDocumentHighlights (/usr/share/code/resources/app/extensions/node_modules/typescript/lib/tsserver.js:74344:57)
    at Object.getDocumentHighlights (/usr/share/code/resources/app/extensions/node_modules/typescript/lib/tsserver.js:74332:20)
    at getDocumentHighlights (/usr/share/code/resources/app/extensions/node_modules/typescript/lib/tsserver.js:90205:42)
    at Object.getOccurrencesAtPosition (/usr/share/code/resources/app/extensions/node_modules/typescript/lib/tsserver.js:90192:31)
    at IOSession.Session.getOccurrences (/usr/share/code/resources/app/extensions/node_modules/typescript/lib/tsserver.js:96285:64)
    at Session.handlers.ts.createMapFromTemplate._a.(anonymous function) (/usr/share/code/resources/app/extensions/node_modules/typescript/lib/tsserver.js:95865:61)
    at /usr/share/code/resources/app/extensions/node_modules/typescript/lib/tsserver.js:97230:88
    at IOSession.Session.executeWithRequestId (/usr/share/code/resources/app/extensions/node_modules/typescript/lib/tsserver.js:97221:28)
    at IOSession.Session.executeCommand (/usr/share/code/resources/app/extensions/node_modules/typescript/lib/tsserver.js:97230:33)
    at IOSession.Session.onMessage (/usr/share/code/resources/app/extensions/node_modules/typescript/lib/tsserver.js:97250:35)
    at Interface.<anonymous> (/usr/share/code/resources/app/extensions/node_modules/typescript/lib/tsserver.js:98456:27)
    at emitOne (events.js:96:13)
    at Interface.emit (events.js:191:7)
    at Interface._onLine (readline.js:241:10)
    at Interface._normalWrite (readline.js:384:12)
    at Socket.ondata (readline.js:101:10)
    at emitOne (events.js:96:13)
    at Socket.emit (events.js:191:7)
    at readableAddChunk (_stream_readable.js:178:18)
    at Socket.Readable.push (_stream_readable.js:136:10)
    at Pipe.onread (net.js:560:20)
[Error  - 11:31:14] 'occurrences' request failed with error.
Error processing request. Debug Failure. False expression.
Error: Debug Failure. False expression.
    at Object.assertDefined (/usr/share/code/resources/app/extensions/node_modules/typescript/lib/tsserver.js:3805:13)
    at getExportEqualsLocalSymbol (/usr/share/code/resources/app/extensions/node_modules/typescript/lib/tsserver.js:75266:33)
    at getImport (/usr/share/code/resources/app/extensions/node_modules/typescript/lib/tsserver.js:75241:38)
    at Object.getImportOrExportSymbol (/usr/share/code/resources/app/extensions/node_modules/typescript/lib/tsserver.js:75165:68)
    at getImportOrExportReferences (/usr/share/code/resources/app/extensions/node_modules/typescript/lib/tsserver.js:76033:56)
    at getReferencesAtLocation (/usr/share/code/resources/app/extensions/node_modules/typescript/lib/tsserver.js:75976:17)
    at getReferencesInContainer (/usr/share/code/resources/app/extensions/node_modules/typescript/lib/tsserver.js:75928:21)
    at getReferencedSymbolsForSymbol (/usr/share/code/resources/app/extensions/node_modules/typescript/lib/tsserver.js:75629:25)
    at Object.getReferencedSymbolsForNode (/usr/share/code/resources/app/extensions/node_modules/typescript/lib/tsserver.js:75554:57)
    at Object.getReferenceEntriesForNode (/usr/share/code/resources/app/extensions/node_modules/typescript/lib/tsserver.js:75395:58)
    at getSemanticDocumentHighlights (/usr/share/code/resources/app/extensions/node_modules/typescript/lib/tsserver.js:74344:57)
    at Object.getDocumentHighlights (/usr/share/code/resources/app/extensions/node_modules/typescript/lib/tsserver.js:74332:20)
    at getDocumentHighlights (/usr/share/code/resources/app/extensions/node_modules/typescript/lib/tsserver.js:90205:42)
    at Object.getOccurrencesAtPosition (/usr/share/code/resources/app/extensions/node_modules/typescript/lib/tsserver.js:90192:31)
    at IOSession.Session.getOccurrences (/usr/share/code/resources/app/extensions/node_modules/typescript/lib/tsserver.js:96285:64)
    at Session.handlers.ts.createMapFromTemplate._a.(anonymous function) (/usr/share/code/resources/app/extensions/node_modules/typescript/lib/tsserver.js:95865:61)
    at /usr/share/code/resources/app/extensions/node_modules/typescript/lib/tsserver.js:97230:88
    at IOSession.Session.executeWithRequestId (/usr/share/code/resources/app/extensions/node_modules/typescript/lib/tsserver.js:97221:28)
    at IOSession.Session.executeCommand (/usr/share/code/resources/app/extensions/node_modules/typescript/lib/tsserver.js:97230:33)
    at IOSession.Session.onMessage (/usr/share/code/resources/app/extensions/node_modules/typescript/lib/tsserver.js:97250:35)
    at Interface.<anonymous> (/usr/share/code/resources/app/extensions/node_modules/typescript/lib/tsserver.js:98456:27)
    at emitOne (events.js:96:13)
    at Interface.emit (events.js:191:7)
    at Interface._onLine (readline.js:241:10)
    at Interface._normalWrite (readline.js:384:12)
    at Socket.ondata (readline.js:101:10)
    at emitOne (events.js:96:13)
    at Socket.emit (events.js:191:7)
    at readableAddChunk (_stream_readable.js:178:18)
    at Socket.Readable.push (_stream_readable.js:136:10)
    at Pipe.onread (net.js:560:20)
[Error  - 11:39:03] 'occurrences' request failed with error.
Error processing request. Debug Failure. False expression.
Error: Debug Failure. False expression.
    at Object.assertDefined (/usr/share/code/resources/app/extensions/node_modules/typescript/lib/tsserver.js:3805:13)
    at getExportEqualsLocalSymbol (/usr/share/code/resources/app/extensions/node_modules/typescript/lib/tsserver.js:75266:33)
    at getImport (/usr/share/code/resources/app/extensions/node_modules/typescript/lib/tsserver.js:75241:38)
    at Object.getImportOrExportSymbol (/usr/share/code/resources/app/extensions/node_modules/typescript/lib/tsserver.js:75165:68)
    at getImportOrExportReferences (/usr/share/code/resources/app/extensions/node_modules/typescript/lib/tsserver.js:76033:56)
    at getReferencesAtLocation (/usr/share/code/resources/app/extensions/node_modules/typescript/lib/tsserver.js:75976:17)
    at getReferencesInContainer (/usr/share/code/resources/app/extensions/node_modules/typescript/lib/tsserver.js:75928:21)
    at getReferencedSymbolsForSymbol (/usr/share/code/resources/app/extensions/node_modules/typescript/lib/tsserver.js:75629:25)
    at Object.getReferencedSymbolsForNode (/usr/share/code/resources/app/extensions/node_modules/typescript/lib/tsserver.js:75554:57)
    at Object.getReferenceEntriesForNode (/usr/share/code/resources/app/extensions/node_modules/typescript/lib/tsserver.js:75395:58)
    at getSemanticDocumentHighlights (/usr/share/code/resources/app/extensions/node_modules/typescript/lib/tsserver.js:74344:57)
    at Object.getDocumentHighlights (/usr/share/code/resources/app/extensions/node_modules/typescript/lib/tsserver.js:74332:20)
    at getDocumentHighlights (/usr/share/code/resources/app/extensions/node_modules/typescript/lib/tsserver.js:90205:42)
    at Object.getOccurrencesAtPosition (/usr/share/code/resources/app/extensions/node_modules/typescript/lib/tsserver.js:90192:31)
    at IOSession.Session.getOccurrences (/usr/share/code/resources/app/extensions/node_modules/typescript/lib/tsserver.js:96285:64)
    at Session.handlers.ts.createMapFromTemplate._a.(anonymous function) (/usr/share/code/resources/app/extensions/node_modules/typescript/lib/tsserver.js:95865:61)
    at /usr/share/code/resources/app/extensions/node_modules/typescript/lib/tsserver.js:97230:88
    at IOSession.Session.executeWithRequestId (/usr/share/code/resources/app/extensions/node_modules/typescript/lib/tsserver.js:97221:28)
    at IOSession.Session.executeCommand (/usr/share/code/resources/app/extensions/node_modules/typescript/lib/tsserver.js:97230:33)
    at IOSession.Session.onMessage (/usr/share/code/resources/app/extensions/node_modules/typescript/lib/tsserver.js:97250:35)
    at Interface.<anonymous> (/usr/share/code/resources/app/extensions/node_modules/typescript/lib/tsserver.js:98456:27)
    at emitOne (events.js:96:13)
    at Interface.emit (events.js:191:7)
    at Interface._onLine (readline.js:241:10)
    at Interface._normalWrite (readline.js:384:12)
    at Socket.ondata (readline.js:101:10)
    at emitOne (events.js:96:13)
    at Socket.emit (events.js:191:7)
    at readableAddChunk (_stream_readable.js:178:18)
    at Socket.Readable.push (_stream_readable.js:136:10)
    at Pipe.onread (net.js:560:20)
[Error  - 11:40:06] 'occurrences' request failed with error.
Error processing request. Debug Failure. False expression.
Error: Debug Failure. False expression.
    at Object.assertDefined (/usr/share/code/resources/app/extensions/node_modules/typescript/lib/tsserver.js:3805:13)
    at getExportEqualsLocalSymbol (/usr/share/code/resources/app/extensions/node_modules/typescript/lib/tsserver.js:75266:33)
    at getImport (/usr/share/code/resources/app/extensions/node_modules/typescript/lib/tsserver.js:75241:38)
    at Object.getImportOrExportSymbol (/usr/share/code/resources/app/extensions/node_modules/typescript/lib/tsserver.js:75165:68)
    at getImportOrExportReferences (/usr/share/code/resources/app/extensions/node_modules/typescript/lib/tsserver.js:76033:56)
    at getReferencesAtLocation (/usr/share/code/resources/app/extensions/node_modules/typescript/lib/tsserver.js:75976:17)
    at getReferencesInContainer (/usr/share/code/resources/app/extensions/node_modules/typescript/lib/tsserver.js:75928:21)
    at getReferencedSymbolsForSymbol (/usr/share/code/resources/app/extensions/node_modules/typescript/lib/tsserver.js:75629:25)
    at Object.getReferencedSymbolsForNode (/usr/share/code/resources/app/extensions/node_modules/typescript/lib/tsserver.js:75554:57)
    at Object.getReferenceEntriesForNode (/usr/share/code/resources/app/extensions/node_modules/typescript/lib/tsserver.js:75395:58)
    at getSemanticDocumentHighlights (/usr/share/code/resources/app/extensions/node_modules/typescript/lib/tsserver.js:74344:57)
    at Object.getDocumentHighlights (/usr/share/code/resources/app/extensions/node_modules/typescript/lib/tsserver.js:74332:20)
    at getDocumentHighlights (/usr/share/code/resources/app/extensions/node_modules/typescript/lib/tsserver.js:90205:42)
    at Object.getOccurrencesAtPosition (/usr/share/code/resources/app/extensions/node_modules/typescript/lib/tsserver.js:90192:31)
    at IOSession.Session.getOccurrences (/usr/share/code/resources/app/extensions/node_modules/typescript/lib/tsserver.js:96285:64)
    at Session.handlers.ts.createMapFromTemplate._a.(anonymous function) (/usr/share/code/resources/app/extensions/node_modules/typescript/lib/tsserver.js:95865:61)
    at /usr/share/code/resources/app/extensions/node_modules/typescript/lib/tsserver.js:97230:88
    at IOSession.Session.executeWithRequestId (/usr/share/code/resources/app/extensions/node_modules/typescript/lib/tsserver.js:97221:28)
    at IOSession.Session.executeCommand (/usr/share/code/resources/app/extensions/node_modules/typescript/lib/tsserver.js:97230:33)
    at IOSession.Session.onMessage (/usr/share/code/resources/app/extensions/node_modules/typescript/lib/tsserver.js:97250:35)
    at Interface.<anonymous> (/usr/share/code/resources/app/extensions/node_modules/typescript/lib/tsserver.js:98456:27)
    at emitOne (events.js:96:13)
    at Interface.emit (events.js:191:7)
    at Interface._onLine (readline.js:241:10)
    at Interface._normalWrite (readline.js:384:12)
    at Socket.ondata (readline.js:101:10)
    at emitOne (events.js:96:13)
    at Socket.emit (events.js:191:7)
    at readableAddChunk (_stream_readable.js:178:18)
    at Socket.Readable.push (_stream_readable.js:136:10)
    at Pipe.onread (net.js:560:20)
[Error  - 11:40:52] 'occurrences' request failed with error.
Error processing request. Debug Failure. False expression.
Error: Debug Failure. False expression.
    at Object.assertDefined (/usr/share/code/resources/app/extensions/node_modules/typescript/lib/tsserver.js:3805:13)
    at getExportEqualsLocalSymbol (/usr/share/code/resources/app/extensions/node_modules/typescript/lib/tsserver.js:75266:33)
    at getImport (/usr/share/code/resources/app/extensions/node_modules/typescript/lib/tsserver.js:75241:38)
    at Object.getImportOrExportSymbol (/usr/share/code/resources/app/extensions/node_modules/typescript/lib/tsserver.js:75165:68)
    at getImportOrExportReferences (/usr/share/code/resources/app/extensions/node_modules/typescript/lib/tsserver.js:76033:56)
    at getReferencesAtLocation (/usr/share/code/resources/app/extensions/node_modules/typescript/lib/tsserver.js:75976:17)
    at getReferencesInContainer (/usr/share/code/resources/app/extensions/node_modules/typescript/lib/tsserver.js:75928:21)
    at getReferencedSymbolsForSymbol (/usr/share/code/resources/app/extensions/node_modules/typescript/lib/tsserver.js:75629:25)
    at Object.getReferencedSymbolsForNode (/usr/share/code/resources/app/extensions/node_modules/typescript/lib/tsserver.js:75554:57)
    at Object.getReferenceEntriesForNode (/usr/share/code/resources/app/extensions/node_modules/typescript/lib/tsserver.js:75395:58)
    at getSemanticDocumentHighlights (/usr/share/code/resources/app/extensions/node_modules/typescript/lib/tsserver.js:74344:57)
    at Object.getDocumentHighlights (/usr/share/code/resources/app/extensions/node_modules/typescript/lib/tsserver.js:74332:20)
    at getDocumentHighlights (/usr/share/code/resources/app/extensions/node_modules/typescript/lib/tsserver.js:90205:42)
    at Object.getOccurrencesAtPosition (/usr/share/code/resources/app/extensions/node_modules/typescript/lib/tsserver.js:90192:31)
    at IOSession.Session.getOccurrences (/usr/share/code/resources/app/extensions/node_modules/typescript/lib/tsserver.js:96285:64)
    at Session.handlers.ts.createMapFromTemplate._a.(anonymous function) (/usr/share/code/resources/app/extensions/node_modules/typescript/lib/tsserver.js:95865:61)
    at /usr/share/code/resources/app/extensions/node_modules/typescript/lib/tsserver.js:97230:88
    at IOSession.Session.executeWithRequestId (/usr/share/code/resources/app/extensions/node_modules/typescript/lib/tsserver.js:97221:28)
    at IOSession.Session.executeCommand (/usr/share/code/resources/app/extensions/node_modules/typescript/lib/tsserver.js:97230:33)
    at IOSession.Session.onMessage (/usr/share/code/resources/app/extensions/node_modules/typescript/lib/tsserver.js:97250:35)
    at Interface.<anonymous> (/usr/share/code/resources/app/extensions/node_modules/typescript/lib/tsserver.js:98456:27)
    at emitOne (events.js:96:13)
    at Interface.emit (events.js:191:7)
    at Interface._onLine (readline.js:241:10)
    at Interface._normalWrite (readline.js:384:12)
    at Socket.ondata (readline.js:101:10)
    at emitOne (events.js:96:13)
    at Socket.emit (events.js:191:7)
    at readableAddChunk (_stream_readable.js:178:18)
    at Socket.Readable.push (_stream_readable.js:136:10)
    at Pipe.onread (net.js:560:20)
[Error  - 11:41:03] 'occurrences' request failed with error.
Error processing request. Debug Failure. False expression.
Error: Debug Failure. False expression.
    at Object.assertDefined (/usr/share/code/resources/app/extensions/node_modules/typescript/lib/tsserver.js:3805:13)
    at getExportEqualsLocalSymbol (/usr/share/code/resources/app/extensions/node_modules/typescript/lib/tsserver.js:75266:33)
    at getImport (/usr/share/code/resources/app/extensions/node_modules/typescript/lib/tsserver.js:75241:38)
    at Object.getImportOrExportSymbol (/usr/share/code/resources/app/extensions/node_modules/typescript/lib/tsserver.js:75165:68)
    at getImportOrExportReferences (/usr/share/code/resources/app/extensions/node_modules/typescript/lib/tsserver.js:76033:56)
    at getReferencesAtLocation (/usr/share/code/resources/app/extensions/node_modules/typescript/lib/tsserver.js:75976:17)
    at getReferencesInContainer (/usr/share/code/resources/app/extensions/node_modules/typescript/lib/tsserver.js:75928:21)
    at getReferencedSymbolsForSymbol (/usr/share/code/resources/app/extensions/node_modules/typescript/lib/tsserver.js:75629:25)
    at Object.getReferencedSymbolsForNode (/usr/share/code/resources/app/extensions/node_modules/typescript/lib/tsserver.js:75554:57)
    at Object.getReferenceEntriesForNode (/usr/share/code/resources/app/extensions/node_modules/typescript/lib/tsserver.js:75395:58)
    at getSemanticDocumentHighlights (/usr/share/code/resources/app/extensions/node_modules/typescript/lib/tsserver.js:74344:57)
    at Object.getDocumentHighlights (/usr/share/code/resources/app/extensions/node_modules/typescript/lib/tsserver.js:74332:20)
    at getDocumentHighlights (/usr/share/code/resources/app/extensions/node_modules/typescript/lib/tsserver.js:90205:42)
    at Object.getOccurrencesAtPosition (/usr/share/code/resources/app/extensions/node_modules/typescript/lib/tsserver.js:90192:31)
    at IOSession.Session.getOccurrences (/usr/share/code/resources/app/extensions/node_modules/typescript/lib/tsserver.js:96285:64)
    at Session.handlers.ts.createMapFromTemplate._a.(anonymous function) (/usr/share/code/resources/app/extensions/node_modules/typescript/lib/tsserver.js:95865:61)
    at /usr/share/code/resources/app/extensions/node_modules/typescript/lib/tsserver.js:97230:88
    at IOSession.Session.executeWithRequestId (/usr/share/code/resources/app/extensions/node_modules/typescript/lib/tsserver.js:97221:28)
    at IOSession.Session.executeCommand (/usr/share/code/resources/app/extensions/node_modules/typescript/lib/tsserver.js:97230:33)
    at IOSession.Session.onMessage (/usr/share/code/resources/app/extensions/node_modules/typescript/lib/tsserver.js:97250:35)
    at Interface.<anonymous> (/usr/share/code/resources/app/extensions/node_modules/typescript/lib/tsserver.js:98456:27)
    at emitOne (events.js:96:13)
    at Interface.emit (events.js:191:7)
    at Interface._onLine (readline.js:241:10)
    at Interface._normalWrite (readline.js:384:12)
    at Socket.ondata (readline.js:101:10)
    at emitOne (events.js:96:13)
    at Socket.emit (events.js:191:7)
    at readableAddChunk (_stream_readable.js:178:18)
    at Socket.Readable.push (_stream_readable.js:136:10)
    at Pipe.onread (net.js:560:20)
[Error  - 11:43:57] 'signatureHelp' request failed with error.
Error processing request. Cannot read property 'emitNode' of undefined
TypeError: Cannot read property 'emitNode' of undefined
    at Object.getStartsOnNewLine (/usr/share/code/resources/app/extensions/node_modules/typescript/lib/tsserver.js:47463:28)
    at shouldWriteSeparatingLineTerminator (/usr/share/code/resources/app/extensions/node_modules/typescript/lib/tsserver.js:63771:27)
    at emitNodeList (/usr/share/code/resources/app/extensions/node_modules/typescript/lib/tsserver.js:63556:29)
    at emitList (/usr/share/code/resources/app/extensions/node_modules/typescript/lib/tsserver.js:63478:13)
    at Object.writeList (/usr/share/code/resources/app/extensions/node_modules/typescript/lib/tsserver.js:61495:13)
    at /usr/share/code/resources/app/extensions/node_modules/typescript/lib/tsserver.js:79352:37
    at Object.mapToDisplayParts (/usr/share/code/resources/app/extensions/node_modules/typescript/lib/tsserver.js:71482:13)
    at /usr/share/code/resources/app/extensions/node_modules/typescript/lib/tsserver.js:79349:49
    at Object.map (/usr/share/code/resources/app/extensions/node_modules/typescript/lib/tsserver.js:1745:29)
    at createSignatureHelpItems (/usr/share/code/resources/app/extensions/node_modules/typescript/lib/tsserver.js:79326:28)
    at /usr/share/code/resources/app/extensions/node_modules/typescript/lib/tsserver.js:79133:108
    at Object.runWithCancellationToken (/usr/share/code/resources/app/extensions/node_modules/typescript/lib/tsserver.js:22976:28)
    at Object.getSignatureHelpItems (/usr/share/code/resources/app/extensions/node_modules/typescript/lib/tsserver.js:79133:32)
    at Object.getSignatureHelpItems (/usr/share/code/resources/app/extensions/node_modules/typescript/lib/tsserver.js:90247:37)
    at IOSession.Session.getSignatureHelpItems (/usr/share/code/resources/app/extensions/node_modules/typescript/lib/tsserver.js:96790:62)
    at Session.handlers.ts.createMapFromTemplate._a.(anonymous function) (/usr/share/code/resources/app/extensions/node_modules/typescript/lib/tsserver.js:95785:61)
    at /usr/share/code/resources/app/extensions/node_modules/typescript/lib/tsserver.js:97230:88
    at IOSession.Session.executeWithRequestId (/usr/share/code/resources/app/extensions/node_modules/typescript/lib/tsserver.js:97221:28)
    at IOSession.Session.executeCommand (/usr/share/code/resources/app/extensions/node_modules/typescript/lib/tsserver.js:97230:33)
    at IOSession.Session.onMessage (/usr/share/code/resources/app/extensions/node_modules/typescript/lib/tsserver.js:97250:35)
    at Interface.<anonymous> (/usr/share/code/resources/app/extensions/node_modules/typescript/lib/tsserver.js:98456:27)
    at emitOne (events.js:96:13)
    at Interface.emit (events.js:191:7)
    at Interface._onLine (readline.js:241:10)
    at Interface._normalWrite (readline.js:384:12)
    at Socket.ondata (readline.js:101:10)
    at emitOne (events.js:96:13)
    at Socket.emit (events.js:191:7)
    at readableAddChunk (_stream_readable.js:178:18)
    at Socket.Readable.push (_stream_readable.js:136:10)
    at Pipe.onread (net.js:560:20)
[Error  - 11:45:37] 'occurrences' request failed with error.
Error processing request. Debug Failure. False expression.
Error: Debug Failure. False expression.
    at Object.assertDefined (/usr/share/code/resources/app/extensions/node_modules/typescript/lib/tsserver.js:3805:13)
    at getExportEqualsLocalSymbol (/usr/share/code/resources/app/extensions/node_modules/typescript/lib/tsserver.js:75266:33)
    at getImport (/usr/share/code/resources/app/extensions/node_modules/typescript/lib/tsserver.js:75241:38)
    at Object.getImportOrExportSymbol (/usr/share/code/resources/app/extensions/node_modules/typescript/lib/tsserver.js:75165:68)
    at getImportOrExportReferences (/usr/share/code/resources/app/extensions/node_modules/typescript/lib/tsserver.js:76033:56)
    at getReferencesAtLocation (/usr/share/code/resources/app/extensions/node_modules/typescript/lib/tsserver.js:75976:17)
    at getReferencesInContainer (/usr/share/code/resources/app/extensions/node_modules/typescript/lib/tsserver.js:75928:21)
    at getReferencedSymbolsForSymbol (/usr/share/code/resources/app/extensions/node_modules/typescript/lib/tsserver.js:75629:25)
    at Object.getReferencedSymbolsForNode (/usr/share/code/resources/app/extensions/node_modules/typescript/lib/tsserver.js:75554:57)
    at Object.getReferenceEntriesForNode (/usr/share/code/resources/app/extensions/node_modules/typescript/lib/tsserver.js:75395:58)
    at getSemanticDocumentHighlights (/usr/share/code/resources/app/extensions/node_modules/typescript/lib/tsserver.js:74344:57)
    at Object.getDocumentHighlights (/usr/share/code/resources/app/extensions/node_modules/typescript/lib/tsserver.js:74332:20)
    at getDocumentHighlights (/usr/share/code/resources/app/extensions/node_modules/typescript/lib/tsserver.js:90205:42)
    at Object.getOccurrencesAtPosition (/usr/share/code/resources/app/extensions/node_modules/typescript/lib/tsserver.js:90192:31)
    at IOSession.Session.getOccurrences (/usr/share/code/resources/app/extensions/node_modules/typescript/lib/tsserver.js:96285:64)
    at Session.handlers.ts.createMapFromTemplate._a.(anonymous function) (/usr/share/code/resources/app/extensions/node_modules/typescript/lib/tsserver.js:95865:61)
    at /usr/share/code/resources/app/extensions/node_modules/typescript/lib/tsserver.js:97230:88
    at IOSession.Session.executeWithRequestId (/usr/share/code/resources/app/extensions/node_modules/typescript/lib/tsserver.js:97221:28)
    at IOSession.Session.executeCommand (/usr/share/code/resources/app/extensions/node_modules/typescript/lib/tsserver.js:97230:33)
    at IOSession.Session.onMessage (/usr/share/code/resources/app/extensions/node_modules/typescript/lib/tsserver.js:97250:35)
    at Interface.<anonymous> (/usr/share/code/resources/app/extensions/node_modules/typescript/lib/tsserver.js:98456:27)
    at emitOne (events.js:96:13)
    at Interface.emit (events.js:191:7)
    at Interface._onLine (readline.js:241:10)
    at Interface._normalWrite (readline.js:384:12)
    at Socket.ondata (readline.js:101:10)
    at emitOne (events.js:96:13)
    at Socket.emit (events.js:191:7)
    at readableAddChunk (_stream_readable.js:178:18)
    at Socket.Readable.push (_stream_readable.js:136:10)
    at Pipe.onread (net.js:560:20)
[Error  - 11:50:41] 'occurrences' request failed with error.
Error processing request. Debug Failure. False expression.
Error: Debug Failure. False expression.
    at Object.assertDefined (/usr/share/code/resources/app/extensions/node_modules/typescript/lib/tsserver.js:3805:13)
    at getExportEqualsLocalSymbol (/usr/share/code/resources/app/extensions/node_modules/typescript/lib/tsserver.js:75266:33)
    at getImport (/usr/share/code/resources/app/extensions/node_modules/typescript/lib/tsserver.js:75241:38)
    at Object.getImportOrExportSymbol (/usr/share/code/resources/app/extensions/node_modules/typescript/lib/tsserver.js:75165:68)
    at getImportOrExportReferences (/usr/share/code/resources/app/extensions/node_modules/typescript/lib/tsserver.js:76033:56)
    at getReferencesAtLocation (/usr/share/code/resources/app/extensions/node_modules/typescript/lib/tsserver.js:75976:17)
    at getReferencesInContainer (/usr/share/code/resources/app/extensions/node_modules/typescript/lib/tsserver.js:75928:21)
    at getReferencedSymbolsForSymbol (/usr/share/code/resources/app/extensions/node_modules/typescript/lib/tsserver.js:75629:25)
    at Object.getReferencedSymbolsForNode (/usr/share/code/resources/app/extensions/node_modules/typescript/lib/tsserver.js:75554:57)
    at Object.getReferenceEntriesForNode (/usr/share/code/resources/app/extensions/node_modules/typescript/lib/tsserver.js:75395:58)
    at getSemanticDocumentHighlights (/usr/share/code/resources/app/extensions/node_modules/typescript/lib/tsserver.js:74344:57)
    at Object.getDocumentHighlights (/usr/share/code/resources/app/extensions/node_modules/typescript/lib/tsserver.js:74332:20)
    at getDocumentHighlights (/usr/share/code/resources/app/extensions/node_modules/typescript/lib/tsserver.js:90205:42)
    at Object.getOccurrencesAtPosition (/usr/share/code/resources/app/extensions/node_modules/typescript/lib/tsserver.js:90192:31)
    at IOSession.Session.getOccurrences (/usr/share/code/resources/app/extensions/node_modules/typescript/lib/tsserver.js:96285:64)
    at Session.handlers.ts.createMapFromTemplate._a.(anonymous function) (/usr/share/code/resources/app/extensions/node_modules/typescript/lib/tsserver.js:95865:61)
    at /usr/share/code/resources/app/extensions/node_modules/typescript/lib/tsserver.js:97230:88
    at IOSession.Session.executeWithRequestId (/usr/share/code/resources/app/extensions/node_modules/typescript/lib/tsserver.js:97221:28)
    at IOSession.Session.executeCommand (/usr/share/code/resources/app/extensions/node_modules/typescript/lib/tsserver.js:97230:33)
    at IOSession.Session.onMessage (/usr/share/code/resources/app/extensions/node_modules/typescript/lib/tsserver.js:97250:35)
    at Interface.<anonymous> (/usr/share/code/resources/app/extensions/node_modules/typescript/lib/tsserver.js:98456:27)
    at emitOne (events.js:96:13)
    at Interface.emit (events.js:191:7)
    at Interface._onLine (readline.js:241:10)
    at Interface._normalWrite (readline.js:384:12)
    at Socket.ondata (readline.js:101:10)
    at emitOne (events.js:96:13)
    at Socket.emit (events.js:191:7)
    at readableAddChunk (_stream_readable.js:178:18)
    at Socket.Readable.push (_stream_readable.js:136:10)
    at Pipe.onread (net.js:560:20)
[Error  - 12:06:32] 'occurrences' request failed with error.
Error processing request. Debug Failure. False expression.
Error: Debug Failure. False expression.
    at Object.assertDefined (/usr/share/code/resources/app/extensions/node_modules/typescript/lib/tsserver.js:3805:13)
    at getExportEqualsLocalSymbol (/usr/share/code/resources/app/extensions/node_modules/typescript/lib/tsserver.js:75266:33)
    at getImport (/usr/share/code/resources/app/extensions/node_modules/typescript/lib/tsserver.js:75241:38)
    at Object.getImportOrExportSymbol (/usr/share/code/resources/app/extensions/node_modules/typescript/lib/tsserver.js:75165:68)
    at getImportOrExportReferences (/usr/share/code/resources/app/extensions/node_modules/typescript/lib/tsserver.js:76033:56)
    at getReferencesAtLocation (/usr/share/code/resources/app/extensions/node_modules/typescript/lib/tsserver.js:75976:17)
    at getReferencesInContainer (/usr/share/code/resources/app/extensions/node_modules/typescript/lib/tsserver.js:75928:21)
    at getReferencedSymbolsForSymbol (/usr/share/code/resources/app/extensions/node_modules/typescript/lib/tsserver.js:75629:25)
    at Object.getReferencedSymbolsForNode (/usr/share/code/resources/app/extensions/node_modules/typescript/lib/tsserver.js:75554:57)
    at Object.getReferenceEntriesForNode (/usr/share/code/resources/app/extensions/node_modules/typescript/lib/tsserver.js:75395:58)
    at getSemanticDocumentHighlights (/usr/share/code/resources/app/extensions/node_modules/typescript/lib/tsserver.js:74344:57)
    at Object.getDocumentHighlights (/usr/share/code/resources/app/extensions/node_modules/typescript/lib/tsserver.js:74332:20)
    at getDocumentHighlights (/usr/share/code/resources/app/extensions/node_modules/typescript/lib/tsserver.js:90205:42)
    at Object.getOccurrencesAtPosition (/usr/share/code/resources/app/extensions/node_modules/typescript/lib/tsserver.js:90192:31)
    at IOSession.Session.getOccurrences (/usr/share/code/resources/app/extensions/node_modules/typescript/lib/tsserver.js:96285:64)
    at Session.handlers.ts.createMapFromTemplate._a.(anonymous function) (/usr/share/code/resources/app/extensions/node_modules/typescript/lib/tsserver.js:95865:61)
    at /usr/share/code/resources/app/extensions/node_modules/typescript/lib/tsserver.js:97230:88
    at IOSession.Session.executeWithRequestId (/usr/share/code/resources/app/extensions/node_modules/typescript/lib/tsserver.js:97221:28)
    at IOSession.Session.executeCommand (/usr/share/code/resources/app/extensions/node_modules/typescript/lib/tsserver.js:97230:33)
    at IOSession.Session.onMessage (/usr/share/code/resources/app/extensions/node_modules/typescript/lib/tsserver.js:97250:35)
    at Interface.<anonymous> (/usr/share/code/resources/app/extensions/node_modules/typescript/lib/tsserver.js:98456:27)
    at emitOne (events.js:96:13)
    at Interface.emit (events.js:191:7)
    at Interface._onLine (readline.js:241:10)
    at Interface._normalWrite (readline.js:384:12)
    at Socket.ondata (readline.js:101:10)
    at emitOne (events.js:96:13)
    at Socket.emit (events.js:191:7)
    at readableAddChunk (_stream_readable.js:178:18)
    at Socket.Readable.push (_stream_readable.js:136:10)
    at Pipe.onread (net.js:560:20)
[Error  - 12:06:37] 'occurrences' request failed with error.
Error processing request. Debug Failure. False expression.
Error: Debug Failure. False expression.
    at Object.assertDefined (/usr/share/code/resources/app/extensions/node_modules/typescript/lib/tsserver.js:3805:13)
    at getExportEqualsLocalSymbol (/usr/share/code/resources/app/extensions/node_modules/typescript/lib/tsserver.js:75266:33)
    at getImport (/usr/share/code/resources/app/extensions/node_modules/typescript/lib/tsserver.js:75241:38)
    at Object.getImportOrExportSymbol (/usr/share/code/resources/app/extensions/node_modules/typescript/lib/tsserver.js:75165:68)
    at getImportOrExportReferences (/usr/share/code/resources/app/extensions/node_modules/typescript/lib/tsserver.js:76033:56)
    at getReferencesAtLocation (/usr/share/code/resources/app/extensions/node_modules/typescript/lib/tsserver.js:75976:17)
    at getReferencesInContainer (/usr/share/code/resources/app/extensions/node_modules/typescript/lib/tsserver.js:75928:21)
    at getReferencedSymbolsForSymbol (/usr/share/code/resources/app/extensions/node_modules/typescript/lib/tsserver.js:75629:25)
    at Object.getReferencedSymbolsForNode (/usr/share/code/resources/app/extensions/node_modules/typescript/lib/tsserver.js:75554:57)
    at Object.getReferenceEntriesForNode (/usr/share/code/resources/app/extensions/node_modules/typescript/lib/tsserver.js:75395:58)
    at getSemanticDocumentHighlights (/usr/share/code/resources/app/extensions/node_modules/typescript/lib/tsserver.js:74344:57)
    at Object.getDocumentHighlights (/usr/share/code/resources/app/extensions/node_modules/typescript/lib/tsserver.js:74332:20)
    at getDocumentHighlights (/usr/share/code/resources/app/extensions/node_modules/typescript/lib/tsserver.js:90205:42)
    at Object.getOccurrencesAtPosition (/usr/share/code/resources/app/extensions/node_modules/typescript/lib/tsserver.js:90192:31)
    at IOSession.Session.getOccurrences (/usr/share/code/resources/app/extensions/node_modules/typescript/lib/tsserver.js:96285:64)
    at Session.handlers.ts.createMapFromTemplate._a.(anonymous function) (/usr/share/code/resources/app/extensions/node_modules/typescript/lib/tsserver.js:95865:61)
    at /usr/share/code/resources/app/extensions/node_modules/typescript/lib/tsserver.js:97230:88
    at IOSession.Session.executeWithRequestId (/usr/share/code/resources/app/extensions/node_modules/typescript/lib/tsserver.js:97221:28)
    at IOSession.Session.executeCommand (/usr/share/code/resources/app/extensions/node_modules/typescript/lib/tsserver.js:97230:33)
    at IOSession.Session.onMessage (/usr/share/code/resources/app/extensions/node_modules/typescript/lib/tsserver.js:97250:35)
    at Interface.<anonymous> (/usr/share/code/resources/app/extensions/node_modules/typescript/lib/tsserver.js:98456:27)
    at emitOne (events.js:96:13)
    at Interface.emit (events.js:191:7)
    at Interface._onLine (readline.js:241:10)
    at Interface._normalWrite (readline.js:384:12)
    at Socket.ondata (readline.js:101:10)
    at emitOne (events.js:96:13)
    at Socket.emit (events.js:191:7)
    at readableAddChunk (_stream_readable.js:178:18)
    at Socket.Readable.push (_stream_readable.js:136:10)
    at Pipe.onread (net.js:560:20)
[Error  - 12:11:19] 'occurrences' request failed with error.
Error processing request. Debug Failure. False expression.
Error: Debug Failure. False expression.
    at Object.assertDefined (/usr/share/code/resources/app/extensions/node_modules/typescript/lib/tsserver.js:3805:13)
    at getExportEqualsLocalSymbol (/usr/share/code/resources/app/extensions/node_modules/typescript/lib/tsserver.js:75266:33)
    at getImport (/usr/share/code/resources/app/extensions/node_modules/typescript/lib/tsserver.js:75241:38)
    at Object.getImportOrExportSymbol (/usr/share/code/resources/app/extensions/node_modules/typescript/lib/tsserver.js:75165:68)
    at getImportOrExportReferences (/usr/share/code/resources/app/extensions/node_modules/typescript/lib/tsserver.js:76033:56)
    at getReferencesAtLocation (/usr/share/code/resources/app/extensions/node_modules/typescript/lib/tsserver.js:75976:17)
    at getReferencesInContainer (/usr/share/code/resources/app/extensions/node_modules/typescript/lib/tsserver.js:75928:21)
    at getReferencedSymbolsForSymbol (/usr/share/code/resources/app/extensions/node_modules/typescript/lib/tsserver.js:75629:25)
    at Object.getReferencedSymbolsForNode (/usr/share/code/resources/app/extensions/node_modules/typescript/lib/tsserver.js:75554:57)
    at Object.getReferenceEntriesForNode (/usr/share/code/resources/app/extensions/node_modules/typescript/lib/tsserver.js:75395:58)
    at getSemanticDocumentHighlights (/usr/share/code/resources/app/extensions/node_modules/typescript/lib/tsserver.js:74344:57)
    at Object.getDocumentHighlights (/usr/share/code/resources/app/extensions/node_modules/typescript/lib/tsserver.js:74332:20)
    at getDocumentHighlights (/usr/share/code/resources/app/extensions/node_modules/typescript/lib/tsserver.js:90205:42)
    at Object.getOccurrencesAtPosition (/usr/share/code/resources/app/extensions/node_modules/typescript/lib/tsserver.js:90192:31)
    at IOSession.Session.getOccurrences (/usr/share/code/resources/app/extensions/node_modules/typescript/lib/tsserver.js:96285:64)
    at Session.handlers.ts.createMapFromTemplate._a.(anonymous function) (/usr/share/code/resources/app/extensions/node_modules/typescript/lib/tsserver.js:95865:61)
    at /usr/share/code/resources/app/extensions/node_modules/typescript/lib/tsserver.js:97230:88
    at IOSession.Session.executeWithRequestId (/usr/share/code/resources/app/extensions/node_modules/typescript/lib/tsserver.js:97221:28)
    at IOSession.Session.executeCommand (/usr/share/code/resources/app/extensions/node_modules/typescript/lib/tsserver.js:97230:33)
    at IOSession.Session.onMessage (/usr/share/code/resources/app/extensions/node_modules/typescript/lib/tsserver.js:97250:35)
    at Interface.<anonymous> (/usr/share/code/resources/app/extensions/node_modules/typescript/lib/tsserver.js:98456:27)
    at emitOne (events.js:96:13)
    at Interface.emit (events.js:191:7)
    at Interface._onLine (readline.js:241:10)
    at Interface._normalWrite (readline.js:384:12)
    at Socket.ondata (readline.js:101:10)
    at emitOne (events.js:96:13)
    at Socket.emit (events.js:191:7)
    at readableAddChunk (_stream_readable.js:178:18)
    at Socket.Readable.push (_stream_readable.js:136:10)
    at Pipe.onread (net.js:560:20)
[Error  - 12:13:23] 'occurrences' request failed with error.
Error processing request. Debug Failure. False expression.
Error: Debug Failure. False expression.
    at Object.assertDefined (/usr/share/code/resources/app/extensions/node_modules/typescript/lib/tsserver.js:3805:13)
    at getExportEqualsLocalSymbol (/usr/share/code/resources/app/extensions/node_modules/typescript/lib/tsserver.js:75266:33)
    at getImport (/usr/share/code/resources/app/extensions/node_modules/typescript/lib/tsserver.js:75241:38)
    at Object.getImportOrExportSymbol (/usr/share/code/resources/app/extensions/node_modules/typescript/lib/tsserver.js:75165:68)
    at getImportOrExportReferences (/usr/share/code/resources/app/extensions/node_modules/typescript/lib/tsserver.js:76033:56)
    at getReferencesAtLocation (/usr/share/code/resources/app/extensions/node_modules/typescript/lib/tsserver.js:75976:17)
    at getReferencesInContainer (/usr/share/code/resources/app/extensions/node_modules/typescript/lib/tsserver.js:75928:21)
    at getReferencedSymbolsForSymbol (/usr/share/code/resources/app/extensions/node_modules/typescript/lib/tsserver.js:75629:25)
    at Object.getReferencedSymbolsForNode (/usr/share/code/resources/app/extensions/node_modules/typescript/lib/tsserver.js:75554:57)
    at Object.getReferenceEntriesForNode (/usr/share/code/resources/app/extensions/node_modules/typescript/lib/tsserver.js:75395:58)
    at getSemanticDocumentHighlights (/usr/share/code/resources/app/extensions/node_modules/typescript/lib/tsserver.js:74344:57)
    at Object.getDocumentHighlights (/usr/share/code/resources/app/extensions/node_modules/typescript/lib/tsserver.js:74332:20)
    at getDocumentHighlights (/usr/share/code/resources/app/extensions/node_modules/typescript/lib/tsserver.js:90205:42)
    at Object.getOccurrencesAtPosition (/usr/share/code/resources/app/extensions/node_modules/typescript/lib/tsserver.js:90192:31)
    at IOSession.Session.getOccurrences (/usr/share/code/resources/app/extensions/node_modules/typescript/lib/tsserver.js:96285:64)
    at Session.handlers.ts.createMapFromTemplate._a.(anonymous function) (/usr/share/code/resources/app/extensions/node_modules/typescript/lib/tsserver.js:95865:61)
    at /usr/share/code/resources/app/extensions/node_modules/typescript/lib/tsserver.js:97230:88
    at IOSession.Session.executeWithRequestId (/usr/share/code/resources/app/extensions/node_modules/typescript/lib/tsserver.js:97221:28)
    at IOSession.Session.executeCommand (/usr/share/code/resources/app/extensions/node_modules/typescript/lib/tsserver.js:97230:33)
    at IOSession.Session.onMessage (/usr/share/code/resources/app/extensions/node_modules/typescript/lib/tsserver.js:97250:35)
    at Interface.<anonymous> (/usr/share/code/resources/app/extensions/node_modules/typescript/lib/tsserver.js:98456:27)
    at emitOne (events.js:96:13)
    at Interface.emit (events.js:191:7)
    at Interface._onLine (readline.js:241:10)
    at Interface._normalWrite (readline.js:384:12)
    at Socket.ondata (readline.js:101:10)
    at emitOne (events.js:96:13)
    at Socket.emit (events.js:191:7)
    at readableAddChunk (_stream_readable.js:178:18)
    at Socket.Readable.push (_stream_readable.js:136:10)
    at Pipe.onread (net.js:560:20)
[Error  - 12:15:33] 'occurrences' request failed with error.
Error processing request. Debug Failure. False expression.
Error: Debug Failure. False expression.
    at Object.assertDefined (/usr/share/code/resources/app/extensions/node_modules/typescript/lib/tsserver.js:3805:13)
    at getExportEqualsLocalSymbol (/usr/share/code/resources/app/extensions/node_modules/typescript/lib/tsserver.js:75266:33)
    at getImport (/usr/share/code/resources/app/extensions/node_modules/typescript/lib/tsserver.js:75241:38)
    at Object.getImportOrExportSymbol (/usr/share/code/resources/app/extensions/node_modules/typescript/lib/tsserver.js:75165:68)
    at getImportOrExportReferences (/usr/share/code/resources/app/extensions/node_modules/typescript/lib/tsserver.js:76033:56)
    at getReferencesAtLocation (/usr/share/code/resources/app/extensions/node_modules/typescript/lib/tsserver.js:75976:17)
    at getReferencesInContainer (/usr/share/code/resources/app/extensions/node_modules/typescript/lib/tsserver.js:75928:21)
    at getReferencedSymbolsForSymbol (/usr/share/code/resources/app/extensions/node_modules/typescript/lib/tsserver.js:75629:25)
    at Object.getReferencedSymbolsForNode (/usr/share/code/resources/app/extensions/node_modules/typescript/lib/tsserver.js:75554:57)
    at Object.getReferenceEntriesForNode (/usr/share/code/resources/app/extensions/node_modules/typescript/lib/tsserver.js:75395:58)
    at getSemanticDocumentHighlights (/usr/share/code/resources/app/extensions/node_modules/typescript/lib/tsserver.js:74344:57)
    at Object.getDocumentHighlights (/usr/share/code/resources/app/extensions/node_modules/typescript/lib/tsserver.js:74332:20)
    at getDocumentHighlights (/usr/share/code/resources/app/extensions/node_modules/typescript/lib/tsserver.js:90205:42)
    at Object.getOccurrencesAtPosition (/usr/share/code/resources/app/extensions/node_modules/typescript/lib/tsserver.js:90192:31)
    at IOSession.Session.getOccurrences (/usr/share/code/resources/app/extensions/node_modules/typescript/lib/tsserver.js:96285:64)
    at Session.handlers.ts.createMapFromTemplate._a.(anonymous function) (/usr/share/code/resources/app/extensions/node_modules/typescript/lib/tsserver.js:95865:61)
    at /usr/share/code/resources/app/extensions/node_modules/typescript/lib/tsserver.js:97230:88
    at IOSession.Session.executeWithRequestId (/usr/share/code/resources/app/extensions/node_modules/typescript/lib/tsserver.js:97221:28)
    at IOSession.Session.executeCommand (/usr/share/code/resources/app/extensions/node_modules/typescript/lib/tsserver.js:97230:33)
    at IOSession.Session.onMessage (/usr/share/code/resources/app/extensions/node_modules/typescript/lib/tsserver.js:97250:35)
    at Interface.<anonymous> (/usr/share/code/resources/app/extensions/node_modules/typescript/lib/tsserver.js:98456:27)
    at emitOne (events.js:96:13)
    at Interface.emit (events.js:191:7)
    at Interface._onLine (readline.js:241:10)
    at Interface._normalWrite (readline.js:384:12)
    at Socket.ondata (readline.js:101:10)
    at emitOne (events.js:96:13)
    at Socket.emit (events.js:191:7)
    at readableAddChunk (_stream_readable.js:178:18)
    at Socket.Readable.push (_stream_readable.js:136:10)
    at Pipe.onread (net.js:560:20)
[Error  - 12:15:51] 'occurrences' request failed with error.
Error processing request. Debug Failure. False expression.
Error: Debug Failure. False expression.
    at Object.assertDefined (/usr/share/code/resources/app/extensions/node_modules/typescript/lib/tsserver.js:3805:13)
    at getExportEqualsLocalSymbol (/usr/share/code/resources/app/extensions/node_modules/typescript/lib/tsserver.js:75266:33)
    at getImport (/usr/share/code/resources/app/extensions/node_modules/typescript/lib/tsserver.js:75241:38)
    at Object.getImportOrExportSymbol (/usr/share/code/resources/app/extensions/node_modules/typescript/lib/tsserver.js:75165:68)
    at getImportOrExportReferences (/usr/share/code/resources/app/extensions/node_modules/typescript/lib/tsserver.js:76033:56)
    at getReferencesAtLocation (/usr/share/code/resources/app/extensions/node_modules/typescript/lib/tsserver.js:75976:17)
    at getReferencesInContainer (/usr/share/code/resources/app/extensions/node_modules/typescript/lib/tsserver.js:75928:21)
    at getReferencedSymbolsForSymbol (/usr/share/code/resources/app/extensions/node_modules/typescript/lib/tsserver.js:75629:25)
    at Object.getReferencedSymbolsForNode (/usr/share/code/resources/app/extensions/node_modules/typescript/lib/tsserver.js:75554:57)
    at Object.getReferenceEntriesForNode (/usr/share/code/resources/app/extensions/node_modules/typescript/lib/tsserver.js:75395:58)
    at getSemanticDocumentHighlights (/usr/share/code/resources/app/extensions/node_modules/typescript/lib/tsserver.js:74344:57)
    at Object.getDocumentHighlights (/usr/share/code/resources/app/extensions/node_modules/typescript/lib/tsserver.js:74332:20)
    at getDocumentHighlights (/usr/share/code/resources/app/extensions/node_modules/typescript/lib/tsserver.js:90205:42)
    at Object.getOccurrencesAtPosition (/usr/share/code/resources/app/extensions/node_modules/typescript/lib/tsserver.js:90192:31)
    at IOSession.Session.getOccurrences (/usr/share/code/resources/app/extensions/node_modules/typescript/lib/tsserver.js:96285:64)
    at Session.handlers.ts.createMapFromTemplate._a.(anonymous function) (/usr/share/code/resources/app/extensions/node_modules/typescript/lib/tsserver.js:95865:61)
    at /usr/share/code/resources/app/extensions/node_modules/typescript/lib/tsserver.js:97230:88
    at IOSession.Session.executeWithRequestId (/usr/share/code/resources/app/extensions/node_modules/typescript/lib/tsserver.js:97221:28)
    at IOSession.Session.executeCommand (/usr/share/code/resources/app/extensions/node_modules/typescript/lib/tsserver.js:97230:33)
    at IOSession.Session.onMessage (/usr/share/code/resources/app/extensions/node_modules/typescript/lib/tsserver.js:97250:35)
    at Interface.<anonymous> (/usr/share/code/resources/app/extensions/node_modules/typescript/lib/tsserver.js:98456:27)
    at emitOne (events.js:96:13)
    at Interface.emit (events.js:191:7)
    at Interface._onLine (readline.js:241:10)
    at Interface._normalWrite (readline.js:384:12)
    at Socket.ondata (readline.js:101:10)
    at emitOne (events.js:96:13)
    at Socket.emit (events.js:191:7)
    at readableAddChunk (_stream_readable.js:178:18)
    at Socket.Readable.push (_stream_readable.js:136:10)
    at Pipe.onread (net.js:560:20)
[Error  - 12:16:05] 'occurrences' request failed with error.
Error processing request. Debug Failure. False expression.
Error: Debug Failure. False expression.
    at Object.assertDefined (/usr/share/code/resources/app/extensions/node_modules/typescript/lib/tsserver.js:3805:13)
    at getExportEqualsLocalSymbol (/usr/share/code/resources/app/extensions/node_modules/typescript/lib/tsserver.js:75266:33)
    at getImport (/usr/share/code/resources/app/extensions/node_modules/typescript/lib/tsserver.js:75241:38)
    at Object.getImportOrExportSymbol (/usr/share/code/resources/app/extensions/node_modules/typescript/lib/tsserver.js:75165:68)
    at getImportOrExportReferences (/usr/share/code/resources/app/extensions/node_modules/typescript/lib/tsserver.js:76033:56)
    at getReferencesAtLocation (/usr/share/code/resources/app/extensions/node_modules/typescript/lib/tsserver.js:75976:17)
    at getReferencesInContainer (/usr/share/code/resources/app/extensions/node_modules/typescript/lib/tsserver.js:75928:21)
    at getReferencedSymbolsForSymbol (/usr/share/code/resources/app/extensions/node_modules/typescript/lib/tsserver.js:75629:25)
    at Object.getReferencedSymbolsForNode (/usr/share/code/resources/app/extensions/node_modules/typescript/lib/tsserver.js:75554:57)
    at Object.getReferenceEntriesForNode (/usr/share/code/resources/app/extensions/node_modules/typescript/lib/tsserver.js:75395:58)
    at getSemanticDocumentHighlights (/usr/share/code/resources/app/extensions/node_modules/typescript/lib/tsserver.js:74344:57)
    at Object.getDocumentHighlights (/usr/share/code/resources/app/extensions/node_modules/typescript/lib/tsserver.js:74332:20)
    at getDocumentHighlights (/usr/share/code/resources/app/extensions/node_modules/typescript/lib/tsserver.js:90205:42)
    at Object.getOccurrencesAtPosition (/usr/share/code/resources/app/extensions/node_modules/typescript/lib/tsserver.js:90192:31)
    at IOSession.Session.getOccurrences (/usr/share/code/resources/app/extensions/node_modules/typescript/lib/tsserver.js:96285:64)
    at Session.handlers.ts.createMapFromTemplate._a.(anonymous function) (/usr/share/code/resources/app/extensions/node_modules/typescript/lib/tsserver.js:95865:61)
    at /usr/share/code/resources/app/extensions/node_modules/typescript/lib/tsserver.js:97230:88
    at IOSession.Session.executeWithRequestId (/usr/share/code/resources/app/extensions/node_modules/typescript/lib/tsserver.js:97221:28)
    at IOSession.Session.executeCommand (/usr/share/code/resources/app/extensions/node_modules/typescript/lib/tsserver.js:97230:33)
    at IOSession.Session.onMessage (/usr/share/code/resources/app/extensions/node_modules/typescript/lib/tsserver.js:97250:35)
    at Interface.<anonymous> (/usr/share/code/resources/app/extensions/node_modules/typescript/lib/tsserver.js:98456:27)
    at emitOne (events.js:96:13)
    at Interface.emit (events.js:191:7)
    at Interface._onLine (readline.js:241:10)
    at Interface._normalWrite (readline.js:384:12)
    at Socket.ondata (readline.js:101:10)
    at emitOne (events.js:96:13)
    at Socket.emit (events.js:191:7)
    at readableAddChunk (_stream_readable.js:178:18)
    at Socket.Readable.push (_stream_readable.js:136:10)
    at Pipe.onread (net.js:560:20)
[Error  - 12:31:54] 'occurrences' request failed with error.
Error processing request. Debug Failure. False expression.
Error: Debug Failure. False expression.
    at Object.assertDefined (/usr/share/code/resources/app/extensions/node_modules/typescript/lib/tsserver.js:3805:13)
    at getExportEqualsLocalSymbol (/usr/share/code/resources/app/extensions/node_modules/typescript/lib/tsserver.js:75266:33)
    at getImport (/usr/share/code/resources/app/extensions/node_modules/typescript/lib/tsserver.js:75241:38)
    at Object.getImportOrExportSymbol (/usr/share/code/resources/app/extensions/node_modules/typescript/lib/tsserver.js:75165:68)
    at getImportOrExportReferences (/usr/share/code/resources/app/extensions/node_modules/typescript/lib/tsserver.js:76033:56)
    at getReferencesAtLocation (/usr/share/code/resources/app/extensions/node_modules/typescript/lib/tsserver.js:75976:17)
    at getReferencesInContainer (/usr/share/code/resources/app/extensions/node_modules/typescript/lib/tsserver.js:75928:21)
    at getReferencedSymbolsForSymbol (/usr/share/code/resources/app/extensions/node_modules/typescript/lib/tsserver.js:75629:25)
    at Object.getReferencedSymbolsForNode (/usr/share/code/resources/app/extensions/node_modules/typescript/lib/tsserver.js:75554:57)
    at Object.getReferenceEntriesForNode (/usr/share/code/resources/app/extensions/node_modules/typescript/lib/tsserver.js:75395:58)
    at getSemanticDocumentHighlights (/usr/share/code/resources/app/extensions/node_modules/typescript/lib/tsserver.js:74344:57)
    at Object.getDocumentHighlights (/usr/share/code/resources/app/extensions/node_modules/typescript/lib/tsserver.js:74332:20)
    at getDocumentHighlights (/usr/share/code/resources/app/extensions/node_modules/typescript/lib/tsserver.js:90205:42)
    at Object.getOccurrencesAtPosition (/usr/share/code/resources/app/extensions/node_modules/typescript/lib/tsserver.js:90192:31)
    at IOSession.Session.getOccurrences (/usr/share/code/resources/app/extensions/node_modules/typescript/lib/tsserver.js:96285:64)
    at Session.handlers.ts.createMapFromTemplate._a.(anonymous function) (/usr/share/code/resources/app/extensions/node_modules/typescript/lib/tsserver.js:95865:61)
    at /usr/share/code/resources/app/extensions/node_modules/typescript/lib/tsserver.js:97230:88
    at IOSession.Session.executeWithRequestId (/usr/share/code/resources/app/extensions/node_modules/typescript/lib/tsserver.js:97221:28)
    at IOSession.Session.executeCommand (/usr/share/code/resources/app/extensions/node_modules/typescript/lib/tsserver.js:97230:33)
    at IOSession.Session.onMessage (/usr/share/code/resources/app/extensions/node_modules/typescript/lib/tsserver.js:97250:35)
    at Interface.<anonymous> (/usr/share/code/resources/app/extensions/node_modules/typescript/lib/tsserver.js:98456:27)
    at emitOne (events.js:96:13)
    at Interface.emit (events.js:191:7)
    at Interface._onLine (readline.js:241:10)
    at Interface._normalWrite (readline.js:384:12)
    at Socket.ondata (readline.js:101:10)
    at emitOne (events.js:96:13)
    at Socket.emit (events.js:191:7)
    at readableAddChunk (_stream_readable.js:178:18)
    at Socket.Readable.push (_stream_readable.js:136:10)
    at Pipe.onread (net.js:560:20)
[Error  - 12:35:40] 'signatureHelp' request failed with error.
Error processing request. Cannot read property 'emitNode' of undefined
TypeError: Cannot read property 'emitNode' of undefined
    at Object.getStartsOnNewLine (/usr/share/code/resources/app/extensions/node_modules/typescript/lib/tsserver.js:47463:28)
    at shouldWriteSeparatingLineTerminator (/usr/share/code/resources/app/extensions/node_modules/typescript/lib/tsserver.js:63771:27)
    at emitNodeList (/usr/share/code/resources/app/extensions/node_modules/typescript/lib/tsserver.js:63556:29)
    at emitList (/usr/share/code/resources/app/extensions/node_modules/typescript/lib/tsserver.js:63478:13)
    at Object.writeList (/usr/share/code/resources/app/extensions/node_modules/typescript/lib/tsserver.js:61495:13)
    at /usr/share/code/resources/app/extensions/node_modules/typescript/lib/tsserver.js:79352:37
    at Object.mapToDisplayParts (/usr/share/code/resources/app/extensions/node_modules/typescript/lib/tsserver.js:71482:13)
    at /usr/share/code/resources/app/extensions/node_modules/typescript/lib/tsserver.js:79349:49
    at Object.map (/usr/share/code/resources/app/extensions/node_modules/typescript/lib/tsserver.js:1745:29)
    at createSignatureHelpItems (/usr/share/code/resources/app/extensions/node_modules/typescript/lib/tsserver.js:79326:28)
    at /usr/share/code/resources/app/extensions/node_modules/typescript/lib/tsserver.js:79133:108
    at Object.runWithCancellationToken (/usr/share/code/resources/app/extensions/node_modules/typescript/lib/tsserver.js:22976:28)
    at Object.getSignatureHelpItems (/usr/share/code/resources/app/extensions/node_modules/typescript/lib/tsserver.js:79133:32)
    at Object.getSignatureHelpItems (/usr/share/code/resources/app/extensions/node_modules/typescript/lib/tsserver.js:90247:37)
    at IOSession.Session.getSignatureHelpItems (/usr/share/code/resources/app/extensions/node_modules/typescript/lib/tsserver.js:96790:62)
    at Session.handlers.ts.createMapFromTemplate._a.(anonymous function) (/usr/share/code/resources/app/extensions/node_modules/typescript/lib/tsserver.js:95785:61)
    at /usr/share/code/resources/app/extensions/node_modules/typescript/lib/tsserver.js:97230:88
    at IOSession.Session.executeWithRequestId (/usr/share/code/resources/app/extensions/node_modules/typescript/lib/tsserver.js:97221:28)
    at IOSession.Session.executeCommand (/usr/share/code/resources/app/extensions/node_modules/typescript/lib/tsserver.js:97230:33)
    at IOSession.Session.onMessage (/usr/share/code/resources/app/extensions/node_modules/typescript/lib/tsserver.js:97250:35)
    at Interface.<anonymous> (/usr/share/code/resources/app/extensions/node_modules/typescript/lib/tsserver.js:98456:27)
    at emitOne (events.js:96:13)
    at Interface.emit (events.js:191:7)
    at Interface._onLine (readline.js:241:10)
    at Interface._normalWrite (readline.js:384:12)
    at Socket.ondata (readline.js:101:10)
    at emitOne (events.js:96:13)
    at Socket.emit (events.js:191:7)
    at readableAddChunk (_stream_readable.js:178:18)
    at Socket.Readable.push (_stream_readable.js:136:10)
    at Pipe.onread (net.js:560:20)
[Error  - 12:35:41] 'signatureHelp' request failed with error.
Error processing request. Cannot read property 'emitNode' of undefined
TypeError: Cannot read property 'emitNode' of undefined
    at Object.getStartsOnNewLine (/usr/share/code/resources/app/extensions/node_modules/typescript/lib/tsserver.js:47463:28)
    at shouldWriteSeparatingLineTerminator (/usr/share/code/resources/app/extensions/node_modules/typescript/lib/tsserver.js:63771:27)
    at emitNodeList (/usr/share/code/resources/app/extensions/node_modules/typescript/lib/tsserver.js:63556:29)
    at emitList (/usr/share/code/resources/app/extensions/node_modules/typescript/lib/tsserver.js:63478:13)
    at Object.writeList (/usr/share/code/resources/app/extensions/node_modules/typescript/lib/tsserver.js:61495:13)
    at /usr/share/code/resources/app/extensions/node_modules/typescript/lib/tsserver.js:79352:37
    at Object.mapToDisplayParts (/usr/share/code/resources/app/extensions/node_modules/typescript/lib/tsserver.js:71482:13)
    at /usr/share/code/resources/app/extensions/node_modules/typescript/lib/tsserver.js:79349:49
    at Object.map (/usr/share/code/resources/app/extensions/node_modules/typescript/lib/tsserver.js:1745:29)
    at createSignatureHelpItems (/usr/share/code/resources/app/extensions/node_modules/typescript/lib/tsserver.js:79326:28)
    at /usr/share/code/resources/app/extensions/node_modules/typescript/lib/tsserver.js:79133:108
    at Object.runWithCancellationToken (/usr/share/code/resources/app/extensions/node_modules/typescript/lib/tsserver.js:22976:28)
    at Object.getSignatureHelpItems (/usr/share/code/resources/app/extensions/node_modules/typescript/lib/tsserver.js:79133:32)
    at Object.getSignatureHelpItems (/usr/share/code/resources/app/extensions/node_modules/typescript/lib/tsserver.js:90247:37)
    at IOSession.Session.getSignatureHelpItems (/usr/share/code/resources/app/extensions/node_modules/typescript/lib/tsserver.js:96790:62)
    at Session.handlers.ts.createMapFromTemplate._a.(anonymous function) (/usr/share/code/resources/app/extensions/node_modules/typescript/lib/tsserver.js:95785:61)
    at /usr/share/code/resources/app/extensions/node_modules/typescript/lib/tsserver.js:97230:88
    at IOSession.Session.executeWithRequestId (/usr/share/code/resources/app/extensions/node_modules/typescript/lib/tsserver.js:97221:28)
    at IOSession.Session.executeCommand (/usr/share/code/resources/app/extensions/node_modules/typescript/lib/tsserver.js:97230:33)
    at IOSession.Session.onMessage (/usr/share/code/resources/app/extensions/node_modules/typescript/lib/tsserver.js:97250:35)
    at Interface.<anonymous> (/usr/share/code/resources/app/extensions/node_modules/typescript/lib/tsserver.js:98456:27)
    at emitOne (events.js:96:13)
    at Interface.emit (events.js:191:7)
    at Interface._onLine (readline.js:241:10)
    at Interface._normalWrite (readline.js:384:12)
    at Socket.ondata (readline.js:101:10)
    at emitOne (events.js:96:13)
    at Socket.emit (events.js:191:7)
    at readableAddChunk (_stream_readable.js:178:18)
    at Socket.Readable.push (_stream_readable.js:136:10)
    at Pipe.onread (net.js:560:20)
[Error  - 12:35:41] 'signatureHelp' request failed with error.
Error processing request. Cannot read property 'emitNode' of undefined
TypeError: Cannot read property 'emitNode' of undefined
    at Object.getStartsOnNewLine (/usr/share/code/resources/app/extensions/node_modules/typescript/lib/tsserver.js:47463:28)
    at shouldWriteSeparatingLineTerminator (/usr/share/code/resources/app/extensions/node_modules/typescript/lib/tsserver.js:63771:27)
    at emitNodeList (/usr/share/code/resources/app/extensions/node_modules/typescript/lib/tsserver.js:63556:29)
    at emitList (/usr/share/code/resources/app/extensions/node_modules/typescript/lib/tsserver.js:63478:13)
    at Object.writeList (/usr/share/code/resources/app/extensions/node_modules/typescript/lib/tsserver.js:61495:13)
    at /usr/share/code/resources/app/extensions/node_modules/typescript/lib/tsserver.js:79352:37
    at Object.mapToDisplayParts (/usr/share/code/resources/app/extensions/node_modules/typescript/lib/tsserver.js:71482:13)
    at /usr/share/code/resources/app/extensions/node_modules/typescript/lib/tsserver.js:79349:49
    at Object.map (/usr/share/code/resources/app/extensions/node_modules/typescript/lib/tsserver.js:1745:29)
    at createSignatureHelpItems (/usr/share/code/resources/app/extensions/node_modules/typescript/lib/tsserver.js:79326:28)
    at /usr/share/code/resources/app/extensions/node_modules/typescript/lib/tsserver.js:79133:108
    at Object.runWithCancellationToken (/usr/share/code/resources/app/extensions/node_modules/typescript/lib/tsserver.js:22976:28)
    at Object.getSignatureHelpItems (/usr/share/code/resources/app/extensions/node_modules/typescript/lib/tsserver.js:79133:32)
    at Object.getSignatureHelpItems (/usr/share/code/resources/app/extensions/node_modules/typescript/lib/tsserver.js:90247:37)
    at IOSession.Session.getSignatureHelpItems (/usr/share/code/resources/app/extensions/node_modules/typescript/lib/tsserver.js:96790:62)
    at Session.handlers.ts.createMapFromTemplate._a.(anonymous function) (/usr/share/code/resources/app/extensions/node_modules/typescript/lib/tsserver.js:95785:61)
    at /usr/share/code/resources/app/extensions/node_modules/typescript/lib/tsserver.js:97230:88
    at IOSession.Session.executeWithRequestId (/usr/share/code/resources/app/extensions/node_modules/typescript/lib/tsserver.js:97221:28)
    at IOSession.Session.executeCommand (/usr/share/code/resources/app/extensions/node_modules/typescript/lib/tsserver.js:97230:33)
    at IOSession.Session.onMessage (/usr/share/code/resources/app/extensions/node_modules/typescript/lib/tsserver.js:97250:35)
    at Interface.<anonymous> (/usr/share/code/resources/app/extensions/node_modules/typescript/lib/tsserver.js:98456:27)
    at emitOne (events.js:96:13)
    at Interface.emit (events.js:191:7)
    at Interface._onLine (readline.js:241:10)
    at Interface._normalWrite (readline.js:384:12)
    at Socket.ondata (readline.js:101:10)
    at emitOne (events.js:96:13)
    at Socket.emit (events.js:191:7)
    at readableAddChunk (_stream_readable.js:178:18)
    at Socket.Readable.push (_stream_readable.js:136:10)
    at Pipe.onread (net.js:560:20)
[Error  - 12:36:17] 'signatureHelp' request failed with error.
Error processing request. Cannot read property 'emitNode' of undefined
TypeError: Cannot read property 'emitNode' of undefined
    at Object.getStartsOnNewLine (/usr/share/code/resources/app/extensions/node_modules/typescript/lib/tsserver.js:47463:28)
    at shouldWriteSeparatingLineTerminator (/usr/share/code/resources/app/extensions/node_modules/typescript/lib/tsserver.js:63771:27)
    at emitNodeList (/usr/share/code/resources/app/extensions/node_modules/typescript/lib/tsserver.js:63556:29)
    at emitList (/usr/share/code/resources/app/extensions/node_modules/typescript/lib/tsserver.js:63478:13)
    at Object.writeList (/usr/share/code/resources/app/extensions/node_modules/typescript/lib/tsserver.js:61495:13)
    at /usr/share/code/resources/app/extensions/node_modules/typescript/lib/tsserver.js:79352:37
    at Object.mapToDisplayParts (/usr/share/code/resources/app/extensions/node_modules/typescript/lib/tsserver.js:71482:13)
    at /usr/share/code/resources/app/extensions/node_modules/typescript/lib/tsserver.js:79349:49
    at Object.map (/usr/share/code/resources/app/extensions/node_modules/typescript/lib/tsserver.js:1745:29)
    at createSignatureHelpItems (/usr/share/code/resources/app/extensions/node_modules/typescript/lib/tsserver.js:79326:28)
    at /usr/share/code/resources/app/extensions/node_modules/typescript/lib/tsserver.js:79133:108
    at Object.runWithCancellationToken (/usr/share/code/resources/app/extensions/node_modules/typescript/lib/tsserver.js:22976:28)
    at Object.getSignatureHelpItems (/usr/share/code/resources/app/extensions/node_modules/typescript/lib/tsserver.js:79133:32)
    at Object.getSignatureHelpItems (/usr/share/code/resources/app/extensions/node_modules/typescript/lib/tsserver.js:90247:37)
    at IOSession.Session.getSignatureHelpItems (/usr/share/code/resources/app/extensions/node_modules/typescript/lib/tsserver.js:96790:62)
    at Session.handlers.ts.createMapFromTemplate._a.(anonymous function) (/usr/share/code/resources/app/extensions/node_modules/typescript/lib/tsserver.js:95785:61)
    at /usr/share/code/resources/app/extensions/node_modules/typescript/lib/tsserver.js:97230:88
    at IOSession.Session.executeWithRequestId (/usr/share/code/resources/app/extensions/node_modules/typescript/lib/tsserver.js:97221:28)
    at IOSession.Session.executeCommand (/usr/share/code/resources/app/extensions/node_modules/typescript/lib/tsserver.js:97230:33)
    at IOSession.Session.onMessage (/usr/share/code/resources/app/extensions/node_modules/typescript/lib/tsserver.js:97250:35)
    at Interface.<anonymous> (/usr/share/code/resources/app/extensions/node_modules/typescript/lib/tsserver.js:98456:27)
    at emitOne (events.js:96:13)
    at Interface.emit (events.js:191:7)
    at Interface._onLine (readline.js:241:10)
    at Interface._normalWrite (readline.js:384:12)
    at Socket.ondata (readline.js:101:10)
    at emitOne (events.js:96:13)
    at Socket.emit (events.js:191:7)
    at readableAddChunk (_stream_readable.js:178:18)
    at Socket.Readable.push (_stream_readable.js:136:10)
    at Pipe.onread (net.js:560:20)
[Error  - 12:36:19] 'signatureHelp' request failed with error.
Error processing request. Cannot read property 'emitNode' of undefined
TypeError: Cannot read property 'emitNode' of undefined
    at Object.getStartsOnNewLine (/usr/share/code/resources/app/extensions/node_modules/typescript/lib/tsserver.js:47463:28)
    at shouldWriteSeparatingLineTerminator (/usr/share/code/resources/app/extensions/node_modules/typescript/lib/tsserver.js:63771:27)
    at emitNodeList (/usr/share/code/resources/app/extensions/node_modules/typescript/lib/tsserver.js:63556:29)
    at emitList (/usr/share/code/resources/app/extensions/node_modules/typescript/lib/tsserver.js:63478:13)
    at Object.writeList (/usr/share/code/resources/app/extensions/node_modules/typescript/lib/tsserver.js:61495:13)
    at /usr/share/code/resources/app/extensions/node_modules/typescript/lib/tsserver.js:79352:37
    at Object.mapToDisplayParts (/usr/share/code/resources/app/extensions/node_modules/typescript/lib/tsserver.js:71482:13)
    at /usr/share/code/resources/app/extensions/node_modules/typescript/lib/tsserver.js:79349:49
    at Object.map (/usr/share/code/resources/app/extensions/node_modules/typescript/lib/tsserver.js:1745:29)
    at createSignatureHelpItems (/usr/share/code/resources/app/extensions/node_modules/typescript/lib/tsserver.js:79326:28)
    at /usr/share/code/resources/app/extensions/node_modules/typescript/lib/tsserver.js:79133:108
    at Object.runWithCancellationToken (/usr/share/code/resources/app/extensions/node_modules/typescript/lib/tsserver.js:22976:28)
    at Object.getSignatureHelpItems (/usr/share/code/resources/app/extensions/node_modules/typescript/lib/tsserver.js:79133:32)
    at Object.getSignatureHelpItems (/usr/share/code/resources/app/extensions/node_modules/typescript/lib/tsserver.js:90247:37)
    at IOSession.Session.getSignatureHelpItems (/usr/share/code/resources/app/extensions/node_modules/typescript/lib/tsserver.js:96790:62)
    at Session.handlers.ts.createMapFromTemplate._a.(anonymous function) (/usr/share/code/resources/app/extensions/node_modules/typescript/lib/tsserver.js:95785:61)
    at /usr/share/code/resources/app/extensions/node_modules/typescript/lib/tsserver.js:97230:88
    at IOSession.Session.executeWithRequestId (/usr/share/code/resources/app/extensions/node_modules/typescript/lib/tsserver.js:97221:28)
    at IOSession.Session.executeCommand (/usr/share/code/resources/app/extensions/node_modules/typescript/lib/tsserver.js:97230:33)
    at IOSession.Session.onMessage (/usr/share/code/resources/app/extensions/node_modules/typescript/lib/tsserver.js:97250:35)
    at Interface.<anonymous> (/usr/share/code/resources/app/extensions/node_modules/typescript/lib/tsserver.js:98456:27)
    at emitOne (events.js:96:13)
    at Interface.emit (events.js:191:7)
    at Interface._onLine (readline.js:241:10)
    at Interface._normalWrite (readline.js:384:12)
    at Socket.ondata (readline.js:101:10)
    at emitOne (events.js:96:13)
    at Socket.emit (events.js:191:7)
    at readableAddChunk (_stream_readable.js:178:18)
    at Socket.Readable.push (_stream_readable.js:136:10)
    at Pipe.onread (net.js:560:20)
[Error  - 12:36:20] 'signatureHelp' request failed with error.
Error processing request. Cannot read property 'emitNode' of undefined
TypeError: Cannot read property 'emitNode' of undefined
    at Object.getStartsOnNewLine (/usr/share/code/resources/app/extensions/node_modules/typescript/lib/tsserver.js:47463:28)
    at shouldWriteSeparatingLineTerminator (/usr/share/code/resources/app/extensions/node_modules/typescript/lib/tsserver.js:63771:27)
    at emitNodeList (/usr/share/code/resources/app/extensions/node_modules/typescript/lib/tsserver.js:63556:29)
    at emitList (/usr/share/code/resources/app/extensions/node_modules/typescript/lib/tsserver.js:63478:13)
    at Object.writeList (/usr/share/code/resources/app/extensions/node_modules/typescript/lib/tsserver.js:61495:13)
    at /usr/share/code/resources/app/extensions/node_modules/typescript/lib/tsserver.js:79352:37
    at Object.mapToDisplayParts (/usr/share/code/resources/app/extensions/node_modules/typescript/lib/tsserver.js:71482:13)
    at /usr/share/code/resources/app/extensions/node_modules/typescript/lib/tsserver.js:79349:49
    at Object.map (/usr/share/code/resources/app/extensions/node_modules/typescript/lib/tsserver.js:1745:29)
    at createSignatureHelpItems (/usr/share/code/resources/app/extensions/node_modules/typescript/lib/tsserver.js:79326:28)
    at /usr/share/code/resources/app/extensions/node_modules/typescript/lib/tsserver.js:79133:108
    at Object.runWithCancellationToken (/usr/share/code/resources/app/extensions/node_modules/typescript/lib/tsserver.js:22976:28)
    at Object.getSignatureHelpItems (/usr/share/code/resources/app/extensions/node_modules/typescript/lib/tsserver.js:79133:32)
    at Object.getSignatureHelpItems (/usr/share/code/resources/app/extensions/node_modules/typescript/lib/tsserver.js:90247:37)
    at IOSession.Session.getSignatureHelpItems (/usr/share/code/resources/app/extensions/node_modules/typescript/lib/tsserver.js:96790:62)
    at Session.handlers.ts.createMapFromTemplate._a.(anonymous function) (/usr/share/code/resources/app/extensions/node_modules/typescript/lib/tsserver.js:95785:61)
    at /usr/share/code/resources/app/extensions/node_modules/typescript/lib/tsserver.js:97230:88
    at IOSession.Session.executeWithRequestId (/usr/share/code/resources/app/extensions/node_modules/typescript/lib/tsserver.js:97221:28)
    at IOSession.Session.executeCommand (/usr/share/code/resources/app/extensions/node_modules/typescript/lib/tsserver.js:97230:33)
    at IOSession.Session.onMessage (/usr/share/code/resources/app/extensions/node_modules/typescript/lib/tsserver.js:97250:35)
    at Interface.<anonymous> (/usr/share/code/resources/app/extensions/node_modules/typescript/lib/tsserver.js:98456:27)
    at emitOne (events.js:96:13)
    at Interface.emit (events.js:191:7)
    at Interface._onLine (readline.js:241:10)
    at Interface._normalWrite (readline.js:384:12)
    at Socket.ondata (readline.js:101:10)
    at emitOne (events.js:96:13)
    at Socket.emit (events.js:191:7)
    at readableAddChunk (_stream_readable.js:178:18)
    at Socket.Readable.push (_stream_readable.js:136:10)
    at Pipe.onread (net.js:560:20)
[Error  - 15:18:07] 'occurrences' request failed with error.
Error processing request. Debug Failure. False expression.
Error: Debug Failure. False expression.
    at Object.assertDefined (/usr/share/code/resources/app/extensions/node_modules/typescript/lib/tsserver.js:3805:13)
    at getExportEqualsLocalSymbol (/usr/share/code/resources/app/extensions/node_modules/typescript/lib/tsserver.js:75266:33)
    at getImport (/usr/share/code/resources/app/extensions/node_modules/typescript/lib/tsserver.js:75241:38)
    at Object.getImportOrExportSymbol (/usr/share/code/resources/app/extensions/node_modules/typescript/lib/tsserver.js:75165:68)
    at getImportOrExportReferences (/usr/share/code/resources/app/extensions/node_modules/typescript/lib/tsserver.js:76033:56)
    at getReferencesAtLocation (/usr/share/code/resources/app/extensions/node_modules/typescript/lib/tsserver.js:75976:17)
    at getReferencesInContainer (/usr/share/code/resources/app/extensions/node_modules/typescript/lib/tsserver.js:75928:21)
    at getReferencedSymbolsForSymbol (/usr/share/code/resources/app/extensions/node_modules/typescript/lib/tsserver.js:75629:25)
    at Object.getReferencedSymbolsForNode (/usr/share/code/resources/app/extensions/node_modules/typescript/lib/tsserver.js:75554:57)
    at Object.getReferenceEntriesForNode (/usr/share/code/resources/app/extensions/node_modules/typescript/lib/tsserver.js:75395:58)
    at getSemanticDocumentHighlights (/usr/share/code/resources/app/extensions/node_modules/typescript/lib/tsserver.js:74344:57)
    at Object.getDocumentHighlights (/usr/share/code/resources/app/extensions/node_modules/typescript/lib/tsserver.js:74332:20)
    at getDocumentHighlights (/usr/share/code/resources/app/extensions/node_modules/typescript/lib/tsserver.js:90205:42)
    at Object.getOccurrencesAtPosition (/usr/share/code/resources/app/extensions/node_modules/typescript/lib/tsserver.js:90192:31)
    at IOSession.Session.getOccurrences (/usr/share/code/resources/app/extensions/node_modules/typescript/lib/tsserver.js:96285:64)
    at Session.handlers.ts.createMapFromTemplate._a.(anonymous function) (/usr/share/code/resources/app/extensions/node_modules/typescript/lib/tsserver.js:95865:61)
    at /usr/share/code/resources/app/extensions/node_modules/typescript/lib/tsserver.js:97230:88
    at IOSession.Session.executeWithRequestId (/usr/share/code/resources/app/extensions/node_modules/typescript/lib/tsserver.js:97221:28)
    at IOSession.Session.executeCommand (/usr/share/code/resources/app/extensions/node_modules/typescript/lib/tsserver.js:97230:33)
    at IOSession.Session.onMessage (/usr/share/code/resources/app/extensions/node_modules/typescript/lib/tsserver.js:97250:35)
    at Interface.<anonymous> (/usr/share/code/resources/app/extensions/node_modules/typescript/lib/tsserver.js:98456:27)
    at emitOne (events.js:96:13)
    at Interface.emit (events.js:191:7)
    at Interface._onLine (readline.js:241:10)
    at Interface._normalWrite (readline.js:384:12)
    at Socket.ondata (readline.js:101:10)
    at emitOne (events.js:96:13)
    at Socket.emit (events.js:191:7)
    at readableAddChunk (_stream_readable.js:178:18)
    at Socket.Readable.push (_stream_readable.js:136:10)
    at Pipe.onread (net.js:560:20)
